2018-03-10 18:17:38.819 [restartedMain] INFO  o.s.c.a.AnnotationConfigApplicationContext -Refreshing org.springframework.context.annotation.AnnotationConfigApplicationContext@1adcc1ef: startup date [Sat Mar 10 18:17:38 CST 2018]; root of context hierarchy
2018-03-10 18:17:40.026 [restartedMain] INFO  o.s.b.f.a.AutowiredAnnotationBeanPostProcessor -JSR-330 'javax.inject.Inject' annotation found and supported for autowiring
2018-03-10 18:17:40.211 [restartedMain] INFO  o.s.c.s.PostProcessorRegistrationDelegate$BeanPostProcessorChecker -Bean 'configurationPropertiesRebinderAutoConfiguration' of type [org.springframework.cloud.autoconfigure.ConfigurationPropertiesRebinderAutoConfiguration$$EnhancerBySpringCGLIB$$75b7d05d] is not eligible for getting processed by all BeanPostProcessors (for example: not eligible for auto-proxying)
2018-03-10 18:17:42.361 [restartedMain] INFO  o.s.c.c.c.ConfigServicePropertySourceLocator -Fetching config from server at: http://localhost:8888
2018-03-10 18:17:43.558 [restartedMain] WARN  o.s.c.c.c.ConfigServicePropertySourceLocator -Could not locate PropertySource: I/O error on GET request for "http://localhost:8888/microcloud-provider-dept/default": Connection refused: connect; nested exception is java.net.ConnectException: Connection refused: connect
2018-03-10 18:17:43.563 [restartedMain] INFO  c.c.m.Dept_8003_StartSpringCloudApplication -No active profile set, falling back to default profiles: default
2018-03-10 18:17:43.594 [restartedMain] INFO  o.s.b.c.e.AnnotationConfigEmbeddedWebApplicationContext -Refreshing org.springframework.boot.context.embedded.AnnotationConfigEmbeddedWebApplicationContext@54e22ad: startup date [Sat Mar 10 18:17:43 CST 2018]; parent: org.springframework.context.annotation.AnnotationConfigApplicationContext@1adcc1ef
2018-03-10 18:17:49.323 [restartedMain] INFO  o.s.cloud.context.scope.GenericScope -BeanFactory id=e3537bbc-439e-3dfe-9473-1742367ca9fa
2018-03-10 18:17:49.356 [restartedMain] INFO  o.s.b.f.a.AutowiredAnnotationBeanPostProcessor -JSR-330 'javax.inject.Inject' annotation found and supported for autowiring
2018-03-10 18:17:49.530 [restartedMain] INFO  o.s.c.s.PostProcessorRegistrationDelegate$BeanPostProcessorChecker -Bean 'org.springframework.cloud.netflix.metrics.MetricsInterceptorConfiguration$MetricsRestTemplateConfiguration' of type [org.springframework.cloud.netflix.metrics.MetricsInterceptorConfiguration$MetricsRestTemplateConfiguration$$EnhancerBySpringCGLIB$$8bca73a1] is not eligible for getting processed by all BeanPostProcessors (for example: not eligible for auto-proxying)
2018-03-10 18:17:49.553 [restartedMain] INFO  o.s.c.s.PostProcessorRegistrationDelegate$BeanPostProcessorChecker -Bean 'org.springframework.transaction.annotation.ProxyTransactionManagementConfiguration' of type [org.springframework.transaction.annotation.ProxyTransactionManagementConfiguration$$EnhancerBySpringCGLIB$$599dcd60] is not eligible for getting processed by all BeanPostProcessors (for example: not eligible for auto-proxying)
2018-03-10 18:17:49.652 [restartedMain] INFO  o.s.c.s.PostProcessorRegistrationDelegate$BeanPostProcessorChecker -Bean 'org.springframework.cloud.autoconfigure.ConfigurationPropertiesRebinderAutoConfiguration' of type [org.springframework.cloud.autoconfigure.ConfigurationPropertiesRebinderAutoConfiguration$$EnhancerBySpringCGLIB$$75b7d05d] is not eligible for getting processed by all BeanPostProcessors (for example: not eligible for auto-proxying)
2018-03-10 18:17:49.949 [restartedMain] INFO  org.eclipse.jetty.util.log -Logging initialized @17678ms to org.eclipse.jetty.util.log.Slf4jLog
2018-03-10 18:17:50.643 [restartedMain] INFO  o.s.b.c.e.j.JettyEmbeddedServletContainerFactory -Server initialized with port: 8003
2018-03-10 18:17:50.647 [restartedMain] INFO  org.eclipse.jetty.server.Server -jetty-9.4.5.v20170502
2018-03-10 18:17:50.851 [restartedMain] INFO  org.eclipse.jetty.server.session -DefaultSessionIdManager workerName=node0
2018-03-10 18:17:50.851 [restartedMain] INFO  org.eclipse.jetty.server.session -No SessionScavenger set, using defaults
2018-03-10 18:17:50.855 [restartedMain] INFO  org.eclipse.jetty.server.session -Scavenging every 600000ms
2018-03-10 18:17:50.864 [restartedMain] INFO  o.e.j.s.h.ContextHandler.application -Initializing Spring embedded WebApplicationContext
2018-03-10 18:17:50.866 [restartedMain] INFO  o.s.web.context.ContextLoader -Root WebApplicationContext: initialization completed in 7272 ms
2018-03-10 18:17:51.863 [restartedMain] INFO  o.s.b.w.s.FilterRegistrationBean -Mapping filter: 'metricsFilter' to: [/*]
2018-03-10 18:17:51.866 [restartedMain] INFO  o.s.b.w.s.FilterRegistrationBean -Mapping filter: 'characterEncodingFilter' to: [/*]
2018-03-10 18:17:51.867 [restartedMain] INFO  o.s.b.w.s.FilterRegistrationBean -Mapping filter: 'hiddenHttpMethodFilter' to: [/*]
2018-03-10 18:17:51.868 [restartedMain] INFO  o.s.b.w.s.FilterRegistrationBean -Mapping filter: 'httpPutFormContentFilter' to: [/*]
2018-03-10 18:17:51.869 [restartedMain] INFO  o.s.b.w.s.FilterRegistrationBean -Mapping filter: 'requestContextFilter' to: [/*]
2018-03-10 18:17:51.872 [restartedMain] INFO  o.s.b.w.s.DelegatingFilterProxyRegistrationBean -Mapping filter: 'springSecurityFilterChain' to: [/*]
2018-03-10 18:17:51.902 [restartedMain] INFO  o.s.b.w.s.FilterRegistrationBean -Mapping filter: 'webRequestLoggingFilter' to: [/*]
2018-03-10 18:17:51.905 [restartedMain] INFO  o.s.b.w.s.FilterRegistrationBean -Mapping filter: 'applicationContextIdFilter' to: [/*]
2018-03-10 18:17:51.912 [restartedMain] INFO  o.s.b.w.s.ServletRegistrationBean -Mapping servlet: 'dispatcherServlet' to [/]
2018-03-10 18:17:52.648 [restartedMain] INFO  o.e.j.server.handler.ContextHandler -Started o.s.b.c.e.j.JettyEmbeddedWebAppContext@186c05c3{/,[file:///C:/Users/admin/AppData/Local/Temp/jetty-docbase.6200480150065597475.8003/],AVAILABLE}
2018-03-10 18:17:52.650 [restartedMain] INFO  org.eclipse.jetty.server.Server -Started @20380ms
2018-03-10 18:17:56.244 [restartedMain] INFO  o.s.s.web.DefaultSecurityFilterChain -Creating filter chain: org.springframework.security.web.util.matcher.AnyRequestMatcher@1, [org.springframework.security.web.context.request.async.WebAsyncManagerIntegrationFilter@2d460c80, org.springframework.security.web.context.SecurityContextPersistenceFilter@485a36e3, org.springframework.security.web.header.HeaderWriterFilter@21877ea2, org.springframework.security.web.csrf.CsrfFilter@4c9579cb, org.springframework.security.web.authentication.logout.LogoutFilter@2f91c676, org.springframework.security.web.authentication.www.BasicAuthenticationFilter@630587de, org.springframework.security.web.savedrequest.RequestCacheAwareFilter@35fe215, org.springframework.security.web.servletapi.SecurityContextHolderAwareRequestFilter@4630dce7, org.springframework.security.web.authentication.AnonymousAuthenticationFilter@a0be46d, org.springframework.security.web.session.SessionManagementFilter@5e75f368, org.springframework.security.web.access.ExceptionTranslationFilter@3a21290b, org.springframework.security.web.access.intercept.FilterSecurityInterceptor@150ab6c4]
2018-03-10 18:17:56.261 [restartedMain] INFO  o.s.s.web.DefaultSecurityFilterChain -Creating filter chain: org.springframework.boot.actuate.autoconfigure.ManagementWebSecurityAutoConfiguration$LazyEndpointPathRequestMatcher@a44bc28, [org.springframework.security.web.context.request.async.WebAsyncManagerIntegrationFilter@12f2f7e1, org.springframework.security.web.context.SecurityContextPersistenceFilter@41ad1042, org.springframework.security.web.header.HeaderWriterFilter@3c48d135, org.springframework.security.web.authentication.logout.LogoutFilter@3a64f804, org.springframework.security.web.authentication.www.BasicAuthenticationFilter@20f0bd65, org.springframework.security.web.savedrequest.RequestCacheAwareFilter@2205b204, org.springframework.security.web.servletapi.SecurityContextHolderAwareRequestFilter@58be1e08, org.springframework.security.web.authentication.AnonymousAuthenticationFilter@21f9f69f, org.springframework.security.web.session.SessionManagementFilter@7712b55e, org.springframework.security.web.access.ExceptionTranslationFilter@78c36102, org.springframework.security.web.access.intercept.FilterSecurityInterceptor@3420e31b]
2018-03-10 18:17:56.917 [restartedMain] INFO  o.s.w.s.m.m.a.RequestMappingHandlerAdapter -Looking for @ControllerAdvice: org.springframework.boot.context.embedded.AnnotationConfigEmbeddedWebApplicationContext@54e22ad: startup date [Sat Mar 10 18:17:43 CST 2018]; parent: org.springframework.context.annotation.AnnotationConfigApplicationContext@1adcc1ef
2018-03-10 18:17:57.170 [restartedMain] INFO  o.s.w.s.m.m.a.RequestMappingHandlerMapping -Mapped "{[/dept/discover]}" onto public java.lang.Object com.caxins.microcloud.rest.DeptRest.discover(javax.servlet.http.HttpServletRequest)
2018-03-10 18:17:57.173 [restartedMain] INFO  o.s.w.s.m.m.a.RequestMappingHandlerMapping -Mapped "{[/dept/list],methods=[GET]}" onto public java.lang.Object com.caxins.microcloud.rest.DeptRest.getList()
2018-03-10 18:17:57.174 [restartedMain] INFO  o.s.w.s.m.m.a.RequestMappingHandlerMapping -Mapped "{[/dept/add],methods=[GET]}" onto public java.lang.Object com.caxins.microcloud.rest.DeptRest.addDept(com.caxins.vo.Dept)
2018-03-10 18:17:57.176 [restartedMain] INFO  o.s.w.s.m.m.a.RequestMappingHandlerMapping -Mapped "{[/dept/get/{id}],methods=[GET]}" onto public java.lang.Object com.caxins.microcloud.rest.DeptRest.getDept(long)
2018-03-10 18:17:57.177 [restartedMain] INFO  o.s.w.s.m.m.a.RequestMappingHandlerMapping -Mapped "{[/dept/sessionId]}" onto public java.lang.Object com.caxins.microcloud.rest.DeptRest.getSessionId(javax.servlet.http.HttpServletRequest)
2018-03-10 18:17:57.183 [restartedMain] INFO  o.s.w.s.m.m.a.RequestMappingHandlerMapping -Mapped "{[/error]}" onto public org.springframework.http.ResponseEntity<java.util.Map<java.lang.String, java.lang.Object>> org.springframework.boot.autoconfigure.web.BasicErrorController.error(javax.servlet.http.HttpServletRequest)
2018-03-10 18:17:57.186 [restartedMain] INFO  o.s.w.s.m.m.a.RequestMappingHandlerMapping -Mapped "{[/error],produces=[text/html]}" onto public org.springframework.web.servlet.ModelAndView org.springframework.boot.autoconfigure.web.BasicErrorController.errorHtml(javax.servlet.http.HttpServletRequest,javax.servlet.http.HttpServletResponse)
2018-03-10 18:17:57.282 [restartedMain] INFO  o.s.w.s.h.SimpleUrlHandlerMapping -Mapped URL path [/webjars/**] onto handler of type [class org.springframework.web.servlet.resource.ResourceHttpRequestHandler]
2018-03-10 18:17:57.283 [restartedMain] INFO  o.s.w.s.h.SimpleUrlHandlerMapping -Mapped URL path [/**] onto handler of type [class org.springframework.web.servlet.resource.ResourceHttpRequestHandler]
2018-03-10 18:17:57.466 [restartedMain] INFO  o.s.w.s.h.SimpleUrlHandlerMapping -Mapped URL path [/**/favicon.ico] onto handler of type [class org.springframework.web.servlet.resource.ResourceHttpRequestHandler]
2018-03-10 18:18:00.799 [restartedMain] INFO  o.s.b.a.e.mvc.EndpointHandlerMapping -Mapped "{[/refresh || /refresh.json],methods=[POST]}" onto public java.lang.Object org.springframework.cloud.endpoint.GenericPostableMvcEndpoint.invoke()
2018-03-10 18:18:00.808 [restartedMain] INFO  o.s.b.a.e.mvc.EndpointHandlerMapping -Mapped "{[/restart || /restart.json],methods=[POST]}" onto public java.lang.Object org.springframework.cloud.context.restart.RestartMvcEndpoint.invoke()
2018-03-10 18:18:00.818 [restartedMain] INFO  o.s.b.a.e.mvc.EndpointHandlerMapping -Mapped "{[/features || /features.json],methods=[GET],produces=[application/vnd.spring-boot.actuator.v1+json || application/json]}" onto public java.lang.Object org.springframework.boot.actuate.endpoint.mvc.EndpointMvcAdapter.invoke()
2018-03-10 18:18:00.831 [restartedMain] INFO  o.s.b.a.e.mvc.EndpointHandlerMapping -Mapped "{[/health || /health.json],methods=[GET],produces=[application/vnd.spring-boot.actuator.v1+json || application/json]}" onto public java.lang.Object org.springframework.boot.actuate.endpoint.mvc.HealthMvcEndpoint.invoke(javax.servlet.http.HttpServletRequest,java.security.Principal)
2018-03-10 18:18:00.838 [restartedMain] INFO  o.s.b.a.e.mvc.EndpointHandlerMapping -Mapped "{[/loggers/{name:.*}],methods=[GET],produces=[application/vnd.spring-boot.actuator.v1+json || application/json]}" onto public java.lang.Object org.springframework.boot.actuate.endpoint.mvc.LoggersMvcEndpoint.get(java.lang.String)
2018-03-10 18:18:00.861 [restartedMain] INFO  o.s.b.a.e.mvc.EndpointHandlerMapping -Mapped "{[/loggers/{name:.*}],methods=[POST],consumes=[application/vnd.spring-boot.actuator.v1+json || application/json],produces=[application/vnd.spring-boot.actuator.v1+json || application/json]}" onto public java.lang.Object org.springframework.boot.actuate.endpoint.mvc.LoggersMvcEndpoint.set(java.lang.String,java.util.Map<java.lang.String, java.lang.String>)
2018-03-10 18:18:00.875 [restartedMain] INFO  o.s.b.a.e.mvc.EndpointHandlerMapping -Mapped "{[/loggers || /loggers.json],methods=[GET],produces=[application/vnd.spring-boot.actuator.v1+json || application/json]}" onto public java.lang.Object org.springframework.boot.actuate.endpoint.mvc.EndpointMvcAdapter.invoke()
2018-03-10 18:18:00.880 [restartedMain] INFO  o.s.b.a.e.mvc.EndpointHandlerMapping -Mapped "{[/auditevents || /auditevents.json],methods=[GET],produces=[application/vnd.spring-boot.actuator.v1+json || application/json]}" onto public org.springframework.http.ResponseEntity<?> org.springframework.boot.actuate.endpoint.mvc.AuditEventsMvcEndpoint.findByPrincipalAndAfterAndType(java.lang.String,java.util.Date,java.lang.String)
2018-03-10 18:18:00.891 [restartedMain] INFO  o.s.b.a.e.mvc.EndpointHandlerMapping -Mapped "{[/mappings || /mappings.json],methods=[GET],produces=[application/vnd.spring-boot.actuator.v1+json || application/json]}" onto public java.lang.Object org.springframework.boot.actuate.endpoint.mvc.EndpointMvcAdapter.invoke()
2018-03-10 18:18:00.895 [restartedMain] INFO  o.s.b.a.e.mvc.EndpointHandlerMapping -Mapped "{[/heapdump || /heapdump.json],methods=[GET],produces=[application/octet-stream]}" onto public void org.springframework.boot.actuate.endpoint.mvc.HeapdumpMvcEndpoint.invoke(boolean,javax.servlet.http.HttpServletRequest,javax.servlet.http.HttpServletResponse) throws java.io.IOException,javax.servlet.ServletException
2018-03-10 18:18:00.902 [restartedMain] INFO  o.s.b.a.e.mvc.EndpointHandlerMapping -Mapped "{[/metrics/{name:.*}],methods=[GET],produces=[application/vnd.spring-boot.actuator.v1+json || application/json]}" onto public java.lang.Object org.springframework.boot.actuate.endpoint.mvc.MetricsMvcEndpoint.value(java.lang.String)
2018-03-10 18:18:00.963 [restartedMain] INFO  o.s.b.a.e.mvc.EndpointHandlerMapping -Mapped "{[/metrics || /metrics.json],methods=[GET],produces=[application/vnd.spring-boot.actuator.v1+json || application/json]}" onto public java.lang.Object org.springframework.boot.actuate.endpoint.mvc.EndpointMvcAdapter.invoke()
2018-03-10 18:18:01.005 [restartedMain] INFO  o.s.b.a.e.mvc.EndpointHandlerMapping -Mapped "{[/service-registry/instance-status],methods=[GET]}" onto public org.springframework.http.ResponseEntity org.springframework.cloud.client.serviceregistry.endpoint.ServiceRegistryEndpoint.getStatus()
2018-03-10 18:18:01.006 [restartedMain] INFO  o.s.b.a.e.mvc.EndpointHandlerMapping -Mapped "{[/service-registry/instance-status],methods=[POST]}" onto public org.springframework.http.ResponseEntity<?> org.springframework.cloud.client.serviceregistry.endpoint.ServiceRegistryEndpoint.setStatus(java.lang.String)
2018-03-10 18:18:01.011 [restartedMain] INFO  o.s.b.a.e.mvc.EndpointHandlerMapping -Mapped "{[/trace || /trace.json],methods=[GET],produces=[application/vnd.spring-boot.actuator.v1+json || application/json]}" onto public java.lang.Object org.springframework.boot.actuate.endpoint.mvc.EndpointMvcAdapter.invoke()
2018-03-10 18:18:01.013 [restartedMain] INFO  o.s.b.a.e.mvc.EndpointHandlerMapping -Mapped "{[/env],methods=[POST]}" onto public java.lang.Object org.springframework.cloud.context.environment.EnvironmentManagerMvcEndpoint.value(java.util.Map<java.lang.String, java.lang.String>)
2018-03-10 18:18:01.014 [restartedMain] INFO  o.s.b.a.e.mvc.EndpointHandlerMapping -Mapped "{[/env/reset],methods=[POST]}" onto public java.util.Map<java.lang.String, java.lang.Object> org.springframework.cloud.context.environment.EnvironmentManagerMvcEndpoint.reset()
2018-03-10 18:18:01.016 [restartedMain] INFO  o.s.b.a.e.mvc.EndpointHandlerMapping -Mapped "{[/beans || /beans.json],methods=[GET],produces=[application/vnd.spring-boot.actuator.v1+json || application/json]}" onto public java.lang.Object org.springframework.boot.actuate.endpoint.mvc.EndpointMvcAdapter.invoke()
2018-03-10 18:18:01.079 [restartedMain] INFO  o.s.b.a.e.mvc.EndpointHandlerMapping -Mapped "{[/archaius || /archaius.json],methods=[GET],produces=[application/vnd.spring-boot.actuator.v1+json || application/json]}" onto public java.lang.Object org.springframework.boot.actuate.endpoint.mvc.EndpointMvcAdapter.invoke()
2018-03-10 18:18:01.091 [restartedMain] INFO  o.s.b.a.e.mvc.EndpointHandlerMapping -Mapped "{[/dump || /dump.json],methods=[GET],produces=[application/vnd.spring-boot.actuator.v1+json || application/json]}" onto public java.lang.Object org.springframework.boot.actuate.endpoint.mvc.EndpointMvcAdapter.invoke()
2018-03-10 18:18:01.096 [restartedMain] INFO  o.s.b.a.e.mvc.EndpointHandlerMapping -Mapped "{[/pause || /pause.json],methods=[POST]}" onto public java.lang.Object org.springframework.cloud.endpoint.GenericPostableMvcEndpoint.invoke()
2018-03-10 18:18:01.097 [restartedMain] INFO  o.s.b.a.e.mvc.EndpointHandlerMapping -Mapped "{[/info || /info.json],methods=[GET],produces=[application/vnd.spring-boot.actuator.v1+json || application/json]}" onto public java.lang.Object org.springframework.boot.actuate.endpoint.mvc.EndpointMvcAdapter.invoke()
2018-03-10 18:18:01.099 [restartedMain] INFO  o.s.b.a.e.mvc.EndpointHandlerMapping -Mapped "{[/configprops || /configprops.json],methods=[GET],produces=[application/vnd.spring-boot.actuator.v1+json || application/json]}" onto public java.lang.Object org.springframework.boot.actuate.endpoint.mvc.EndpointMvcAdapter.invoke()
2018-03-10 18:18:01.102 [restartedMain] INFO  o.s.b.a.e.mvc.EndpointHandlerMapping -Mapped "{[/env/{name:.*}],methods=[GET],produces=[application/vnd.spring-boot.actuator.v1+json || application/json]}" onto public java.lang.Object org.springframework.boot.actuate.endpoint.mvc.EnvironmentMvcEndpoint.value(java.lang.String)
2018-03-10 18:18:01.103 [restartedMain] INFO  o.s.b.a.e.mvc.EndpointHandlerMapping -Mapped "{[/env || /env.json],methods=[GET],produces=[application/vnd.spring-boot.actuator.v1+json || application/json]}" onto public java.lang.Object org.springframework.boot.actuate.endpoint.mvc.EndpointMvcAdapter.invoke()
2018-03-10 18:18:01.105 [restartedMain] INFO  o.s.b.a.e.mvc.EndpointHandlerMapping -Mapped "{[/autoconfig || /autoconfig.json],methods=[GET],produces=[application/vnd.spring-boot.actuator.v1+json || application/json]}" onto public java.lang.Object org.springframework.boot.actuate.endpoint.mvc.EndpointMvcAdapter.invoke()
2018-03-10 18:18:01.107 [restartedMain] INFO  o.s.b.a.e.mvc.EndpointHandlerMapping -Mapped "{[/resume || /resume.json],methods=[POST]}" onto public java.lang.Object org.springframework.cloud.endpoint.GenericPostableMvcEndpoint.invoke()
2018-03-10 18:18:01.667 [restartedMain] WARN  o.s.b.d.a.OptionalLiveReloadServer -Unable to start LiveReload server
2018-03-10 18:18:02.049 [restartedMain] WARN  c.n.c.sources.URLConfigurationSource -No URLs will be polled as dynamic configuration sources.
2018-03-10 18:18:02.070 [restartedMain] INFO  c.n.c.sources.URLConfigurationSource -To enable URLs as dynamic configuration sources, define System property archaius.configurationSource.additionalUrls or make config.properties available on classpath.
2018-03-10 18:18:02.088 [restartedMain] WARN  c.n.c.sources.URLConfigurationSource -No URLs will be polled as dynamic configuration sources.
2018-03-10 18:18:02.088 [restartedMain] INFO  c.n.c.sources.URLConfigurationSource -To enable URLs as dynamic configuration sources, define System property archaius.configurationSource.additionalUrls or make config.properties available on classpath.
2018-03-10 18:18:02.338 [restartedMain] INFO  o.s.j.e.a.AnnotationMBeanExporter -Registering beans for JMX exposure on startup
2018-03-10 18:18:02.342 [restartedMain] INFO  o.s.j.e.a.AnnotationMBeanExporter -Bean with name 'dataSource' has been autodetected for JMX exposure
2018-03-10 18:18:02.361 [restartedMain] INFO  o.s.j.e.a.AnnotationMBeanExporter -Bean with name 'environmentManager' has been autodetected for JMX exposure
2018-03-10 18:18:02.366 [restartedMain] INFO  o.s.j.e.a.AnnotationMBeanExporter -Bean with name 'configurationPropertiesRebinder' has been autodetected for JMX exposure
2018-03-10 18:18:02.369 [restartedMain] INFO  o.s.j.e.a.AnnotationMBeanExporter -Bean with name 'refreshEndpoint' has been autodetected for JMX exposure
2018-03-10 18:18:02.372 [restartedMain] INFO  o.s.j.e.a.AnnotationMBeanExporter -Bean with name 'restartEndpoint' has been autodetected for JMX exposure
2018-03-10 18:18:02.374 [restartedMain] INFO  o.s.j.e.a.AnnotationMBeanExporter -Bean with name 'serviceRegistryEndpoint' has been autodetected for JMX exposure
2018-03-10 18:18:02.377 [restartedMain] INFO  o.s.j.e.a.AnnotationMBeanExporter -Bean with name 'refreshScope' has been autodetected for JMX exposure
2018-03-10 18:18:02.383 [restartedMain] INFO  o.s.j.e.a.AnnotationMBeanExporter -Located managed bean 'environmentManager': registering with JMX server as MBean [org.springframework.cloud.context.environment:name=environmentManager,type=EnvironmentManager]
2018-03-10 18:18:02.416 [restartedMain] INFO  o.s.j.e.a.AnnotationMBeanExporter -Located managed bean 'restartEndpoint': registering with JMX server as MBean [org.springframework.cloud.context.restart:name=restartEndpoint,type=RestartEndpoint]
2018-03-10 18:18:02.450 [restartedMain] INFO  o.s.j.e.a.AnnotationMBeanExporter -Located managed bean 'serviceRegistryEndpoint': registering with JMX server as MBean [org.springframework.cloud.client.serviceregistry.endpoint:name=serviceRegistryEndpoint,type=ServiceRegistryEndpoint]
2018-03-10 18:18:02.467 [restartedMain] INFO  o.s.j.e.a.AnnotationMBeanExporter -Located managed bean 'refreshScope': registering with JMX server as MBean [org.springframework.cloud.context.scope.refresh:name=refreshScope,type=RefreshScope]
2018-03-10 18:18:02.501 [restartedMain] INFO  o.s.j.e.a.AnnotationMBeanExporter -Located managed bean 'configurationPropertiesRebinder': registering with JMX server as MBean [org.springframework.cloud.context.properties:name=configurationPropertiesRebinder,context=54e22ad,type=ConfigurationPropertiesRebinder]
2018-03-10 18:18:02.533 [restartedMain] INFO  o.s.j.e.a.AnnotationMBeanExporter -Located MBean 'dataSource': registering with JMX server as MBean [com.alibaba.druid.pool:name=dataSource,type=DruidDataSource]
2018-03-10 18:18:02.537 [restartedMain] INFO  o.s.j.e.a.AnnotationMBeanExporter -Located managed bean 'refreshEndpoint': registering with JMX server as MBean [org.springframework.cloud.endpoint:name=refreshEndpoint,type=RefreshEndpoint]
2018-03-10 18:18:03.956 [restartedMain] INFO  o.s.c.s.DefaultLifecycleProcessor -Starting beans in phase 0
2018-03-10 18:18:03.985 [restartedMain] INFO  o.s.c.n.eureka.InstanceInfoFactory -Setting initial instance status as: STARTING
2018-03-10 18:18:04.123 [restartedMain] INFO  c.netflix.discovery.DiscoveryClient -Initializing Eureka in region us-east-1
2018-03-10 18:18:04.357 [restartedMain] INFO  c.n.d.p.DiscoveryJerseyProvider -Using JSON encoding codec LegacyJacksonJson
2018-03-10 18:18:04.358 [restartedMain] INFO  c.n.d.p.DiscoveryJerseyProvider -Using JSON decoding codec LegacyJacksonJson
2018-03-10 18:18:04.633 [restartedMain] INFO  c.n.d.p.DiscoveryJerseyProvider -Using XML encoding codec XStreamXml
2018-03-10 18:18:04.633 [restartedMain] INFO  c.n.d.p.DiscoveryJerseyProvider -Using XML decoding codec XStreamXml
2018-03-10 18:18:05.201 [restartedMain] INFO  c.n.d.s.r.aws.ConfigClusterResolver -Resolving eureka endpoints via configuration
2018-03-10 18:18:05.635 [restartedMain] INFO  c.netflix.discovery.DiscoveryClient -Disable delta property : false
2018-03-10 18:18:05.636 [restartedMain] INFO  c.netflix.discovery.DiscoveryClient -Single vip registry refresh property : null
2018-03-10 18:18:05.636 [restartedMain] INFO  c.netflix.discovery.DiscoveryClient -Force full registry fetch : false
2018-03-10 18:18:05.636 [restartedMain] INFO  c.netflix.discovery.DiscoveryClient -Application is null : false
2018-03-10 18:18:05.637 [restartedMain] INFO  c.netflix.discovery.DiscoveryClient -Registered Applications size is zero : true
2018-03-10 18:18:05.638 [restartedMain] INFO  c.netflix.discovery.DiscoveryClient -Application version is -1: true
2018-03-10 18:18:05.639 [restartedMain] INFO  c.netflix.discovery.DiscoveryClient -Getting all instance registry info from the eureka server
2018-03-10 18:18:06.095 [restartedMain] INFO  c.netflix.discovery.DiscoveryClient -The response status is 200
2018-03-10 18:18:06.099 [restartedMain] INFO  c.netflix.discovery.DiscoveryClient -Starting heartbeat executor: renew interval is: 2
2018-03-10 18:18:06.109 [restartedMain] INFO  c.n.discovery.InstanceInfoReplicator -InstanceInfoReplicator onDemand update allowed rate per min is 4
2018-03-10 18:18:06.118 [restartedMain] INFO  c.netflix.discovery.DiscoveryClient -Discovery Client initialized at timestamp 1520677086117 with initial instances count: 1
2018-03-10 18:18:06.336 [restartedMain] INFO  o.s.c.n.e.s.EurekaServiceRegistry -Registering application microcloud-provider-dept with eureka with status UP
2018-03-10 18:18:06.340 [restartedMain] INFO  c.netflix.discovery.DiscoveryClient -Saw local status change event StatusChangeEvent [timestamp=1520677086340, current=UP, previous=STARTING]
2018-03-10 18:18:06.346 [DiscoveryClient-InstanceInfoReplicator-0] INFO  c.netflix.discovery.DiscoveryClient -DiscoveryClient_MICROCLOUD-PROVIDER-DEPT/dept-8003.com: registering service...
2018-03-10 18:18:06.448 [DiscoveryClient-InstanceInfoReplicator-0] INFO  c.netflix.discovery.DiscoveryClient -DiscoveryClient_MICROCLOUD-PROVIDER-DEPT/dept-8003.com - registration status: 204
2018-03-10 18:18:06.853 [restartedMain] INFO  o.e.j.s.h.ContextHandler.application -Initializing Spring FrameworkServlet 'dispatcherServlet'
2018-03-10 18:18:06.855 [restartedMain] INFO  o.s.web.servlet.DispatcherServlet -FrameworkServlet 'dispatcherServlet': initialization started
2018-03-10 18:18:06.898 [restartedMain] INFO  o.s.web.servlet.DispatcherServlet -FrameworkServlet 'dispatcherServlet': initialization completed in 43 ms
2018-03-10 18:18:06.937 [restartedMain] INFO  o.e.jetty.server.AbstractConnector -Started ServerConnector@6253647b{HTTP/1.1,[http/1.1]}{0.0.0.0:8003}
2018-03-10 18:18:06.948 [restartedMain] INFO  o.s.b.c.e.j.JettyEmbeddedServletContainer -Jetty started on port(s) 8003 (http/1.1)
2018-03-10 18:18:07.072 [restartedMain] INFO  o.s.c.n.e.s.EurekaAutoServiceRegistration -Updating port to 8003
2018-03-10 18:18:07.089 [restartedMain] INFO  c.c.m.Dept_8003_StartSpringCloudApplication -Started Dept_8003_StartSpringCloudApplication in 30.119 seconds (JVM running for 34.82)
2018-03-10 18:23:05.700 [AsyncResolver-bootstrap-executor-0] INFO  c.n.d.s.r.aws.ConfigClusterResolver -Resolving eureka endpoints via configuration
2018-03-10 18:28:05.714 [AsyncResolver-bootstrap-executor-0] INFO  c.n.d.s.r.aws.ConfigClusterResolver -Resolving eureka endpoints via configuration
2018-03-10 18:33:05.722 [AsyncResolver-bootstrap-executor-0] INFO  c.n.d.s.r.aws.ConfigClusterResolver -Resolving eureka endpoints via configuration
2018-03-10 18:38:05.743 [AsyncResolver-bootstrap-executor-0] INFO  c.n.d.s.r.aws.ConfigClusterResolver -Resolving eureka endpoints via configuration
2018-03-10 18:43:05.834 [AsyncResolver-bootstrap-executor-0] INFO  c.n.d.s.r.aws.ConfigClusterResolver -Resolving eureka endpoints via configuration
2018-03-10 18:44:16.878 [qtp765288034-27] ERROR c.alibaba.druid.pool.DruidDataSource -testWhileIdle is true, validationQuery not set
2018-03-10 18:44:16.985 [qtp765288034-27] INFO  c.alibaba.druid.pool.DruidDataSource -{dataSource-1} inited
2018-03-10 18:48:05.869 [AsyncResolver-bootstrap-executor-0] INFO  c.n.d.s.r.aws.ConfigClusterResolver -Resolving eureka endpoints via configuration
2018-03-10 18:48:06.979 [DiscoveryClient-2] ERROR c.n.discovery.TimedSupervisorTask -task supervisor timed out
java.util.concurrent.TimeoutException: null
	at java.util.concurrent.FutureTask.get(FutureTask.java:205)
	at com.netflix.discovery.TimedSupervisorTask.run(TimedSupervisorTask.java:63)
	at java.util.concurrent.Executors$RunnableAdapter.call(Executors.java:511)
	at java.util.concurrent.FutureTask.run(FutureTask.java:266)
	at java.util.concurrent.ScheduledThreadPoolExecutor$ScheduledFutureTask.access$201(ScheduledThreadPoolExecutor.java:180)
	at java.util.concurrent.ScheduledThreadPoolExecutor$ScheduledFutureTask.run(ScheduledThreadPoolExecutor.java:293)
	at java.util.concurrent.ThreadPoolExecutor.runWorker(ThreadPoolExecutor.java:1142)
	at java.util.concurrent.ThreadPoolExecutor$Worker.run(ThreadPoolExecutor.java:617)
	at java.lang.Thread.run(Thread.java:745)
2018-03-10 18:53:05.880 [AsyncResolver-bootstrap-executor-0] INFO  c.n.d.s.r.aws.ConfigClusterResolver -Resolving eureka endpoints via configuration
2018-03-10 18:58:05.892 [AsyncResolver-bootstrap-executor-0] INFO  c.n.d.s.r.aws.ConfigClusterResolver -Resolving eureka endpoints via configuration
2018-03-10 19:03:05.995 [AsyncResolver-bootstrap-executor-0] INFO  c.n.d.s.r.aws.ConfigClusterResolver -Resolving eureka endpoints via configuration
2018-03-10 19:08:06.005 [AsyncResolver-bootstrap-executor-0] INFO  c.n.d.s.r.aws.ConfigClusterResolver -Resolving eureka endpoints via configuration
2018-03-10 19:13:06.009 [AsyncResolver-bootstrap-executor-0] INFO  c.n.d.s.r.aws.ConfigClusterResolver -Resolving eureka endpoints via configuration
2018-03-10 19:18:06.029 [AsyncResolver-bootstrap-executor-0] INFO  c.n.d.s.r.aws.ConfigClusterResolver -Resolving eureka endpoints via configuration
2018-03-10 19:23:06.037 [AsyncResolver-bootstrap-executor-0] INFO  c.n.d.s.r.aws.ConfigClusterResolver -Resolving eureka endpoints via configuration
2018-03-10 19:28:06.065 [AsyncResolver-bootstrap-executor-0] INFO  c.n.d.s.r.aws.ConfigClusterResolver -Resolving eureka endpoints via configuration
2018-03-10 19:33:06.068 [AsyncResolver-bootstrap-executor-0] INFO  c.n.d.s.r.aws.ConfigClusterResolver -Resolving eureka endpoints via configuration
2018-03-10 19:38:06.078 [AsyncResolver-bootstrap-executor-0] INFO  c.n.d.s.r.aws.ConfigClusterResolver -Resolving eureka endpoints via configuration
2018-03-10 19:43:06.118 [AsyncResolver-bootstrap-executor-0] INFO  c.n.d.s.r.aws.ConfigClusterResolver -Resolving eureka endpoints via configuration
2018-03-10 19:48:06.133 [AsyncResolver-bootstrap-executor-0] INFO  c.n.d.s.r.aws.ConfigClusterResolver -Resolving eureka endpoints via configuration
2018-03-10 19:52:57.339 [Thread-2] INFO  o.s.c.a.AnnotationConfigApplicationContext -Closing org.springframework.context.annotation.AnnotationConfigApplicationContext@1adcc1ef: startup date [Sat Mar 10 18:17:38 CST 2018]; root of context hierarchy
2018-03-10 19:52:57.670 [Thread-2] INFO  o.s.b.c.e.AnnotationConfigEmbeddedWebApplicationContext -Closing org.springframework.boot.context.embedded.AnnotationConfigEmbeddedWebApplicationContext@54e22ad: startup date [Sat Mar 10 18:17:43 CST 2018]; parent: org.springframework.context.annotation.AnnotationConfigApplicationContext@1adcc1ef
2018-03-10 19:52:57.761 [Thread-2] INFO  o.s.c.n.e.s.EurekaServiceRegistry -Unregistering application microcloud-provider-dept with eureka with status DOWN
2018-03-10 19:52:57.764 [Thread-2] WARN  c.netflix.discovery.DiscoveryClient -Saw local status change event StatusChangeEvent [timestamp=1520682777763, current=DOWN, previous=UP]
2018-03-10 19:52:57.780 [DiscoveryClient-InstanceInfoReplicator-0] INFO  c.netflix.discovery.DiscoveryClient -DiscoveryClient_MICROCLOUD-PROVIDER-DEPT/dept-8003.com: registering service...
2018-03-10 19:52:57.908 [Thread-2] INFO  c.netflix.discovery.DiscoveryClient -Shutting down DiscoveryClient ...
2018-03-10 19:52:57.933 [Thread-2] INFO  c.netflix.discovery.DiscoveryClient -Unregistering ...
2018-03-10 19:52:58.166 [DiscoveryClient-InstanceInfoReplicator-0] INFO  c.netflix.discovery.DiscoveryClient -DiscoveryClient_MICROCLOUD-PROVIDER-DEPT/dept-8003.com - registration status: 204
2018-03-10 19:53:00.369 [Thread-2] INFO  c.netflix.discovery.DiscoveryClient -DiscoveryClient_MICROCLOUD-PROVIDER-DEPT/dept-8003.com - deregister  status: 200
2018-03-10 19:53:01.206 [Thread-2] INFO  c.netflix.discovery.DiscoveryClient -Completed shut down of DiscoveryClient
2018-03-10 19:53:02.833 [Thread-2] INFO  o.s.c.s.DefaultLifecycleProcessor -Stopping beans in phase 0
2018-03-10 19:53:04.116 [Thread-2] INFO  o.s.j.e.a.AnnotationMBeanExporter -Unregistering JMX-exposed beans on shutdown
2018-03-10 19:53:04.118 [Thread-2] INFO  o.s.j.e.a.AnnotationMBeanExporter -Unregistering JMX-exposed beans
2018-03-10 19:53:04.210 [Thread-2] INFO  c.alibaba.druid.pool.DruidDataSource -{dataSource-1} closed
2018-03-10 19:53:05.336 [Thread-2] INFO  o.e.jetty.server.AbstractConnector -Stopped ServerConnector@6253647b{HTTP/1.1,[http/1.1]}{0.0.0.0:8003}
2018-03-10 19:53:05.351 [Thread-2] INFO  org.eclipse.jetty.server.session -Stopped scavenging
2018-03-10 19:53:07.452 [Thread-2] INFO  o.e.j.s.h.ContextHandler.application -Destroying Spring FrameworkServlet 'dispatcherServlet'
2018-03-10 19:53:07.864 [Thread-2] INFO  o.e.j.server.handler.ContextHandler -Stopped o.s.b.c.e.j.JettyEmbeddedWebAppContext@186c05c3{/,[file:///C:/Users/admin/AppData/Local/Temp/jetty-docbase.6200480150065597475.8003/],UNAVAILABLE}
2018-03-10 19:54:03.365 [restartedMain] INFO  o.s.c.a.AnnotationConfigApplicationContext -Refreshing org.springframework.context.annotation.AnnotationConfigApplicationContext@8223af9: startup date [Sat Mar 10 19:54:03 CST 2018]; root of context hierarchy
2018-03-10 19:54:06.584 [restartedMain] INFO  o.s.b.f.a.AutowiredAnnotationBeanPostProcessor -JSR-330 'javax.inject.Inject' annotation found and supported for autowiring
2018-03-10 19:54:06.588 [restartedMain] INFO  o.s.c.s.PostProcessorRegistrationDelegate$BeanPostProcessorChecker -Bean 'configurationPropertiesRebinderAutoConfiguration' of type [org.springframework.cloud.autoconfigure.ConfigurationPropertiesRebinderAutoConfiguration$$EnhancerBySpringCGLIB$$75b7d05d] is not eligible for getting processed by all BeanPostProcessors (for example: not eligible for auto-proxying)
2018-03-10 19:54:09.171 [restartedMain] INFO  o.s.c.c.c.ConfigServicePropertySourceLocator -Fetching config from server at: http://localhost:8888
2018-03-10 19:54:10.324 [restartedMain] WARN  o.s.c.c.c.ConfigServicePropertySourceLocator -Could not locate PropertySource: I/O error on GET request for "http://localhost:8888/microcloud-provider-dept/default": Connection refused: connect; nested exception is java.net.ConnectException: Connection refused: connect
2018-03-10 19:54:10.327 [restartedMain] INFO  c.c.m.Dept_8003_StartSpringCloudApplication -No active profile set, falling back to default profiles: default
2018-03-10 19:54:10.334 [restartedMain] INFO  o.s.b.c.e.AnnotationConfigEmbeddedWebApplicationContext -Refreshing org.springframework.boot.context.embedded.AnnotationConfigEmbeddedWebApplicationContext@8d935f8: startup date [Sat Mar 10 19:54:10 CST 2018]; parent: org.springframework.context.annotation.AnnotationConfigApplicationContext@8223af9
2018-03-10 19:54:54.434 [restartedMain] INFO  o.s.cloud.context.scope.GenericScope -BeanFactory id=e3537bbc-439e-3dfe-9473-1742367ca9fa
2018-03-10 19:54:55.952 [restartedMain] INFO  o.s.b.f.a.AutowiredAnnotationBeanPostProcessor -JSR-330 'javax.inject.Inject' annotation found and supported for autowiring
2018-03-10 19:54:56.166 [restartedMain] INFO  o.s.c.s.PostProcessorRegistrationDelegate$BeanPostProcessorChecker -Bean 'org.springframework.cloud.netflix.metrics.MetricsInterceptorConfiguration$MetricsRestTemplateConfiguration' of type [org.springframework.cloud.netflix.metrics.MetricsInterceptorConfiguration$MetricsRestTemplateConfiguration$$EnhancerBySpringCGLIB$$8bca73a1] is not eligible for getting processed by all BeanPostProcessors (for example: not eligible for auto-proxying)
2018-03-10 19:54:56.691 [restartedMain] INFO  o.s.c.s.PostProcessorRegistrationDelegate$BeanPostProcessorChecker -Bean 'org.springframework.transaction.annotation.ProxyTransactionManagementConfiguration' of type [org.springframework.transaction.annotation.ProxyTransactionManagementConfiguration$$EnhancerBySpringCGLIB$$599dcd60] is not eligible for getting processed by all BeanPostProcessors (for example: not eligible for auto-proxying)
2018-03-10 19:54:56.915 [restartedMain] INFO  o.s.c.s.PostProcessorRegistrationDelegate$BeanPostProcessorChecker -Bean 'org.springframework.cloud.autoconfigure.ConfigurationPropertiesRebinderAutoConfiguration' of type [org.springframework.cloud.autoconfigure.ConfigurationPropertiesRebinderAutoConfiguration$$EnhancerBySpringCGLIB$$75b7d05d] is not eligible for getting processed by all BeanPostProcessors (for example: not eligible for auto-proxying)
2018-03-10 19:58:47.904 [restartedMain] INFO  o.s.b.c.e.j.JettyEmbeddedServletContainerFactory -Server initialized with port: 8003
2018-03-10 19:58:50.139 [restartedMain] INFO  org.eclipse.jetty.server.Server -jetty-9.4.5.v20170502
2018-03-10 19:58:53.254 [restartedMain] INFO  org.eclipse.jetty.server.session -DefaultSessionIdManager workerName=node0
2018-03-10 19:58:53.255 [restartedMain] INFO  org.eclipse.jetty.server.session -No SessionScavenger set, using defaults
2018-03-10 19:58:53.255 [restartedMain] INFO  org.eclipse.jetty.server.session -Scavenging every 600000ms
2018-03-10 19:58:53.257 [restartedMain] INFO  o.e.j.s.h.ContextHandler.application -Initializing Spring embedded WebApplicationContext
2018-03-10 19:58:53.258 [restartedMain] INFO  o.s.web.context.ContextLoader -Root WebApplicationContext: initialization completed in 282924 ms
2018-03-10 19:58:56.777 [restartedMain] INFO  o.s.b.w.s.FilterRegistrationBean -Mapping filter: 'metricsFilter' to: [/*]
2018-03-10 19:58:56.778 [restartedMain] INFO  o.s.b.w.s.FilterRegistrationBean -Mapping filter: 'characterEncodingFilter' to: [/*]
2018-03-10 19:58:56.779 [restartedMain] INFO  o.s.b.w.s.FilterRegistrationBean -Mapping filter: 'hiddenHttpMethodFilter' to: [/*]
2018-03-10 19:58:56.780 [restartedMain] INFO  o.s.b.w.s.FilterRegistrationBean -Mapping filter: 'httpPutFormContentFilter' to: [/*]
2018-03-10 19:58:56.781 [restartedMain] INFO  o.s.b.w.s.FilterRegistrationBean -Mapping filter: 'requestContextFilter' to: [/*]
2018-03-10 19:58:56.781 [restartedMain] INFO  o.s.b.w.s.DelegatingFilterProxyRegistrationBean -Mapping filter: 'springSecurityFilterChain' to: [/*]
2018-03-10 19:58:56.782 [restartedMain] INFO  o.s.b.w.s.FilterRegistrationBean -Mapping filter: 'webRequestLoggingFilter' to: [/*]
2018-03-10 19:58:56.783 [restartedMain] INFO  o.s.b.w.s.FilterRegistrationBean -Mapping filter: 'applicationContextIdFilter' to: [/*]
2018-03-10 19:58:56.783 [restartedMain] INFO  o.s.b.w.s.ServletRegistrationBean -Mapping servlet: 'dispatcherServlet' to [/]
2018-03-10 19:59:02.001 [restartedMain] INFO  o.e.j.server.handler.ContextHandler -Started o.s.b.c.e.j.JettyEmbeddedWebAppContext@1c3e6e3d{/,[file:///C:/Users/admin/AppData/Local/Temp/jetty-docbase.1692402100445013707.8003/],AVAILABLE}
2018-03-10 19:59:02.742 [restartedMain] INFO  org.eclipse.jetty.server.Server -Started @6090473ms
2018-03-10 19:59:29.436 [restartedMain] INFO  o.s.cloud.commons.util.InetUtils -Cannot determine local hostname
2018-03-10 20:00:04.896 [restartedMain] INFO  o.s.s.web.DefaultSecurityFilterChain -Creating filter chain: org.springframework.security.web.util.matcher.AnyRequestMatcher@1, [org.springframework.security.web.context.request.async.WebAsyncManagerIntegrationFilter@135478ca, org.springframework.security.web.context.SecurityContextPersistenceFilter@4541eca6, org.springframework.security.web.header.HeaderWriterFilter@7cee039d, org.springframework.security.web.csrf.CsrfFilter@7a351251, org.springframework.security.web.authentication.logout.LogoutFilter@397e1b8e, org.springframework.security.web.authentication.www.BasicAuthenticationFilter@7310f4db, org.springframework.security.web.savedrequest.RequestCacheAwareFilter@419a067, org.springframework.security.web.servletapi.SecurityContextHolderAwareRequestFilter@867b992, org.springframework.security.web.authentication.AnonymousAuthenticationFilter@73841fc0, org.springframework.security.web.session.SessionManagementFilter@1734c38b, org.springframework.security.web.access.ExceptionTranslationFilter@46f0fd34, org.springframework.security.web.access.intercept.FilterSecurityInterceptor@32f4b78a]
2018-03-10 20:00:05.243 [restartedMain] INFO  o.s.s.web.DefaultSecurityFilterChain -Creating filter chain: org.springframework.boot.actuate.autoconfigure.ManagementWebSecurityAutoConfiguration$LazyEndpointPathRequestMatcher@60079b8e, [org.springframework.security.web.context.request.async.WebAsyncManagerIntegrationFilter@30c262a6, org.springframework.security.web.context.SecurityContextPersistenceFilter@7ba1e31f, org.springframework.security.web.header.HeaderWriterFilter@2ca2a35, org.springframework.security.web.authentication.logout.LogoutFilter@5976b890, org.springframework.security.web.authentication.www.BasicAuthenticationFilter@753aec28, org.springframework.security.web.savedrequest.RequestCacheAwareFilter@1682a6d1, org.springframework.security.web.servletapi.SecurityContextHolderAwareRequestFilter@454abdb6, org.springframework.security.web.authentication.AnonymousAuthenticationFilter@1ec18ce, org.springframework.security.web.session.SessionManagementFilter@5149bd22, org.springframework.security.web.access.ExceptionTranslationFilter@12efe42e, org.springframework.security.web.access.intercept.FilterSecurityInterceptor@a476b03]
2018-03-10 20:00:11.645 [restartedMain] INFO  o.s.w.s.m.m.a.RequestMappingHandlerAdapter -Looking for @ControllerAdvice: org.springframework.boot.context.embedded.AnnotationConfigEmbeddedWebApplicationContext@8d935f8: startup date [Sat Mar 10 19:54:10 CST 2018]; parent: org.springframework.context.annotation.AnnotationConfigApplicationContext@8223af9
2018-03-10 20:00:12.434 [restartedMain] INFO  o.s.w.s.m.m.a.RequestMappingHandlerMapping -Mapped "{[/dept/discover]}" onto public java.lang.Object com.caxins.microcloud.rest.DeptRest.discover(javax.servlet.http.HttpServletRequest)
2018-03-10 20:00:12.780 [restartedMain] INFO  o.s.w.s.m.m.a.RequestMappingHandlerMapping -Mapped "{[/dept/list],methods=[GET]}" onto public java.lang.Object com.caxins.microcloud.rest.DeptRest.getList()
2018-03-10 20:00:12.781 [restartedMain] INFO  o.s.w.s.m.m.a.RequestMappingHandlerMapping -Mapped "{[/dept/add],methods=[GET]}" onto public java.lang.Object com.caxins.microcloud.rest.DeptRest.addDept(com.caxins.vo.Dept)
2018-03-10 20:00:12.783 [restartedMain] INFO  o.s.w.s.m.m.a.RequestMappingHandlerMapping -Mapped "{[/dept/get/{id}],methods=[GET]}" onto public java.lang.Object com.caxins.microcloud.rest.DeptRest.getDept(long)
2018-03-10 20:00:12.783 [restartedMain] INFO  o.s.w.s.m.m.a.RequestMappingHandlerMapping -Mapped "{[/dept/sessionId]}" onto public java.lang.Object com.caxins.microcloud.rest.DeptRest.getSessionId(javax.servlet.http.HttpServletRequest)
2018-03-10 20:00:12.788 [restartedMain] INFO  o.s.w.s.m.m.a.RequestMappingHandlerMapping -Mapped "{[/error]}" onto public org.springframework.http.ResponseEntity<java.util.Map<java.lang.String, java.lang.Object>> org.springframework.boot.autoconfigure.web.BasicErrorController.error(javax.servlet.http.HttpServletRequest)
2018-03-10 20:00:12.789 [restartedMain] INFO  o.s.w.s.m.m.a.RequestMappingHandlerMapping -Mapped "{[/error],produces=[text/html]}" onto public org.springframework.web.servlet.ModelAndView org.springframework.boot.autoconfigure.web.BasicErrorController.errorHtml(javax.servlet.http.HttpServletRequest,javax.servlet.http.HttpServletResponse)
2018-03-10 20:00:13.679 [restartedMain] INFO  o.s.w.s.h.SimpleUrlHandlerMapping -Mapped URL path [/webjars/**] onto handler of type [class org.springframework.web.servlet.resource.ResourceHttpRequestHandler]
2018-03-10 20:00:13.680 [restartedMain] INFO  o.s.w.s.h.SimpleUrlHandlerMapping -Mapped URL path [/**] onto handler of type [class org.springframework.web.servlet.resource.ResourceHttpRequestHandler]
2018-03-10 20:00:13.733 [restartedMain] INFO  o.s.w.s.h.SimpleUrlHandlerMapping -Mapped URL path [/**/favicon.ico] onto handler of type [class org.springframework.web.servlet.resource.ResourceHttpRequestHandler]
2018-03-10 20:00:31.520 [restartedMain] INFO  o.s.b.a.e.mvc.EndpointHandlerMapping -Mapped "{[/archaius || /archaius.json],methods=[GET],produces=[application/vnd.spring-boot.actuator.v1+json || application/json]}" onto public java.lang.Object org.springframework.boot.actuate.endpoint.mvc.EndpointMvcAdapter.invoke()
2018-03-10 20:00:31.522 [restartedMain] INFO  o.s.b.a.e.mvc.EndpointHandlerMapping -Mapped "{[/info || /info.json],methods=[GET],produces=[application/vnd.spring-boot.actuator.v1+json || application/json]}" onto public java.lang.Object org.springframework.boot.actuate.endpoint.mvc.EndpointMvcAdapter.invoke()
2018-03-10 20:00:31.524 [restartedMain] INFO  o.s.b.a.e.mvc.EndpointHandlerMapping -Mapped "{[/mappings || /mappings.json],methods=[GET],produces=[application/vnd.spring-boot.actuator.v1+json || application/json]}" onto public java.lang.Object org.springframework.boot.actuate.endpoint.mvc.EndpointMvcAdapter.invoke()
2018-03-10 20:00:31.621 [restartedMain] INFO  o.s.b.a.e.mvc.EndpointHandlerMapping -Mapped "{[/health || /health.json],methods=[GET],produces=[application/vnd.spring-boot.actuator.v1+json || application/json]}" onto public java.lang.Object org.springframework.boot.actuate.endpoint.mvc.HealthMvcEndpoint.invoke(javax.servlet.http.HttpServletRequest,java.security.Principal)
2018-03-10 20:00:31.623 [restartedMain] INFO  o.s.b.a.e.mvc.EndpointHandlerMapping -Mapped "{[/heapdump || /heapdump.json],methods=[GET],produces=[application/octet-stream]}" onto public void org.springframework.boot.actuate.endpoint.mvc.HeapdumpMvcEndpoint.invoke(boolean,javax.servlet.http.HttpServletRequest,javax.servlet.http.HttpServletResponse) throws java.io.IOException,javax.servlet.ServletException
2018-03-10 20:00:31.624 [restartedMain] INFO  o.s.b.a.e.mvc.EndpointHandlerMapping -Mapped "{[/service-registry/instance-status],methods=[GET]}" onto public org.springframework.http.ResponseEntity org.springframework.cloud.client.serviceregistry.endpoint.ServiceRegistryEndpoint.getStatus()
2018-03-10 20:00:31.625 [restartedMain] INFO  o.s.b.a.e.mvc.EndpointHandlerMapping -Mapped "{[/service-registry/instance-status],methods=[POST]}" onto public org.springframework.http.ResponseEntity<?> org.springframework.cloud.client.serviceregistry.endpoint.ServiceRegistryEndpoint.setStatus(java.lang.String)
2018-03-10 20:00:31.627 [restartedMain] INFO  o.s.b.a.e.mvc.EndpointHandlerMapping -Mapped "{[/trace || /trace.json],methods=[GET],produces=[application/vnd.spring-boot.actuator.v1+json || application/json]}" onto public java.lang.Object org.springframework.boot.actuate.endpoint.mvc.EndpointMvcAdapter.invoke()
2018-03-10 20:00:31.664 [restartedMain] INFO  o.s.b.a.e.mvc.EndpointHandlerMapping -Mapped "{[/resume || /resume.json],methods=[POST]}" onto public java.lang.Object org.springframework.cloud.endpoint.GenericPostableMvcEndpoint.invoke()
2018-03-10 20:00:31.665 [restartedMain] INFO  o.s.b.a.e.mvc.EndpointHandlerMapping -Mapped "{[/env],methods=[POST]}" onto public java.lang.Object org.springframework.cloud.context.environment.EnvironmentManagerMvcEndpoint.value(java.util.Map<java.lang.String, java.lang.String>)
2018-03-10 20:00:31.665 [restartedMain] INFO  o.s.b.a.e.mvc.EndpointHandlerMapping -Mapped "{[/env/reset],methods=[POST]}" onto public java.util.Map<java.lang.String, java.lang.Object> org.springframework.cloud.context.environment.EnvironmentManagerMvcEndpoint.reset()
2018-03-10 20:00:31.667 [restartedMain] INFO  o.s.b.a.e.mvc.EndpointHandlerMapping -Mapped "{[/restart || /restart.json],methods=[POST]}" onto public java.lang.Object org.springframework.cloud.context.restart.RestartMvcEndpoint.invoke()
2018-03-10 20:00:31.667 [restartedMain] INFO  o.s.b.a.e.mvc.EndpointHandlerMapping -Mapped "{[/features || /features.json],methods=[GET],produces=[application/vnd.spring-boot.actuator.v1+json || application/json]}" onto public java.lang.Object org.springframework.boot.actuate.endpoint.mvc.EndpointMvcAdapter.invoke()
2018-03-10 20:00:32.386 [restartedMain] INFO  o.s.b.a.e.mvc.EndpointHandlerMapping -Mapped "{[/refresh || /refresh.json],methods=[POST]}" onto public java.lang.Object org.springframework.cloud.endpoint.GenericPostableMvcEndpoint.invoke()
2018-03-10 20:00:32.396 [restartedMain] INFO  o.s.b.a.e.mvc.EndpointHandlerMapping -Mapped "{[/env/{name:.*}],methods=[GET],produces=[application/vnd.spring-boot.actuator.v1+json || application/json]}" onto public java.lang.Object org.springframework.boot.actuate.endpoint.mvc.EnvironmentMvcEndpoint.value(java.lang.String)
2018-03-10 20:00:32.422 [restartedMain] INFO  o.s.b.a.e.mvc.EndpointHandlerMapping -Mapped "{[/env || /env.json],methods=[GET],produces=[application/vnd.spring-boot.actuator.v1+json || application/json]}" onto public java.lang.Object org.springframework.boot.actuate.endpoint.mvc.EndpointMvcAdapter.invoke()
2018-03-10 20:00:32.428 [restartedMain] INFO  o.s.b.a.e.mvc.EndpointHandlerMapping -Mapped "{[/metrics/{name:.*}],methods=[GET],produces=[application/vnd.spring-boot.actuator.v1+json || application/json]}" onto public java.lang.Object org.springframework.boot.actuate.endpoint.mvc.MetricsMvcEndpoint.value(java.lang.String)
2018-03-10 20:00:32.429 [restartedMain] INFO  o.s.b.a.e.mvc.EndpointHandlerMapping -Mapped "{[/metrics || /metrics.json],methods=[GET],produces=[application/vnd.spring-boot.actuator.v1+json || application/json]}" onto public java.lang.Object org.springframework.boot.actuate.endpoint.mvc.EndpointMvcAdapter.invoke()
2018-03-10 20:00:32.449 [restartedMain] INFO  o.s.b.a.e.mvc.EndpointHandlerMapping -Mapped "{[/auditevents || /auditevents.json],methods=[GET],produces=[application/vnd.spring-boot.actuator.v1+json || application/json]}" onto public org.springframework.http.ResponseEntity<?> org.springframework.boot.actuate.endpoint.mvc.AuditEventsMvcEndpoint.findByPrincipalAndAfterAndType(java.lang.String,java.util.Date,java.lang.String)
2018-03-10 20:00:32.451 [restartedMain] INFO  o.s.b.a.e.mvc.EndpointHandlerMapping -Mapped "{[/configprops || /configprops.json],methods=[GET],produces=[application/vnd.spring-boot.actuator.v1+json || application/json]}" onto public java.lang.Object org.springframework.boot.actuate.endpoint.mvc.EndpointMvcAdapter.invoke()
2018-03-10 20:00:32.456 [restartedMain] INFO  o.s.b.a.e.mvc.EndpointHandlerMapping -Mapped "{[/loggers/{name:.*}],methods=[GET],produces=[application/vnd.spring-boot.actuator.v1+json || application/json]}" onto public java.lang.Object org.springframework.boot.actuate.endpoint.mvc.LoggersMvcEndpoint.get(java.lang.String)
2018-03-10 20:00:32.458 [restartedMain] INFO  o.s.b.a.e.mvc.EndpointHandlerMapping -Mapped "{[/loggers/{name:.*}],methods=[POST],consumes=[application/vnd.spring-boot.actuator.v1+json || application/json],produces=[application/vnd.spring-boot.actuator.v1+json || application/json]}" onto public java.lang.Object org.springframework.boot.actuate.endpoint.mvc.LoggersMvcEndpoint.set(java.lang.String,java.util.Map<java.lang.String, java.lang.String>)
2018-03-10 20:00:32.459 [restartedMain] INFO  o.s.b.a.e.mvc.EndpointHandlerMapping -Mapped "{[/loggers || /loggers.json],methods=[GET],produces=[application/vnd.spring-boot.actuator.v1+json || application/json]}" onto public java.lang.Object org.springframework.boot.actuate.endpoint.mvc.EndpointMvcAdapter.invoke()
2018-03-10 20:00:32.462 [restartedMain] INFO  o.s.b.a.e.mvc.EndpointHandlerMapping -Mapped "{[/beans || /beans.json],methods=[GET],produces=[application/vnd.spring-boot.actuator.v1+json || application/json]}" onto public java.lang.Object org.springframework.boot.actuate.endpoint.mvc.EndpointMvcAdapter.invoke()
2018-03-10 20:00:32.464 [restartedMain] INFO  o.s.b.a.e.mvc.EndpointHandlerMapping -Mapped "{[/dump || /dump.json],methods=[GET],produces=[application/vnd.spring-boot.actuator.v1+json || application/json]}" onto public java.lang.Object org.springframework.boot.actuate.endpoint.mvc.EndpointMvcAdapter.invoke()
2018-03-10 20:00:32.466 [restartedMain] INFO  o.s.b.a.e.mvc.EndpointHandlerMapping -Mapped "{[/autoconfig || /autoconfig.json],methods=[GET],produces=[application/vnd.spring-boot.actuator.v1+json || application/json]}" onto public java.lang.Object org.springframework.boot.actuate.endpoint.mvc.EndpointMvcAdapter.invoke()
2018-03-10 20:00:32.468 [restartedMain] INFO  o.s.b.a.e.mvc.EndpointHandlerMapping -Mapped "{[/pause || /pause.json],methods=[POST]}" onto public java.lang.Object org.springframework.cloud.endpoint.GenericPostableMvcEndpoint.invoke()
2018-03-10 20:00:48.702 [restartedMain] WARN  o.s.b.d.a.OptionalLiveReloadServer -Unable to start LiveReload server
2018-03-10 20:00:52.438 [restartedMain] WARN  c.n.c.sources.URLConfigurationSource -No URLs will be polled as dynamic configuration sources.
2018-03-10 20:00:52.440 [restartedMain] INFO  c.n.c.sources.URLConfigurationSource -To enable URLs as dynamic configuration sources, define System property archaius.configurationSource.additionalUrls or make config.properties available on classpath.
2018-03-10 20:00:59.123 [restartedMain] INFO  o.s.j.e.a.AnnotationMBeanExporter -Registering beans for JMX exposure on startup
2018-03-10 20:00:59.129 [restartedMain] INFO  o.s.j.e.a.AnnotationMBeanExporter -Bean with name 'dataSource' has been autodetected for JMX exposure
2018-03-10 20:00:59.146 [restartedMain] INFO  o.s.j.e.a.AnnotationMBeanExporter -Bean with name 'environmentManager' has been autodetected for JMX exposure
2018-03-10 20:00:59.659 [restartedMain] INFO  o.s.j.e.a.AnnotationMBeanExporter -Bean with name 'configurationPropertiesRebinder' has been autodetected for JMX exposure
2018-03-10 20:00:59.660 [restartedMain] INFO  o.s.j.e.a.AnnotationMBeanExporter -Bean with name 'refreshEndpoint' has been autodetected for JMX exposure
2018-03-10 20:00:59.663 [restartedMain] INFO  o.s.j.e.a.AnnotationMBeanExporter -Bean with name 'restartEndpoint' has been autodetected for JMX exposure
2018-03-10 20:00:59.666 [restartedMain] INFO  o.s.j.e.a.AnnotationMBeanExporter -Bean with name 'serviceRegistryEndpoint' has been autodetected for JMX exposure
2018-03-10 20:00:59.668 [restartedMain] INFO  o.s.j.e.a.AnnotationMBeanExporter -Bean with name 'refreshScope' has been autodetected for JMX exposure
2018-03-10 20:00:59.674 [restartedMain] INFO  o.s.j.e.a.AnnotationMBeanExporter -Located managed bean 'environmentManager': registering with JMX server as MBean [org.springframework.cloud.context.environment:name=environmentManager,type=EnvironmentManager]
2018-03-10 20:01:00.612 [restartedMain] INFO  o.s.j.e.a.AnnotationMBeanExporter -Located managed bean 'restartEndpoint': registering with JMX server as MBean [org.springframework.cloud.context.restart:name=restartEndpoint,type=RestartEndpoint]
2018-03-10 20:01:00.766 [restartedMain] INFO  o.s.j.e.a.AnnotationMBeanExporter -Located managed bean 'serviceRegistryEndpoint': registering with JMX server as MBean [org.springframework.cloud.client.serviceregistry.endpoint:name=serviceRegistryEndpoint,type=ServiceRegistryEndpoint]
2018-03-10 20:01:01.356 [restartedMain] INFO  o.s.j.e.a.AnnotationMBeanExporter -Located managed bean 'refreshScope': registering with JMX server as MBean [org.springframework.cloud.context.scope.refresh:name=refreshScope,type=RefreshScope]
2018-03-10 20:01:01.427 [restartedMain] INFO  o.s.j.e.a.AnnotationMBeanExporter -Located managed bean 'configurationPropertiesRebinder': registering with JMX server as MBean [org.springframework.cloud.context.properties:name=configurationPropertiesRebinder,context=8d935f8,type=ConfigurationPropertiesRebinder]
2018-03-10 20:01:01.584 [restartedMain] INFO  o.s.j.e.a.AnnotationMBeanExporter -Located MBean 'dataSource': registering with JMX server as MBean [com.alibaba.druid.pool:name=dataSource,type=DruidDataSource]
2018-03-10 20:01:01.592 [restartedMain] INFO  o.s.j.e.a.AnnotationMBeanExporter -Located managed bean 'refreshEndpoint': registering with JMX server as MBean [org.springframework.cloud.endpoint:name=refreshEndpoint,type=RefreshEndpoint]
2018-03-10 20:01:06.832 [restartedMain] INFO  o.s.c.s.DefaultLifecycleProcessor -Starting beans in phase 0
2018-03-10 20:01:06.961 [restartedMain] INFO  o.s.c.n.eureka.InstanceInfoFactory -Setting initial instance status as: STARTING
2018-03-10 20:01:07.985 [restartedMain] INFO  c.netflix.discovery.DiscoveryClient -Initializing Eureka in region us-east-1
2018-03-10 20:01:11.417 [restartedMain] INFO  c.n.d.p.DiscoveryJerseyProvider -Using JSON encoding codec LegacyJacksonJson
2018-03-10 20:01:12.144 [restartedMain] INFO  c.n.d.p.DiscoveryJerseyProvider -Using JSON decoding codec LegacyJacksonJson
2018-03-10 20:01:12.211 [restartedMain] INFO  c.n.d.p.DiscoveryJerseyProvider -Using XML encoding codec XStreamXml
2018-03-10 20:01:12.458 [restartedMain] INFO  c.n.d.p.DiscoveryJerseyProvider -Using XML decoding codec XStreamXml
2018-03-10 20:01:19.582 [restartedMain] INFO  c.n.d.s.r.aws.ConfigClusterResolver -Resolving eureka endpoints via configuration
2018-03-10 20:01:27.684 [restartedMain] INFO  c.netflix.discovery.DiscoveryClient -Disable delta property : false
2018-03-10 20:01:27.685 [restartedMain] INFO  c.netflix.discovery.DiscoveryClient -Single vip registry refresh property : null
2018-03-10 20:01:27.685 [restartedMain] INFO  c.netflix.discovery.DiscoveryClient -Force full registry fetch : false
2018-03-10 20:01:27.686 [restartedMain] INFO  c.netflix.discovery.DiscoveryClient -Application is null : false
2018-03-10 20:01:27.686 [restartedMain] INFO  c.netflix.discovery.DiscoveryClient -Registered Applications size is zero : true
2018-03-10 20:01:27.686 [restartedMain] INFO  c.netflix.discovery.DiscoveryClient -Application version is -1: true
2018-03-10 20:01:27.687 [restartedMain] INFO  c.netflix.discovery.DiscoveryClient -Getting all instance registry info from the eureka server
2018-03-10 20:01:32.982 [restartedMain] INFO  c.netflix.discovery.DiscoveryClient -The response status is 200
2018-03-10 20:01:33.012 [restartedMain] INFO  c.netflix.discovery.DiscoveryClient -Starting heartbeat executor: renew interval is: 2
2018-03-10 20:01:33.013 [restartedMain] INFO  c.n.discovery.InstanceInfoReplicator -InstanceInfoReplicator onDemand update allowed rate per min is 4
2018-03-10 20:01:33.016 [restartedMain] INFO  c.netflix.discovery.DiscoveryClient -Discovery Client initialized at timestamp 1520683293016 with initial instances count: 0
2018-03-10 20:01:34.224 [restartedMain] INFO  o.s.c.n.e.s.EurekaServiceRegistry -Registering application microcloud-provider-dept with eureka with status UP
2018-03-10 20:01:34.225 [restartedMain] INFO  c.netflix.discovery.DiscoveryClient -Saw local status change event StatusChangeEvent [timestamp=1520683294225, current=UP, previous=STARTING]
2018-03-10 20:01:34.450 [DiscoveryClient-InstanceInfoReplicator-0] INFO  c.netflix.discovery.DiscoveryClient -DiscoveryClient_MICROCLOUD-PROVIDER-DEPT/dept-8003.com: registering service...
2018-03-10 20:01:37.059 [DiscoveryClient-0] ERROR c.n.discovery.TimedSupervisorTask -task supervisor timed out
java.util.concurrent.TimeoutException: null
	at java.util.concurrent.FutureTask.get(FutureTask.java:205)
	at com.netflix.discovery.TimedSupervisorTask.run(TimedSupervisorTask.java:63)
	at java.util.concurrent.Executors$RunnableAdapter.call(Executors.java:511)
	at java.util.concurrent.FutureTask.run(FutureTask.java:266)
	at java.util.concurrent.ScheduledThreadPoolExecutor$ScheduledFutureTask.access$201(ScheduledThreadPoolExecutor.java:180)
	at java.util.concurrent.ScheduledThreadPoolExecutor$ScheduledFutureTask.run(ScheduledThreadPoolExecutor.java:293)
	at java.util.concurrent.ThreadPoolExecutor.runWorker(ThreadPoolExecutor.java:1142)
	at java.util.concurrent.ThreadPoolExecutor$Worker.run(ThreadPoolExecutor.java:617)
	at java.lang.Thread.run(Thread.java:745)
2018-03-10 20:01:37.090 [restartedMain] INFO  o.e.j.s.h.ContextHandler.application -Initializing Spring FrameworkServlet 'dispatcherServlet'
2018-03-10 20:01:37.090 [restartedMain] INFO  o.s.web.servlet.DispatcherServlet -FrameworkServlet 'dispatcherServlet': initialization started
2018-03-10 20:01:37.536 [restartedMain] INFO  o.s.web.servlet.DispatcherServlet -FrameworkServlet 'dispatcherServlet': initialization completed in 446 ms
2018-03-10 20:01:38.651 [restartedMain] INFO  o.e.jetty.server.AbstractConnector -Started ServerConnector@48e055da{HTTP/1.1,[http/1.1]}{0.0.0.0:8003}
2018-03-10 20:01:38.653 [restartedMain] INFO  o.s.b.c.e.j.JettyEmbeddedServletContainer -Jetty started on port(s) 8003 (http/1.1)
2018-03-10 20:01:38.655 [restartedMain] INFO  o.s.c.n.e.s.EurekaAutoServiceRegistration -Updating port to 8003
2018-03-10 20:01:38.819 [restartedMain] INFO  c.c.m.Dept_8003_StartSpringCloudApplication -Started Dept_8003_StartSpringCloudApplication in 462.945 seconds (JVM running for 6246.551)
2018-03-10 20:01:38.856 [DiscoveryClient-HeartbeatExecutor-0] INFO  c.netflix.discovery.DiscoveryClient -DiscoveryClient_MICROCLOUD-PROVIDER-DEPT/dept-8003.com - Re-registering apps/MICROCLOUD-PROVIDER-DEPT
2018-03-10 20:01:38.856 [DiscoveryClient-HeartbeatExecutor-0] INFO  c.netflix.discovery.DiscoveryClient -DiscoveryClient_MICROCLOUD-PROVIDER-DEPT/dept-8003.com: registering service...
2018-03-10 20:01:40.080 [DiscoveryClient-HeartbeatExecutor-0] INFO  c.netflix.discovery.DiscoveryClient -DiscoveryClient_MICROCLOUD-PROVIDER-DEPT/dept-8003.com - registration status: 204
2018-03-10 20:01:40.080 [DiscoveryClient-InstanceInfoReplicator-0] INFO  c.netflix.discovery.DiscoveryClient -DiscoveryClient_MICROCLOUD-PROVIDER-DEPT/dept-8003.com - registration status: 204
2018-03-10 20:02:02.985 [DiscoveryClient-CacheRefreshExecutor-0] INFO  c.netflix.discovery.DiscoveryClient -Disable delta property : false
2018-03-10 20:02:02.986 [DiscoveryClient-CacheRefreshExecutor-0] INFO  c.netflix.discovery.DiscoveryClient -Single vip registry refresh property : null
2018-03-10 20:02:03.362 [DiscoveryClient-CacheRefreshExecutor-0] INFO  c.netflix.discovery.DiscoveryClient -Force full registry fetch : false
2018-03-10 20:02:03.362 [DiscoveryClient-CacheRefreshExecutor-0] INFO  c.netflix.discovery.DiscoveryClient -Application is null : false
2018-03-10 20:02:03.363 [DiscoveryClient-CacheRefreshExecutor-0] INFO  c.netflix.discovery.DiscoveryClient -Registered Applications size is zero : true
2018-03-10 20:02:03.363 [DiscoveryClient-CacheRefreshExecutor-0] INFO  c.netflix.discovery.DiscoveryClient -Application version is -1: false
2018-03-10 20:02:03.364 [DiscoveryClient-CacheRefreshExecutor-0] INFO  c.netflix.discovery.DiscoveryClient -Getting all instance registry info from the eureka server
2018-03-10 20:02:04.948 [DiscoveryClient-CacheRefreshExecutor-0] INFO  c.netflix.discovery.DiscoveryClient -The response status is 200
2018-03-10 20:06:27.809 [AsyncResolver-bootstrap-executor-0] INFO  c.n.d.s.r.aws.ConfigClusterResolver -Resolving eureka endpoints via configuration
2018-03-10 20:11:27.835 [AsyncResolver-bootstrap-executor-0] INFO  c.n.d.s.r.aws.ConfigClusterResolver -Resolving eureka endpoints via configuration
2018-03-10 20:16:27.842 [AsyncResolver-bootstrap-executor-0] INFO  c.n.d.s.r.aws.ConfigClusterResolver -Resolving eureka endpoints via configuration
2018-03-10 20:21:27.844 [AsyncResolver-bootstrap-executor-0] INFO  c.n.d.s.r.aws.ConfigClusterResolver -Resolving eureka endpoints via configuration
2018-03-10 20:26:27.848 [AsyncResolver-bootstrap-executor-0] INFO  c.n.d.s.r.aws.ConfigClusterResolver -Resolving eureka endpoints via configuration
2018-03-10 20:31:27.852 [AsyncResolver-bootstrap-executor-0] INFO  c.n.d.s.r.aws.ConfigClusterResolver -Resolving eureka endpoints via configuration
2018-03-10 20:36:27.855 [AsyncResolver-bootstrap-executor-0] INFO  c.n.d.s.r.aws.ConfigClusterResolver -Resolving eureka endpoints via configuration
2018-03-10 20:41:27.857 [AsyncResolver-bootstrap-executor-0] INFO  c.n.d.s.r.aws.ConfigClusterResolver -Resolving eureka endpoints via configuration
2018-03-10 20:46:27.861 [AsyncResolver-bootstrap-executor-0] INFO  c.n.d.s.r.aws.ConfigClusterResolver -Resolving eureka endpoints via configuration
2018-03-10 20:51:27.863 [AsyncResolver-bootstrap-executor-0] INFO  c.n.d.s.r.aws.ConfigClusterResolver -Resolving eureka endpoints via configuration
2018-03-10 20:56:27.865 [AsyncResolver-bootstrap-executor-0] INFO  c.n.d.s.r.aws.ConfigClusterResolver -Resolving eureka endpoints via configuration
2018-03-10 21:01:27.868 [AsyncResolver-bootstrap-executor-0] INFO  c.n.d.s.r.aws.ConfigClusterResolver -Resolving eureka endpoints via configuration
2018-03-10 21:06:27.874 [AsyncResolver-bootstrap-executor-0] INFO  c.n.d.s.r.aws.ConfigClusterResolver -Resolving eureka endpoints via configuration
2018-03-10 21:07:43.816 [RMI TCP Connection(2)-127.0.0.1] INFO  o.s.b.a.SpringApplicationAdminMXBeanRegistrar$SpringApplicationAdmin -Application shutdown requested.
2018-03-10 21:07:43.818 [RMI TCP Connection(2)-127.0.0.1] INFO  o.s.b.c.e.AnnotationConfigEmbeddedWebApplicationContext -Closing org.springframework.boot.context.embedded.AnnotationConfigEmbeddedWebApplicationContext@8d935f8: startup date [Sat Mar 10 19:54:10 CST 2018]; parent: org.springframework.context.annotation.AnnotationConfigApplicationContext@8223af9
2018-03-10 21:07:43.834 [RMI TCP Connection(2)-127.0.0.1] INFO  o.s.c.n.e.s.EurekaServiceRegistry -Unregistering application microcloud-provider-dept with eureka with status DOWN
2018-03-10 21:07:43.835 [RMI TCP Connection(2)-127.0.0.1] WARN  c.netflix.discovery.DiscoveryClient -Saw local status change event StatusChangeEvent [timestamp=1520687263835, current=DOWN, previous=UP]
2018-03-10 21:07:43.838 [DiscoveryClient-InstanceInfoReplicator-0] INFO  c.netflix.discovery.DiscoveryClient -DiscoveryClient_MICROCLOUD-PROVIDER-DEPT/dept-8003.com: registering service...
2018-03-10 21:07:43.864 [DiscoveryClient-InstanceInfoReplicator-0] INFO  c.netflix.discovery.DiscoveryClient -DiscoveryClient_MICROCLOUD-PROVIDER-DEPT/dept-8003.com - registration status: 204
2018-03-10 21:07:43.840 [RMI TCP Connection(2)-127.0.0.1] INFO  c.netflix.discovery.DiscoveryClient -Shutting down DiscoveryClient ...
2018-03-10 21:07:43.869 [RMI TCP Connection(2)-127.0.0.1] INFO  c.netflix.discovery.DiscoveryClient -Unregistering ...
2018-03-10 21:07:43.902 [RMI TCP Connection(2)-127.0.0.1] INFO  c.netflix.discovery.DiscoveryClient -DiscoveryClient_MICROCLOUD-PROVIDER-DEPT/dept-8003.com - deregister  status: 200
2018-03-10 21:07:43.908 [RMI TCP Connection(2)-127.0.0.1] INFO  c.netflix.discovery.DiscoveryClient -Completed shut down of DiscoveryClient
2018-03-10 21:07:43.924 [RMI TCP Connection(2)-127.0.0.1] INFO  o.s.c.s.DefaultLifecycleProcessor -Stopping beans in phase 0
2018-03-10 21:07:43.972 [RMI TCP Connection(2)-127.0.0.1] INFO  o.s.j.e.a.AnnotationMBeanExporter -Unregistering JMX-exposed beans on shutdown
2018-03-10 21:07:43.974 [RMI TCP Connection(2)-127.0.0.1] INFO  o.s.j.e.a.AnnotationMBeanExporter -Unregistering JMX-exposed beans
2018-03-10 21:07:44.003 [RMI TCP Connection(2)-127.0.0.1] INFO  o.e.jetty.server.AbstractConnector -Stopped ServerConnector@48e055da{HTTP/1.1,[http/1.1]}{0.0.0.0:8003}
2018-03-10 21:07:44.004 [RMI TCP Connection(2)-127.0.0.1] INFO  org.eclipse.jetty.server.session -Stopped scavenging
2018-03-10 21:07:44.033 [RMI TCP Connection(2)-127.0.0.1] INFO  o.e.j.s.h.ContextHandler.application -Destroying Spring FrameworkServlet 'dispatcherServlet'
2018-03-10 21:07:44.034 [RMI TCP Connection(2)-127.0.0.1] INFO  o.e.j.server.handler.ContextHandler -Stopped o.s.b.c.e.j.JettyEmbeddedWebAppContext@1c3e6e3d{/,[file:///C:/Users/admin/AppData/Local/Temp/jetty-docbase.1692402100445013707.8003/],UNAVAILABLE}
