2018-03-25 18:06:47.505 [restartedMain] INFO  o.s.c.a.AnnotationConfigApplicationContext -Refreshing org.springframework.context.annotation.AnnotationConfigApplicationContext@7dcf7971: startup date [Sun Mar 25 18:06:47 CST 2018]; root of context hierarchy
2018-03-25 18:06:48.745 [restartedMain] INFO  o.s.b.f.a.AutowiredAnnotationBeanPostProcessor -JSR-330 'javax.inject.Inject' annotation found and supported for autowiring
2018-03-25 18:06:48.862 [restartedMain] INFO  o.s.c.s.PostProcessorRegistrationDelegate$BeanPostProcessorChecker -Bean 'configurationPropertiesRebinderAutoConfiguration' of type [org.springframework.cloud.autoconfigure.ConfigurationPropertiesRebinderAutoConfiguration$$EnhancerBySpringCGLIB$$37a4aef7] is not eligible for getting processed by all BeanPostProcessors (for example: not eligible for auto-proxying)
2018-03-25 18:06:50.638 [restartedMain] INFO  c.c.m.Config_7101_StartSpringCloudApplication -No active profile set, falling back to default profiles: default
2018-03-25 18:06:50.666 [restartedMain] INFO  o.s.b.c.e.AnnotationConfigEmbeddedWebApplicationContext -Refreshing org.springframework.boot.context.embedded.AnnotationConfigEmbeddedWebApplicationContext@6c5ecfcf: startup date [Sun Mar 25 18:06:50 CST 2018]; parent: org.springframework.context.annotation.AnnotationConfigApplicationContext@7dcf7971
2018-03-25 18:06:54.682 [restartedMain] INFO  o.s.cloud.context.scope.GenericScope -BeanFactory id=33959fb4-d377-3f7e-ad1b-0fc97aca3eeb
2018-03-25 18:06:54.724 [restartedMain] INFO  o.s.b.f.a.AutowiredAnnotationBeanPostProcessor -JSR-330 'javax.inject.Inject' annotation found and supported for autowiring
2018-03-25 18:06:55.084 [restartedMain] INFO  o.s.c.s.PostProcessorRegistrationDelegate$BeanPostProcessorChecker -Bean 'org.springframework.cloud.netflix.metrics.MetricsInterceptorConfiguration$MetricsRestTemplateConfiguration' of type [org.springframework.cloud.netflix.metrics.MetricsInterceptorConfiguration$MetricsRestTemplateConfiguration$$EnhancerBySpringCGLIB$$4db7523b] is not eligible for getting processed by all BeanPostProcessors (for example: not eligible for auto-proxying)
2018-03-25 18:06:55.270 [restartedMain] INFO  o.s.c.s.PostProcessorRegistrationDelegate$BeanPostProcessorChecker -Bean 'org.springframework.cloud.autoconfigure.ConfigurationPropertiesRebinderAutoConfiguration' of type [org.springframework.cloud.autoconfigure.ConfigurationPropertiesRebinderAutoConfiguration$$EnhancerBySpringCGLIB$$37a4aef7] is not eligible for getting processed by all BeanPostProcessors (for example: not eligible for auto-proxying)
2018-03-25 18:06:55.730 [restartedMain] INFO  org.eclipse.jetty.util.log -Logging initialized @12461ms to org.eclipse.jetty.util.log.Slf4jLog
2018-03-25 18:06:56.320 [restartedMain] INFO  o.s.b.c.e.j.JettyEmbeddedServletContainerFactory -Server initialized with port: 7101
2018-03-25 18:06:56.336 [restartedMain] INFO  org.eclipse.jetty.server.Server -jetty-9.4.5.v20170502
2018-03-25 18:06:56.633 [restartedMain] INFO  org.eclipse.jetty.server.session -DefaultSessionIdManager workerName=node0
2018-03-25 18:06:56.634 [restartedMain] INFO  org.eclipse.jetty.server.session -No SessionScavenger set, using defaults
2018-03-25 18:06:56.638 [restartedMain] INFO  org.eclipse.jetty.server.session -Scavenging every 660000ms
2018-03-25 18:06:56.649 [restartedMain] INFO  o.e.j.s.h.ContextHandler.application -Initializing Spring embedded WebApplicationContext
2018-03-25 18:06:56.649 [restartedMain] INFO  o.s.web.context.ContextLoader -Root WebApplicationContext: initialization completed in 5983 ms
2018-03-25 18:06:57.466 [restartedMain] INFO  o.s.b.w.s.FilterRegistrationBean -Mapping filter: 'metricsFilter' to: [/*]
2018-03-25 18:06:57.474 [restartedMain] INFO  o.s.b.w.s.FilterRegistrationBean -Mapping filter: 'characterEncodingFilter' to: [/*]
2018-03-25 18:06:57.475 [restartedMain] INFO  o.s.b.w.s.FilterRegistrationBean -Mapping filter: 'hiddenHttpMethodFilter' to: [/*]
2018-03-25 18:06:57.476 [restartedMain] INFO  o.s.b.w.s.FilterRegistrationBean -Mapping filter: 'httpPutFormContentFilter' to: [/*]
2018-03-25 18:06:57.477 [restartedMain] INFO  o.s.b.w.s.FilterRegistrationBean -Mapping filter: 'requestContextFilter' to: [/*]
2018-03-25 18:06:57.479 [restartedMain] INFO  o.s.b.w.s.DelegatingFilterProxyRegistrationBean -Mapping filter: 'springSecurityFilterChain' to: [/*]
2018-03-25 18:06:57.480 [restartedMain] INFO  o.s.b.w.s.FilterRegistrationBean -Mapping filter: 'webRequestLoggingFilter' to: [/*]
2018-03-25 18:06:57.482 [restartedMain] INFO  o.s.b.w.s.FilterRegistrationBean -Mapping filter: 'applicationContextIdFilter' to: [/*]
2018-03-25 18:06:57.483 [restartedMain] INFO  o.s.b.w.s.ServletRegistrationBean -Mapping servlet: 'dispatcherServlet' to [/]
2018-03-25 18:06:57.934 [restartedMain] INFO  o.e.j.server.handler.ContextHandler -Started o.s.b.c.e.j.JettyEmbeddedWebAppContext@426cc405{/,[file:///C:/Users/admin/AppData/Local/Temp/jetty-docbase.6261902139904239890.7101/],AVAILABLE}
2018-03-25 18:06:57.937 [restartedMain] INFO  org.eclipse.jetty.server.Server -Started @14669ms
2018-03-25 18:06:59.400 [restartedMain] INFO  o.s.s.web.DefaultSecurityFilterChain -Creating filter chain: org.springframework.security.web.util.matcher.AnyRequestMatcher@1, [org.springframework.security.web.context.request.async.WebAsyncManagerIntegrationFilter@47c865a5, org.springframework.security.web.context.SecurityContextPersistenceFilter@7582824d, org.springframework.security.web.header.HeaderWriterFilter@29a01b21, org.springframework.security.web.csrf.CsrfFilter@6b23ff02, org.springframework.security.web.authentication.logout.LogoutFilter@72e369df, org.springframework.security.web.authentication.www.BasicAuthenticationFilter@308fac22, org.springframework.security.web.savedrequest.RequestCacheAwareFilter@4c06896, org.springframework.security.web.servletapi.SecurityContextHolderAwareRequestFilter@5a59f610, org.springframework.security.web.authentication.AnonymousAuthenticationFilter@97e6b17, org.springframework.security.web.session.SessionManagementFilter@d0a602e, org.springframework.security.web.access.ExceptionTranslationFilter@5fb3386a, org.springframework.security.web.access.intercept.FilterSecurityInterceptor@47e29a7]
2018-03-25 18:06:59.459 [restartedMain] INFO  o.s.s.web.DefaultSecurityFilterChain -Creating filter chain: org.springframework.boot.actuate.autoconfigure.ManagementWebSecurityAutoConfiguration$LazyEndpointPathRequestMatcher@44619310, [org.springframework.security.web.context.request.async.WebAsyncManagerIntegrationFilter@14d899b3, org.springframework.security.web.context.SecurityContextPersistenceFilter@6079ba9f, org.springframework.security.web.header.HeaderWriterFilter@70692697, org.springframework.security.web.authentication.logout.LogoutFilter@5ed14763, org.springframework.security.web.authentication.www.BasicAuthenticationFilter@6be9425f, org.springframework.security.web.savedrequest.RequestCacheAwareFilter@51cf789, org.springframework.security.web.servletapi.SecurityContextHolderAwareRequestFilter@3cf83423, org.springframework.security.web.authentication.AnonymousAuthenticationFilter@7d4c0632, org.springframework.security.web.session.SessionManagementFilter@63b02f70, org.springframework.security.web.access.ExceptionTranslationFilter@310a8158, org.springframework.security.web.access.intercept.FilterSecurityInterceptor@18fe206a]
2018-03-25 18:07:00.088 [restartedMain] INFO  o.s.w.s.m.m.a.RequestMappingHandlerAdapter -Looking for @ControllerAdvice: org.springframework.boot.context.embedded.AnnotationConfigEmbeddedWebApplicationContext@6c5ecfcf: startup date [Sun Mar 25 18:06:50 CST 2018]; parent: org.springframework.context.annotation.AnnotationConfigApplicationContext@7dcf7971
2018-03-25 18:07:00.767 [restartedMain] INFO  o.s.w.s.m.m.a.RequestMappingHandlerMapping -Mapped "{[/error]}" onto public org.springframework.http.ResponseEntity<java.util.Map<java.lang.String, java.lang.Object>> org.springframework.boot.autoconfigure.web.BasicErrorController.error(javax.servlet.http.HttpServletRequest)
2018-03-25 18:07:00.779 [restartedMain] INFO  o.s.w.s.m.m.a.RequestMappingHandlerMapping -Mapped "{[/error],produces=[text/html]}" onto public org.springframework.web.servlet.ModelAndView org.springframework.boot.autoconfigure.web.BasicErrorController.errorHtml(javax.servlet.http.HttpServletRequest,javax.servlet.http.HttpServletResponse)
2018-03-25 18:07:00.816 [restartedMain] INFO  o.s.w.s.m.m.a.RequestMappingHandlerMapping -Mapped "{[/encrypt],methods=[POST]}" onto public java.lang.String org.springframework.cloud.config.server.encryption.EncryptionController.encrypt(java.lang.String,org.springframework.http.MediaType)
2018-03-25 18:07:00.819 [restartedMain] INFO  o.s.w.s.m.m.a.RequestMappingHandlerMapping -Mapped "{[/encrypt/{name}/{profiles}],methods=[POST]}" onto public java.lang.String org.springframework.cloud.config.server.encryption.EncryptionController.encrypt(java.lang.String,java.lang.String,java.lang.String,org.springframework.http.MediaType)
2018-03-25 18:07:00.822 [restartedMain] INFO  o.s.w.s.m.m.a.RequestMappingHandlerMapping -Mapped "{[/decrypt/{name}/{profiles}],methods=[POST]}" onto public java.lang.String org.springframework.cloud.config.server.encryption.EncryptionController.decrypt(java.lang.String,java.lang.String,java.lang.String,org.springframework.http.MediaType)
2018-03-25 18:07:00.824 [restartedMain] INFO  o.s.w.s.m.m.a.RequestMappingHandlerMapping -Mapped "{[/decrypt],methods=[POST]}" onto public java.lang.String org.springframework.cloud.config.server.encryption.EncryptionController.decrypt(java.lang.String,org.springframework.http.MediaType)
2018-03-25 18:07:00.843 [restartedMain] INFO  o.s.w.s.m.m.a.RequestMappingHandlerMapping -Mapped "{[/encrypt/status],methods=[GET]}" onto public java.util.Map<java.lang.String, java.lang.Object> org.springframework.cloud.config.server.encryption.EncryptionController.status()
2018-03-25 18:07:00.845 [restartedMain] INFO  o.s.w.s.m.m.a.RequestMappingHandlerMapping -Mapped "{[/key],methods=[GET]}" onto public java.lang.String org.springframework.cloud.config.server.encryption.EncryptionController.getPublicKey()
2018-03-25 18:07:00.860 [restartedMain] INFO  o.s.w.s.m.m.a.RequestMappingHandlerMapping -Mapped "{[/key/{name}/{profiles}],methods=[GET]}" onto public java.lang.String org.springframework.cloud.config.server.encryption.EncryptionController.getPublicKey(java.lang.String,java.lang.String)
2018-03-25 18:07:00.889 [restartedMain] INFO  o.s.w.s.m.m.a.RequestMappingHandlerMapping -Mapped "{[/{name}-{profiles}.properties],methods=[GET]}" onto public org.springframework.http.ResponseEntity<java.lang.String> org.springframework.cloud.config.server.environment.EnvironmentController.properties(java.lang.String,java.lang.String,boolean) throws java.io.IOException
2018-03-25 18:07:00.929 [restartedMain] INFO  o.s.w.s.m.m.a.RequestMappingHandlerMapping -Mapped "{[/{name}-{profiles}.yml || /{name}-{profiles}.yaml],methods=[GET]}" onto public org.springframework.http.ResponseEntity<java.lang.String> org.springframework.cloud.config.server.environment.EnvironmentController.yaml(java.lang.String,java.lang.String,boolean) throws java.lang.Exception
2018-03-25 18:07:00.931 [restartedMain] INFO  o.s.w.s.m.m.a.RequestMappingHandlerMapping -Mapped "{[/{name}/{profiles:.*[^-].*}],methods=[GET]}" onto public org.springframework.cloud.config.environment.Environment org.springframework.cloud.config.server.environment.EnvironmentController.defaultLabel(java.lang.String,java.lang.String)
2018-03-25 18:07:00.937 [restartedMain] INFO  o.s.w.s.m.m.a.RequestMappingHandlerMapping -Mapped "{[/{name}-{profiles}.json],methods=[GET]}" onto public org.springframework.http.ResponseEntity<java.lang.String> org.springframework.cloud.config.server.environment.EnvironmentController.jsonProperties(java.lang.String,java.lang.String,boolean) throws java.lang.Exception
2018-03-25 18:07:00.939 [restartedMain] INFO  o.s.w.s.m.m.a.RequestMappingHandlerMapping -Mapped "{[/{name}/{profiles}/{label:.*}],methods=[GET]}" onto public org.springframework.cloud.config.environment.Environment org.springframework.cloud.config.server.environment.EnvironmentController.labelled(java.lang.String,java.lang.String,java.lang.String)
2018-03-25 18:07:00.939 [restartedMain] INFO  o.s.w.s.m.m.a.RequestMappingHandlerMapping -Mapped "{[/{label}/{name}-{profiles}.yml || /{label}/{name}-{profiles}.yaml],methods=[GET]}" onto public org.springframework.http.ResponseEntity<java.lang.String> org.springframework.cloud.config.server.environment.EnvironmentController.labelledYaml(java.lang.String,java.lang.String,java.lang.String,boolean) throws java.lang.Exception
2018-03-25 18:07:00.941 [restartedMain] INFO  o.s.w.s.m.m.a.RequestMappingHandlerMapping -Mapped "{[/{label}/{name}-{profiles}.json],methods=[GET]}" onto public org.springframework.http.ResponseEntity<java.lang.String> org.springframework.cloud.config.server.environment.EnvironmentController.labelledJsonProperties(java.lang.String,java.lang.String,java.lang.String,boolean) throws java.lang.Exception
2018-03-25 18:07:00.941 [restartedMain] INFO  o.s.w.s.m.m.a.RequestMappingHandlerMapping -Mapped "{[/{label}/{name}-{profiles}.properties],methods=[GET]}" onto public org.springframework.http.ResponseEntity<java.lang.String> org.springframework.cloud.config.server.environment.EnvironmentController.labelledProperties(java.lang.String,java.lang.String,java.lang.String,boolean) throws java.io.IOException
2018-03-25 18:07:00.965 [restartedMain] INFO  o.s.w.s.m.m.a.RequestMappingHandlerMapping -Mapped "{[/{name}/{profile}/{label}/**],methods=[GET]}" onto public java.lang.String org.springframework.cloud.config.server.resource.ResourceController.retrieve(java.lang.String,java.lang.String,java.lang.String,javax.servlet.http.HttpServletRequest,boolean) throws java.io.IOException
2018-03-25 18:07:00.967 [restartedMain] INFO  o.s.w.s.m.m.a.RequestMappingHandlerMapping -Mapped "{[/{name}/{profile}/{label}/**],methods=[GET],produces=[application/octet-stream]}" onto public synchronized byte[] org.springframework.cloud.config.server.resource.ResourceController.binary(java.lang.String,java.lang.String,java.lang.String,javax.servlet.http.HttpServletRequest) throws java.io.IOException
2018-03-25 18:07:01.315 [restartedMain] INFO  o.s.w.s.h.SimpleUrlHandlerMapping -Mapped URL path [/webjars/**] onto handler of type [class org.springframework.web.servlet.resource.ResourceHttpRequestHandler]
2018-03-25 18:07:01.316 [restartedMain] INFO  o.s.w.s.h.SimpleUrlHandlerMapping -Mapped URL path [/**] onto handler of type [class org.springframework.web.servlet.resource.ResourceHttpRequestHandler]
2018-03-25 18:07:01.717 [restartedMain] INFO  o.s.w.s.h.SimpleUrlHandlerMapping -Mapped URL path [/**/favicon.ico] onto handler of type [class org.springframework.web.servlet.resource.ResourceHttpRequestHandler]
2018-03-25 18:07:04.274 [restartedMain] INFO  o.s.b.a.e.mvc.EndpointHandlerMapping -Mapped "{[/restart || /restart.json],methods=[POST]}" onto public java.lang.Object org.springframework.cloud.context.restart.RestartMvcEndpoint.invoke()
2018-03-25 18:07:04.278 [restartedMain] INFO  o.s.b.a.e.mvc.EndpointHandlerMapping -Mapped "{[/dump || /dump.json],methods=[GET],produces=[application/vnd.spring-boot.actuator.v1+json || application/json]}" onto public java.lang.Object org.springframework.boot.actuate.endpoint.mvc.EndpointMvcAdapter.invoke()
2018-03-25 18:07:04.283 [restartedMain] INFO  o.s.b.a.e.mvc.EndpointHandlerMapping -Mapped "{[/archaius || /archaius.json],methods=[GET],produces=[application/vnd.spring-boot.actuator.v1+json || application/json]}" onto public java.lang.Object org.springframework.boot.actuate.endpoint.mvc.EndpointMvcAdapter.invoke()
2018-03-25 18:07:04.287 [restartedMain] INFO  o.s.b.a.e.mvc.EndpointHandlerMapping -Mapped "{[/env/{name:.*}],methods=[GET],produces=[application/vnd.spring-boot.actuator.v1+json || application/json]}" onto public java.lang.Object org.springframework.boot.actuate.endpoint.mvc.EnvironmentMvcEndpoint.value(java.lang.String)
2018-03-25 18:07:04.288 [restartedMain] INFO  o.s.b.a.e.mvc.EndpointHandlerMapping -Mapped "{[/env || /env.json],methods=[GET],produces=[application/vnd.spring-boot.actuator.v1+json || application/json]}" onto public java.lang.Object org.springframework.boot.actuate.endpoint.mvc.EndpointMvcAdapter.invoke()
2018-03-25 18:07:04.290 [restartedMain] INFO  o.s.b.a.e.mvc.EndpointHandlerMapping -Mapped "{[/env],methods=[POST]}" onto public java.lang.Object org.springframework.cloud.context.environment.EnvironmentManagerMvcEndpoint.value(java.util.Map<java.lang.String, java.lang.String>)
2018-03-25 18:07:04.291 [restartedMain] INFO  o.s.b.a.e.mvc.EndpointHandlerMapping -Mapped "{[/env/reset],methods=[POST]}" onto public java.util.Map<java.lang.String, java.lang.Object> org.springframework.cloud.context.environment.EnvironmentManagerMvcEndpoint.reset()
2018-03-25 18:07:04.294 [restartedMain] INFO  o.s.b.a.e.mvc.EndpointHandlerMapping -Mapped "{[/loggers/{name:.*}],methods=[GET],produces=[application/vnd.spring-boot.actuator.v1+json || application/json]}" onto public java.lang.Object org.springframework.boot.actuate.endpoint.mvc.LoggersMvcEndpoint.get(java.lang.String)
2018-03-25 18:07:04.298 [restartedMain] INFO  o.s.b.a.e.mvc.EndpointHandlerMapping -Mapped "{[/loggers/{name:.*}],methods=[POST],consumes=[application/vnd.spring-boot.actuator.v1+json || application/json],produces=[application/vnd.spring-boot.actuator.v1+json || application/json]}" onto public java.lang.Object org.springframework.boot.actuate.endpoint.mvc.LoggersMvcEndpoint.set(java.lang.String,java.util.Map<java.lang.String, java.lang.String>)
2018-03-25 18:07:04.300 [restartedMain] INFO  o.s.b.a.e.mvc.EndpointHandlerMapping -Mapped "{[/loggers || /loggers.json],methods=[GET],produces=[application/vnd.spring-boot.actuator.v1+json || application/json]}" onto public java.lang.Object org.springframework.boot.actuate.endpoint.mvc.EndpointMvcAdapter.invoke()
2018-03-25 18:07:04.302 [restartedMain] INFO  o.s.b.a.e.mvc.EndpointHandlerMapping -Mapped "{[/trace || /trace.json],methods=[GET],produces=[application/vnd.spring-boot.actuator.v1+json || application/json]}" onto public java.lang.Object org.springframework.boot.actuate.endpoint.mvc.EndpointMvcAdapter.invoke()
2018-03-25 18:07:04.303 [restartedMain] INFO  o.s.b.a.e.mvc.EndpointHandlerMapping -Mapped "{[/pause || /pause.json],methods=[POST]}" onto public java.lang.Object org.springframework.cloud.endpoint.GenericPostableMvcEndpoint.invoke()
2018-03-25 18:07:04.306 [restartedMain] INFO  o.s.b.a.e.mvc.EndpointHandlerMapping -Mapped "{[/features || /features.json],methods=[GET],produces=[application/vnd.spring-boot.actuator.v1+json || application/json]}" onto public java.lang.Object org.springframework.boot.actuate.endpoint.mvc.EndpointMvcAdapter.invoke()
2018-03-25 18:07:04.309 [restartedMain] INFO  o.s.b.a.e.mvc.EndpointHandlerMapping -Mapped "{[/mappings || /mappings.json],methods=[GET],produces=[application/vnd.spring-boot.actuator.v1+json || application/json]}" onto public java.lang.Object org.springframework.boot.actuate.endpoint.mvc.EndpointMvcAdapter.invoke()
2018-03-25 18:07:04.313 [restartedMain] INFO  o.s.b.a.e.mvc.EndpointHandlerMapping -Mapped "{[/auditevents || /auditevents.json],methods=[GET],produces=[application/vnd.spring-boot.actuator.v1+json || application/json]}" onto public org.springframework.http.ResponseEntity<?> org.springframework.boot.actuate.endpoint.mvc.AuditEventsMvcEndpoint.findByPrincipalAndAfterAndType(java.lang.String,java.util.Date,java.lang.String)
2018-03-25 18:07:04.315 [restartedMain] INFO  o.s.b.a.e.mvc.EndpointHandlerMapping -Mapped "{[/beans || /beans.json],methods=[GET],produces=[application/vnd.spring-boot.actuator.v1+json || application/json]}" onto public java.lang.Object org.springframework.boot.actuate.endpoint.mvc.EndpointMvcAdapter.invoke()
2018-03-25 18:07:04.317 [restartedMain] INFO  o.s.b.a.e.mvc.EndpointHandlerMapping -Mapped "{[/autoconfig || /autoconfig.json],methods=[GET],produces=[application/vnd.spring-boot.actuator.v1+json || application/json]}" onto public java.lang.Object org.springframework.boot.actuate.endpoint.mvc.EndpointMvcAdapter.invoke()
2018-03-25 18:07:04.320 [restartedMain] INFO  o.s.b.a.e.mvc.EndpointHandlerMapping -Mapped "{[/health || /health.json],methods=[GET],produces=[application/vnd.spring-boot.actuator.v1+json || application/json]}" onto public java.lang.Object org.springframework.boot.actuate.endpoint.mvc.HealthMvcEndpoint.invoke(javax.servlet.http.HttpServletRequest,java.security.Principal)
2018-03-25 18:07:04.322 [restartedMain] INFO  o.s.b.a.e.mvc.EndpointHandlerMapping -Mapped "{[/metrics/{name:.*}],methods=[GET],produces=[application/vnd.spring-boot.actuator.v1+json || application/json]}" onto public java.lang.Object org.springframework.boot.actuate.endpoint.mvc.MetricsMvcEndpoint.value(java.lang.String)
2018-03-25 18:07:04.323 [restartedMain] INFO  o.s.b.a.e.mvc.EndpointHandlerMapping -Mapped "{[/metrics || /metrics.json],methods=[GET],produces=[application/vnd.spring-boot.actuator.v1+json || application/json]}" onto public java.lang.Object org.springframework.boot.actuate.endpoint.mvc.EndpointMvcAdapter.invoke()
2018-03-25 18:07:04.324 [restartedMain] INFO  o.s.b.a.e.mvc.EndpointHandlerMapping -Mapped "{[/refresh || /refresh.json],methods=[POST]}" onto public java.lang.Object org.springframework.cloud.endpoint.GenericPostableMvcEndpoint.invoke()
2018-03-25 18:07:04.326 [restartedMain] INFO  o.s.b.a.e.mvc.EndpointHandlerMapping -Mapped "{[/heapdump || /heapdump.json],methods=[GET],produces=[application/octet-stream]}" onto public void org.springframework.boot.actuate.endpoint.mvc.HeapdumpMvcEndpoint.invoke(boolean,javax.servlet.http.HttpServletRequest,javax.servlet.http.HttpServletResponse) throws java.io.IOException,javax.servlet.ServletException
2018-03-25 18:07:04.337 [restartedMain] INFO  o.s.b.a.e.mvc.EndpointHandlerMapping -Mapped "{[/resume || /resume.json],methods=[POST]}" onto public java.lang.Object org.springframework.cloud.endpoint.GenericPostableMvcEndpoint.invoke()
2018-03-25 18:07:04.357 [restartedMain] INFO  o.s.b.a.e.mvc.EndpointHandlerMapping -Mapped "{[/info || /info.json],methods=[GET],produces=[application/vnd.spring-boot.actuator.v1+json || application/json]}" onto public java.lang.Object org.springframework.boot.actuate.endpoint.mvc.EndpointMvcAdapter.invoke()
2018-03-25 18:07:04.365 [restartedMain] INFO  o.s.b.a.e.mvc.EndpointHandlerMapping -Mapped "{[/configprops || /configprops.json],methods=[GET],produces=[application/vnd.spring-boot.actuator.v1+json || application/json]}" onto public java.lang.Object org.springframework.boot.actuate.endpoint.mvc.EndpointMvcAdapter.invoke()
2018-03-25 18:07:04.737 [restartedMain] WARN  o.s.b.d.a.OptionalLiveReloadServer -Unable to start LiveReload server
2018-03-25 18:07:05.901 [restartedMain] WARN  c.n.c.sources.URLConfigurationSource -No URLs will be polled as dynamic configuration sources.
2018-03-25 18:07:05.902 [restartedMain] INFO  c.n.c.sources.URLConfigurationSource -To enable URLs as dynamic configuration sources, define System property archaius.configurationSource.additionalUrls or make config.properties available on classpath.
2018-03-25 18:07:05.916 [restartedMain] WARN  c.n.c.sources.URLConfigurationSource -No URLs will be polled as dynamic configuration sources.
2018-03-25 18:07:05.917 [restartedMain] INFO  c.n.c.sources.URLConfigurationSource -To enable URLs as dynamic configuration sources, define System property archaius.configurationSource.additionalUrls or make config.properties available on classpath.
2018-03-25 18:07:06.161 [restartedMain] INFO  o.s.j.e.a.AnnotationMBeanExporter -Registering beans for JMX exposure on startup
2018-03-25 18:07:06.179 [restartedMain] INFO  o.s.j.e.a.AnnotationMBeanExporter -Bean with name 'environmentManager' has been autodetected for JMX exposure
2018-03-25 18:07:06.182 [restartedMain] INFO  o.s.j.e.a.AnnotationMBeanExporter -Bean with name 'configurationPropertiesRebinder' has been autodetected for JMX exposure
2018-03-25 18:07:06.185 [restartedMain] INFO  o.s.j.e.a.AnnotationMBeanExporter -Bean with name 'refreshEndpoint' has been autodetected for JMX exposure
2018-03-25 18:07:06.189 [restartedMain] INFO  o.s.j.e.a.AnnotationMBeanExporter -Bean with name 'restartEndpoint' has been autodetected for JMX exposure
2018-03-25 18:07:06.193 [restartedMain] INFO  o.s.j.e.a.AnnotationMBeanExporter -Bean with name 'refreshScope' has been autodetected for JMX exposure
2018-03-25 18:07:06.199 [restartedMain] INFO  o.s.j.e.a.AnnotationMBeanExporter -Located managed bean 'environmentManager': registering with JMX server as MBean [org.springframework.cloud.context.environment:name=environmentManager,type=EnvironmentManager]
2018-03-25 18:07:06.225 [restartedMain] INFO  o.s.j.e.a.AnnotationMBeanExporter -Located managed bean 'restartEndpoint': registering with JMX server as MBean [org.springframework.cloud.context.restart:name=restartEndpoint,type=RestartEndpoint]
2018-03-25 18:07:06.258 [restartedMain] INFO  o.s.j.e.a.AnnotationMBeanExporter -Located managed bean 'refreshScope': registering with JMX server as MBean [org.springframework.cloud.context.scope.refresh:name=refreshScope,type=RefreshScope]
2018-03-25 18:07:06.289 [restartedMain] INFO  o.s.j.e.a.AnnotationMBeanExporter -Located managed bean 'configurationPropertiesRebinder': registering with JMX server as MBean [org.springframework.cloud.context.properties:name=configurationPropertiesRebinder,context=6c5ecfcf,type=ConfigurationPropertiesRebinder]
2018-03-25 18:07:06.321 [restartedMain] INFO  o.s.j.e.a.AnnotationMBeanExporter -Located managed bean 'refreshEndpoint': registering with JMX server as MBean [org.springframework.cloud.endpoint:name=refreshEndpoint,type=RefreshEndpoint]
2018-03-25 18:07:06.692 [restartedMain] INFO  o.s.c.s.DefaultLifecycleProcessor -Starting beans in phase 0
2018-03-25 18:07:06.942 [restartedMain] INFO  o.e.j.s.h.ContextHandler.application -Initializing Spring FrameworkServlet 'dispatcherServlet'
2018-03-25 18:07:06.945 [restartedMain] INFO  o.s.web.servlet.DispatcherServlet -FrameworkServlet 'dispatcherServlet': initialization started
2018-03-25 18:07:07.019 [restartedMain] INFO  o.s.web.servlet.DispatcherServlet -FrameworkServlet 'dispatcherServlet': initialization completed in 72 ms
2018-03-25 18:07:07.100 [restartedMain] INFO  o.e.jetty.server.AbstractConnector -Started ServerConnector@3dd6b237{HTTP/1.1,[http/1.1]}{0.0.0.0:7101}
2018-03-25 18:07:07.102 [restartedMain] INFO  o.s.b.c.e.j.JettyEmbeddedServletContainer -Jetty started on port(s) 7101 (http/1.1)
2018-03-25 18:07:07.116 [restartedMain] INFO  c.c.m.Config_7101_StartSpringCloudApplication -Started Config_7101_StartSpringCloudApplication in 21.434 seconds (JVM running for 23.848)
2018-03-25 18:11:33.794 [qtp803633668-26] WARN  o.s.c.c.s.e.MultipleJGitEnvironmentRepository -Could not fetch remote for master remote: https://github.com/yejunxiang/microconfig.git
2018-03-25 18:11:35.609 [qtp803633668-26] INFO  o.s.c.a.AnnotationConfigApplicationContext -Refreshing org.springframework.context.annotation.AnnotationConfigApplicationContext@47ca57c6: startup date [Sun Mar 25 18:11:35 CST 2018]; root of context hierarchy
2018-03-25 18:11:35.634 [qtp803633668-26] INFO  o.s.b.f.a.AutowiredAnnotationBeanPostProcessor -JSR-330 'javax.inject.Inject' annotation found and supported for autowiring
2018-03-25 18:11:35.665 [qtp803633668-26] INFO  o.s.c.c.s.e.NativeEnvironmentRepository -Adding property source: file:/C:/Users/admin/AppData/Local/Temp/config-repo-6090217226393225050/microcloud-config-eureka-client.yml#beta
2018-03-25 18:11:35.666 [qtp803633668-26] INFO  o.s.c.c.s.e.NativeEnvironmentRepository -Adding property source: file:/C:/Users/admin/AppData/Local/Temp/config-repo-6090217226393225050/microcloud-config-eureka-client.yml
2018-03-25 18:11:35.667 [qtp803633668-26] INFO  o.s.c.c.s.e.NativeEnvironmentRepository -Adding property source: file:/C:/Users/admin/AppData/Local/Temp/config-repo-6090217226393225050/application.yml
2018-03-25 18:11:35.668 [qtp803633668-26] INFO  o.s.c.a.AnnotationConfigApplicationContext -Closing org.springframework.context.annotation.AnnotationConfigApplicationContext@47ca57c6: startup date [Sun Mar 25 18:11:35 CST 2018]; root of context hierarchy
2018-03-25 18:34:27.928 [qtp803633668-31] INFO  o.s.c.a.AnnotationConfigApplicationContext -Refreshing org.springframework.context.annotation.AnnotationConfigApplicationContext@6f2e09bb: startup date [Sun Mar 25 18:34:27 CST 2018]; root of context hierarchy
2018-03-25 18:34:28.011 [qtp803633668-31] INFO  o.s.b.f.a.AutowiredAnnotationBeanPostProcessor -JSR-330 'javax.inject.Inject' annotation found and supported for autowiring
2018-03-25 18:34:28.061 [qtp803633668-31] INFO  o.s.c.c.s.e.NativeEnvironmentRepository -Adding property source: file:/C:/Users/admin/AppData/Local/Temp/config-repo-6090217226393225050/microcloud-config-eureka-client.yml#beta
2018-03-25 18:34:28.062 [qtp803633668-31] INFO  o.s.c.c.s.e.NativeEnvironmentRepository -Adding property source: file:/C:/Users/admin/AppData/Local/Temp/config-repo-6090217226393225050/microcloud-config-eureka-client.yml
2018-03-25 18:34:28.064 [qtp803633668-31] INFO  o.s.c.c.s.e.NativeEnvironmentRepository -Adding property source: file:/C:/Users/admin/AppData/Local/Temp/config-repo-6090217226393225050/application.yml
2018-03-25 18:34:28.069 [qtp803633668-31] INFO  o.s.c.a.AnnotationConfigApplicationContext -Closing org.springframework.context.annotation.AnnotationConfigApplicationContext@6f2e09bb: startup date [Sun Mar 25 18:34:27 CST 2018]; root of context hierarchy
2018-03-25 18:37:05.923 [qtp803633668-29] INFO  o.s.c.a.AnnotationConfigApplicationContext -Refreshing org.springframework.context.annotation.AnnotationConfigApplicationContext@85427da: startup date [Sun Mar 25 18:37:05 CST 2018]; root of context hierarchy
2018-03-25 18:37:05.977 [qtp803633668-29] INFO  o.s.b.f.a.AutowiredAnnotationBeanPostProcessor -JSR-330 'javax.inject.Inject' annotation found and supported for autowiring
2018-03-25 18:37:06.036 [qtp803633668-29] INFO  o.s.c.c.s.e.NativeEnvironmentRepository -Adding property source: file:/C:/Users/admin/AppData/Local/Temp/config-repo-6090217226393225050/microcloud-config-dept-client.yml
2018-03-25 18:37:06.037 [qtp803633668-29] INFO  o.s.c.c.s.e.NativeEnvironmentRepository -Adding property source: file:/C:/Users/admin/AppData/Local/Temp/config-repo-6090217226393225050/application.yml
2018-03-25 18:37:06.040 [qtp803633668-29] INFO  o.s.c.a.AnnotationConfigApplicationContext -Closing org.springframework.context.annotation.AnnotationConfigApplicationContext@85427da: startup date [Sun Mar 25 18:37:05 CST 2018]; root of context hierarchy
2018-03-25 19:05:18.987 [qtp803633668-32] WARN  o.s.c.c.s.e.MultipleJGitEnvironmentRepository -Could not fetch remote for master remote: https://github.com/yejunxiang/microconfig.git
2018-03-25 19:05:20.919 [qtp803633668-32] INFO  o.s.c.a.AnnotationConfigApplicationContext -Refreshing org.springframework.context.annotation.AnnotationConfigApplicationContext@415b5d1a: startup date [Sun Mar 25 19:05:20 CST 2018]; root of context hierarchy
2018-03-25 19:05:21.085 [qtp803633668-32] INFO  o.s.b.f.a.AutowiredAnnotationBeanPostProcessor -JSR-330 'javax.inject.Inject' annotation found and supported for autowiring
2018-03-25 19:05:21.245 [qtp803633668-32] INFO  o.s.c.c.s.e.NativeEnvironmentRepository -Adding property source: file:/C:/Users/admin/AppData/Local/Temp/config-repo-6090217226393225050/microcloud-config-dept-client.yml
2018-03-25 19:05:21.246 [qtp803633668-32] INFO  o.s.c.c.s.e.NativeEnvironmentRepository -Adding property source: file:/C:/Users/admin/AppData/Local/Temp/config-repo-6090217226393225050/application.yml
2018-03-25 19:05:21.246 [qtp803633668-32] INFO  o.s.c.a.AnnotationConfigApplicationContext -Closing org.springframework.context.annotation.AnnotationConfigApplicationContext@415b5d1a: startup date [Sun Mar 25 19:05:20 CST 2018]; root of context hierarchy
2018-03-25 19:10:23.981 [qtp803633668-30] INFO  o.s.c.c.s.e.MultipleJGitEnvironmentRepository -Fetched for remote master and found 1 updates
2018-03-25 19:10:24.761 [qtp803633668-30] INFO  o.s.c.a.AnnotationConfigApplicationContext -Refreshing org.springframework.context.annotation.AnnotationConfigApplicationContext@183d6fc0: startup date [Sun Mar 25 19:10:24 CST 2018]; root of context hierarchy
2018-03-25 19:10:24.785 [qtp803633668-30] INFO  o.s.b.f.a.AutowiredAnnotationBeanPostProcessor -JSR-330 'javax.inject.Inject' annotation found and supported for autowiring
2018-03-25 19:10:24.830 [qtp803633668-30] INFO  o.s.c.c.s.e.NativeEnvironmentRepository -Adding property source: file:/C:/Users/admin/AppData/Local/Temp/config-repo-6090217226393225050/microcloud-config-dept-client.yml#beta
2018-03-25 19:10:24.831 [qtp803633668-30] INFO  o.s.c.c.s.e.NativeEnvironmentRepository -Adding property source: file:/C:/Users/admin/AppData/Local/Temp/config-repo-6090217226393225050/microcloud-config-dept-client.yml
2018-03-25 19:10:24.832 [qtp803633668-30] INFO  o.s.c.c.s.e.NativeEnvironmentRepository -Adding property source: file:/C:/Users/admin/AppData/Local/Temp/config-repo-6090217226393225050/application.yml
2018-03-25 19:10:24.833 [qtp803633668-30] INFO  o.s.c.a.AnnotationConfigApplicationContext -Closing org.springframework.context.annotation.AnnotationConfigApplicationContext@183d6fc0: startup date [Sun Mar 25 19:10:24 CST 2018]; root of context hierarchy
2018-03-25 21:53:00.064 [RMI TCP Connection(2)-127.0.0.1] INFO  o.s.b.a.SpringApplicationAdminMXBeanRegistrar$SpringApplicationAdmin -Application shutdown requested.
2018-03-25 21:53:00.110 [RMI TCP Connection(2)-127.0.0.1] INFO  o.s.b.c.e.AnnotationConfigEmbeddedWebApplicationContext -Closing org.springframework.boot.context.embedded.AnnotationConfigEmbeddedWebApplicationContext@6c5ecfcf: startup date [Sun Mar 25 18:06:50 CST 2018]; parent: org.springframework.context.annotation.AnnotationConfigApplicationContext@7dcf7971
2018-03-25 21:53:00.382 [RMI TCP Connection(2)-127.0.0.1] INFO  o.s.c.s.DefaultLifecycleProcessor -Stopping beans in phase 0
2018-03-25 21:53:00.586 [RMI TCP Connection(2)-127.0.0.1] INFO  o.s.j.e.a.AnnotationMBeanExporter -Unregistering JMX-exposed beans on shutdown
2018-03-25 21:53:00.587 [RMI TCP Connection(2)-127.0.0.1] INFO  o.s.j.e.a.AnnotationMBeanExporter -Unregistering JMX-exposed beans
2018-03-25 21:53:00.794 [RMI TCP Connection(2)-127.0.0.1] INFO  o.e.jetty.server.AbstractConnector -Stopped ServerConnector@3dd6b237{HTTP/1.1,[http/1.1]}{0.0.0.0:7101}
2018-03-25 21:53:00.795 [RMI TCP Connection(2)-127.0.0.1] INFO  org.eclipse.jetty.server.session -Stopped scavenging
2018-03-25 21:53:00.981 [RMI TCP Connection(2)-127.0.0.1] INFO  o.e.j.s.h.ContextHandler.application -Destroying Spring FrameworkServlet 'dispatcherServlet'
2018-03-25 21:53:01.007 [RMI TCP Connection(2)-127.0.0.1] INFO  o.e.j.server.handler.ContextHandler -Stopped o.s.b.c.e.j.JettyEmbeddedWebAppContext@426cc405{/,[file:///C:/Users/admin/AppData/Local/Temp/jetty-docbase.6261902139904239890.7101/],UNAVAILABLE}
