2018-08-11 10:33:36.168 [restartedMain] INFO  o.s.c.a.AnnotationConfigApplicationContext -Refreshing org.springframework.context.annotation.AnnotationConfigApplicationContext@55750c27: startup date [Sat Aug 11 10:33:36 CST 2018]; root of context hierarchy
2018-08-11 10:33:37.068 [restartedMain] INFO  o.s.b.f.a.AutowiredAnnotationBeanPostProcessor -JSR-330 'javax.inject.Inject' annotation found and supported for autowiring
2018-08-11 10:33:37.175 [restartedMain] INFO  o.s.c.s.PostProcessorRegistrationDelegate$BeanPostProcessorChecker -Bean 'configurationPropertiesRebinderAutoConfiguration' of type [org.springframework.cloud.autoconfigure.ConfigurationPropertiesRebinderAutoConfiguration$$EnhancerBySpringCGLIB$$6bf7536d] is not eligible for getting processed by all BeanPostProcessors (for example: not eligible for auto-proxying)
2018-08-11 10:33:39.648 [restartedMain] INFO  o.s.c.c.c.ConfigServicePropertySourceLocator -Fetching config from server at: http://localhost:8888
2018-08-11 10:33:40.930 [restartedMain] WARN  o.s.c.c.c.ConfigServicePropertySourceLocator -Could not locate PropertySource: I/O error on GET request for "http://localhost:8888/application/default": Connection refused: connect; nested exception is java.net.ConnectException: Connection refused: connect
2018-08-11 10:33:40.943 [restartedMain] INFO  c.c.m.Consumer_80_StartSpringCloudApplication -No active profile set, falling back to default profiles: default
2018-08-11 10:33:41.023 [restartedMain] INFO  o.s.b.c.e.AnnotationConfigEmbeddedWebApplicationContext -Refreshing org.springframework.boot.context.embedded.AnnotationConfigEmbeddedWebApplicationContext@339e76f8: startup date [Sat Aug 11 10:33:41 CST 2018]; parent: org.springframework.context.annotation.AnnotationConfigApplicationContext@55750c27
2018-08-11 10:33:43.212 [restartedMain] INFO  o.s.cloud.context.scope.GenericScope -BeanFactory id=db9a82ec-9925-3148-8c29-6a5c388bd018
2018-08-11 10:33:43.232 [restartedMain] INFO  o.s.b.f.a.AutowiredAnnotationBeanPostProcessor -JSR-330 'javax.inject.Inject' annotation found and supported for autowiring
2018-08-11 10:33:43.297 [restartedMain] INFO  o.s.c.s.PostProcessorRegistrationDelegate$BeanPostProcessorChecker -Bean 'org.springframework.cloud.autoconfigure.ConfigurationPropertiesRebinderAutoConfiguration' of type [org.springframework.cloud.autoconfigure.ConfigurationPropertiesRebinderAutoConfiguration$$EnhancerBySpringCGLIB$$6bf7536d] is not eligible for getting processed by all BeanPostProcessors (for example: not eligible for auto-proxying)
2018-08-11 10:33:43.598 [restartedMain] INFO  org.eclipse.jetty.util.log -Logging initialized @11452ms to org.eclipse.jetty.util.log.Slf4jLog
2018-08-11 10:33:44.578 [restartedMain] INFO  o.s.b.c.e.j.JettyEmbeddedServletContainerFactory -Server initialized with port: 80
2018-08-11 10:33:44.585 [restartedMain] INFO  org.eclipse.jetty.server.Server -jetty-9.4.5.v20170502
2018-08-11 10:33:45.043 [restartedMain] INFO  org.eclipse.jetty.server.session -DefaultSessionIdManager workerName=node0
2018-08-11 10:33:45.048 [restartedMain] INFO  org.eclipse.jetty.server.session -No SessionScavenger set, using defaults
2018-08-11 10:33:45.055 [restartedMain] INFO  org.eclipse.jetty.server.session -Scavenging every 600000ms
2018-08-11 10:33:45.074 [restartedMain] INFO  o.e.j.s.h.ContextHandler.application -Initializing Spring embedded WebApplicationContext
2018-08-11 10:33:45.075 [restartedMain] INFO  o.s.web.context.ContextLoader -Root WebApplicationContext: initialization completed in 4052 ms
2018-08-11 10:33:45.655 [restartedMain] INFO  o.s.b.w.s.ServletRegistrationBean -Mapping servlet: 'dispatcherServlet' to [/]
2018-08-11 10:33:45.662 [restartedMain] INFO  o.s.b.w.s.FilterRegistrationBean -Mapping filter: 'characterEncodingFilter' to: [/*]
2018-08-11 10:33:45.663 [restartedMain] INFO  o.s.b.w.s.FilterRegistrationBean -Mapping filter: 'hiddenHttpMethodFilter' to: [/*]
2018-08-11 10:33:45.664 [restartedMain] INFO  o.s.b.w.s.FilterRegistrationBean -Mapping filter: 'httpPutFormContentFilter' to: [/*]
2018-08-11 10:33:45.664 [restartedMain] INFO  o.s.b.w.s.FilterRegistrationBean -Mapping filter: 'requestContextFilter' to: [/*]
2018-08-11 10:33:47.652 [restartedMain] INFO  o.e.j.server.handler.ContextHandler -Started o.s.b.c.e.j.JettyEmbeddedWebAppContext@5f2c41e5{/,[file:///C:/Users/admin/AppData/Local/Temp/jetty-docbase.2609677892598545331.80/],AVAILABLE}
2018-08-11 10:33:47.655 [restartedMain] INFO  org.eclipse.jetty.server.Server -Started @15511ms
2018-08-11 10:33:49.634 [restartedMain] INFO  o.s.w.s.m.m.a.RequestMappingHandlerAdapter -Looking for @ControllerAdvice: org.springframework.boot.context.embedded.AnnotationConfigEmbeddedWebApplicationContext@339e76f8: startup date [Sat Aug 11 10:33:41 CST 2018]; parent: org.springframework.context.annotation.AnnotationConfigApplicationContext@55750c27
2018-08-11 10:33:49.899 [restartedMain] INFO  o.s.w.s.m.m.a.RequestMappingHandlerMapping -Mapped "{[/consumer/dept/list]}" onto public java.lang.Object com.caxins.microcloud.controller.ConsumerDeptController.listDept()
2018-08-11 10:33:49.903 [restartedMain] INFO  o.s.w.s.m.m.a.RequestMappingHandlerMapping -Mapped "{[/consumer/dept/add]}" onto public java.lang.Object com.caxins.microcloud.controller.ConsumerDeptController.addDept(com.caxins.vo.Dept)
2018-08-11 10:33:49.905 [restartedMain] INFO  o.s.w.s.m.m.a.RequestMappingHandlerMapping -Mapped "{[/consumer/dept/get]}" onto public java.lang.Object com.caxins.microcloud.controller.ConsumerDeptController.getDept(long)
2018-08-11 10:33:49.917 [restartedMain] INFO  o.s.w.s.m.m.a.RequestMappingHandlerMapping -Mapped "{[/error]}" onto public org.springframework.http.ResponseEntity<java.util.Map<java.lang.String, java.lang.Object>> org.springframework.boot.autoconfigure.web.BasicErrorController.error(javax.servlet.http.HttpServletRequest)
2018-08-11 10:33:49.920 [restartedMain] INFO  o.s.w.s.m.m.a.RequestMappingHandlerMapping -Mapped "{[/error],produces=[text/html]}" onto public org.springframework.web.servlet.ModelAndView org.springframework.boot.autoconfigure.web.BasicErrorController.errorHtml(javax.servlet.http.HttpServletRequest,javax.servlet.http.HttpServletResponse)
2018-08-11 10:33:50.017 [restartedMain] INFO  o.s.w.s.h.SimpleUrlHandlerMapping -Mapped URL path [/webjars/**] onto handler of type [class org.springframework.web.servlet.resource.ResourceHttpRequestHandler]
2018-08-11 10:33:50.053 [restartedMain] INFO  o.s.w.s.h.SimpleUrlHandlerMapping -Mapped URL path [/**] onto handler of type [class org.springframework.web.servlet.resource.ResourceHttpRequestHandler]
2018-08-11 10:33:50.169 [restartedMain] INFO  o.s.w.s.h.SimpleUrlHandlerMapping -Mapped URL path [/**/favicon.ico] onto handler of type [class org.springframework.web.servlet.resource.ResourceHttpRequestHandler]
2018-08-11 10:33:51.147 [restartedMain] WARN  o.s.b.d.a.OptionalLiveReloadServer -Unable to start LiveReload server
2018-08-11 10:33:51.636 [restartedMain] WARN  o.s.c.n.a.ArchaiusAutoConfiguration -No spring.application.name found, defaulting to 'application'
2018-08-11 10:33:51.649 [restartedMain] WARN  c.n.c.sources.URLConfigurationSource -No URLs will be polled as dynamic configuration sources.
2018-08-11 10:33:51.653 [restartedMain] INFO  c.n.c.sources.URLConfigurationSource -To enable URLs as dynamic configuration sources, define System property archaius.configurationSource.additionalUrls or make config.properties available on classpath.
2018-08-11 10:33:51.680 [restartedMain] WARN  c.n.c.sources.URLConfigurationSource -No URLs will be polled as dynamic configuration sources.
2018-08-11 10:33:51.682 [restartedMain] INFO  c.n.c.sources.URLConfigurationSource -To enable URLs as dynamic configuration sources, define System property archaius.configurationSource.additionalUrls or make config.properties available on classpath.
2018-08-11 10:33:52.037 [restartedMain] INFO  o.s.j.e.a.AnnotationMBeanExporter -Registering beans for JMX exposure on startup
2018-08-11 10:33:52.064 [restartedMain] INFO  o.s.j.e.a.AnnotationMBeanExporter -Bean with name 'environmentManager' has been autodetected for JMX exposure
2018-08-11 10:33:52.069 [restartedMain] INFO  o.s.j.e.a.AnnotationMBeanExporter -Bean with name 'configurationPropertiesRebinder' has been autodetected for JMX exposure
2018-08-11 10:33:52.075 [restartedMain] INFO  o.s.j.e.a.AnnotationMBeanExporter -Bean with name 'refreshScope' has been autodetected for JMX exposure
2018-08-11 10:33:52.082 [restartedMain] INFO  o.s.j.e.a.AnnotationMBeanExporter -Located managed bean 'environmentManager': registering with JMX server as MBean [org.springframework.cloud.context.environment:name=environmentManager,type=EnvironmentManager]
2018-08-11 10:33:52.138 [restartedMain] INFO  o.s.j.e.a.AnnotationMBeanExporter -Located managed bean 'refreshScope': registering with JMX server as MBean [org.springframework.cloud.context.scope.refresh:name=refreshScope,type=RefreshScope]
2018-08-11 10:33:52.195 [restartedMain] INFO  o.s.j.e.a.AnnotationMBeanExporter -Located managed bean 'configurationPropertiesRebinder': registering with JMX server as MBean [org.springframework.cloud.context.properties:name=configurationPropertiesRebinder,context=339e76f8,type=ConfigurationPropertiesRebinder]
2018-08-11 10:33:53.065 [restartedMain] INFO  o.s.c.s.DefaultLifecycleProcessor -Starting beans in phase 0
2018-08-11 10:33:53.085 [restartedMain] INFO  o.s.c.n.eureka.InstanceInfoFactory -Setting initial instance status as: STARTING
2018-08-11 10:33:53.314 [restartedMain] INFO  c.netflix.discovery.DiscoveryClient -Initializing Eureka in region us-east-1
2018-08-11 10:33:53.645 [restartedMain] INFO  c.n.d.p.DiscoveryJerseyProvider -Using JSON encoding codec LegacyJacksonJson
2018-08-11 10:33:53.648 [restartedMain] INFO  c.n.d.p.DiscoveryJerseyProvider -Using JSON decoding codec LegacyJacksonJson
2018-08-11 10:33:53.944 [restartedMain] INFO  c.n.d.p.DiscoveryJerseyProvider -Using XML encoding codec XStreamXml
2018-08-11 10:33:53.945 [restartedMain] INFO  c.n.d.p.DiscoveryJerseyProvider -Using XML decoding codec XStreamXml
2018-08-11 10:33:54.291 [restartedMain] INFO  c.n.d.s.r.aws.ConfigClusterResolver -Resolving eureka endpoints via configuration
2018-08-11 10:33:54.626 [restartedMain] INFO  c.netflix.discovery.DiscoveryClient -Disable delta property : false
2018-08-11 10:33:54.627 [restartedMain] INFO  c.netflix.discovery.DiscoveryClient -Single vip registry refresh property : null
2018-08-11 10:33:54.628 [restartedMain] INFO  c.netflix.discovery.DiscoveryClient -Force full registry fetch : false
2018-08-11 10:33:54.629 [restartedMain] INFO  c.netflix.discovery.DiscoveryClient -Application is null : false
2018-08-11 10:33:54.629 [restartedMain] INFO  c.netflix.discovery.DiscoveryClient -Registered Applications size is zero : true
2018-08-11 10:33:54.629 [restartedMain] INFO  c.netflix.discovery.DiscoveryClient -Application version is -1: true
2018-08-11 10:33:54.630 [restartedMain] INFO  c.netflix.discovery.DiscoveryClient -Getting all instance registry info from the eureka server
2018-08-11 10:33:54.852 [restartedMain] INFO  c.netflix.discovery.DiscoveryClient -The response status is 200
2018-08-11 10:33:54.856 [restartedMain] INFO  c.netflix.discovery.DiscoveryClient -Not registering with Eureka server per configuration
2018-08-11 10:33:54.861 [restartedMain] INFO  c.netflix.discovery.DiscoveryClient -Discovery Client initialized at timestamp 1533954834861 with initial instances count: 1
2018-08-11 10:33:54.921 [restartedMain] INFO  o.s.c.n.e.s.EurekaServiceRegistry -Registering application unknown with eureka with status UP
2018-08-11 10:33:54.952 [restartedMain] INFO  o.e.j.s.h.ContextHandler.application -Initializing Spring FrameworkServlet 'dispatcherServlet'
2018-08-11 10:33:54.953 [restartedMain] INFO  o.s.web.servlet.DispatcherServlet -FrameworkServlet 'dispatcherServlet': initialization started
2018-08-11 10:33:54.982 [restartedMain] INFO  o.s.web.servlet.DispatcherServlet -FrameworkServlet 'dispatcherServlet': initialization completed in 28 ms
2018-08-11 10:33:55.122 [restartedMain] INFO  o.e.jetty.server.AbstractConnector -Started ServerConnector@5ab70412{HTTP/1.1,[http/1.1]}{0.0.0.0:80}
2018-08-11 10:33:55.125 [restartedMain] INFO  o.s.b.c.e.j.JettyEmbeddedServletContainer -Jetty started on port(s) 80 (http/1.1)
2018-08-11 10:33:55.128 [restartedMain] INFO  o.s.c.n.e.s.EurekaAutoServiceRegistration -Updating port to 80
2018-08-11 10:33:55.145 [restartedMain] INFO  c.c.m.Consumer_80_StartSpringCloudApplication -Started Consumer_80_StartSpringCloudApplication in 20.644 seconds (JVM running for 23.001)
2018-08-11 10:36:56.609 [qtp98937287-27] INFO  o.s.c.a.AnnotationConfigApplicationContext -Refreshing org.springframework.context.annotation.AnnotationConfigApplicationContext@5d8a3484: startup date [Sat Aug 11 10:36:56 CST 2018]; parent: org.springframework.boot.context.embedded.AnnotationConfigEmbeddedWebApplicationContext@339e76f8
2018-08-11 10:36:56.881 [qtp98937287-27] INFO  o.s.b.f.a.AutowiredAnnotationBeanPostProcessor -JSR-330 'javax.inject.Inject' annotation found and supported for autowiring
2018-08-11 10:36:57.562 [qtp98937287-27] INFO  c.n.config.ChainedDynamicProperty -Flipping property: MICROCLOUD-PROVIDER-DEPT.ribbon.ActiveConnectionsLimit to use NEXT property: niws.loadbalancer.availabilityFilteringRule.activeConnectionsLimit = 2147483647
2018-08-11 10:36:57.665 [qtp98937287-27] INFO  c.n.u.c.ShutdownEnabledTimer -Shutdown hook installed for: NFLoadBalancer-PingTimer-MICROCLOUD-PROVIDER-DEPT
2018-08-11 10:36:57.817 [qtp98937287-27] INFO  c.n.loadbalancer.BaseLoadBalancer -Client: MICROCLOUD-PROVIDER-DEPT instantiated a LoadBalancer: DynamicServerListLoadBalancer:{NFLoadBalancer:name=MICROCLOUD-PROVIDER-DEPT,current list of Servers=[],Load balancer stats=Zone stats: {},Server stats: []}ServerList:null
2018-08-11 10:36:57.838 [qtp98937287-27] INFO  c.n.l.DynamicServerListLoadBalancer -Using serverListUpdater PollingServerListUpdater
2018-08-11 10:36:57.917 [qtp98937287-27] INFO  c.n.config.ChainedDynamicProperty -Flipping property: MICROCLOUD-PROVIDER-DEPT.ribbon.ActiveConnectionsLimit to use NEXT property: niws.loadbalancer.availabilityFilteringRule.activeConnectionsLimit = 2147483647
2018-08-11 10:36:57.921 [qtp98937287-27] INFO  c.n.l.DynamicServerListLoadBalancer -DynamicServerListLoadBalancer for client MICROCLOUD-PROVIDER-DEPT initialized: DynamicServerListLoadBalancer:{NFLoadBalancer:name=MICROCLOUD-PROVIDER-DEPT,current list of Servers=[192.168.1.101:8001],Load balancer stats=Zone stats: {defaultzone=[Zone:defaultzone;	Instance count:1;	Active connections count: 0;	Circuit breaker tripped count: 0;	Active connections per server: 0.0;]
},Server stats: [[Server:192.168.1.101:8001;	Zone:defaultZone;	Total Requests:0;	Successive connection failure:0;	Total blackout seconds:0;	Last connection made:Thu Jan 01 08:00:00 CST 1970;	First connection made: Thu Jan 01 08:00:00 CST 1970;	Active Connections:0;	total failure count in last (1000) msecs:0;	average resp time:0.0;	90 percentile resp time:0.0;	95 percentile resp time:0.0;	min resp time:0.0;	max resp time:0.0;	stddev resp time:0.0]
]}ServerList:org.springframework.cloud.netflix.ribbon.eureka.DomainExtractingServerList@7c34b840
2018-08-11 10:36:58.846 [PollingServerListUpdater-0] INFO  c.n.config.ChainedDynamicProperty -Flipping property: MICROCLOUD-PROVIDER-DEPT.ribbon.ActiveConnectionsLimit to use NEXT property: niws.loadbalancer.availabilityFilteringRule.activeConnectionsLimit = 2147483647
2018-08-11 10:38:54.638 [AsyncResolver-bootstrap-executor-0] INFO  c.n.d.s.r.aws.ConfigClusterResolver -Resolving eureka endpoints via configuration
2018-08-11 10:43:54.642 [AsyncResolver-bootstrap-executor-0] INFO  c.n.d.s.r.aws.ConfigClusterResolver -Resolving eureka endpoints via configuration
2018-08-11 10:48:54.649 [AsyncResolver-bootstrap-executor-0] INFO  c.n.d.s.r.aws.ConfigClusterResolver -Resolving eureka endpoints via configuration
2018-08-11 10:53:54.658 [AsyncResolver-bootstrap-executor-0] INFO  c.n.d.s.r.aws.ConfigClusterResolver -Resolving eureka endpoints via configuration
2018-08-11 10:58:54.675 [AsyncResolver-bootstrap-executor-0] INFO  c.n.d.s.r.aws.ConfigClusterResolver -Resolving eureka endpoints via configuration
2018-08-11 11:03:54.687 [AsyncResolver-bootstrap-executor-0] INFO  c.n.d.s.r.aws.ConfigClusterResolver -Resolving eureka endpoints via configuration
2018-08-11 11:08:54.700 [AsyncResolver-bootstrap-executor-0] INFO  c.n.d.s.r.aws.ConfigClusterResolver -Resolving eureka endpoints via configuration
2018-08-11 11:13:54.705 [AsyncResolver-bootstrap-executor-0] INFO  c.n.d.s.r.aws.ConfigClusterResolver -Resolving eureka endpoints via configuration
2018-08-11 11:18:55.278 [AsyncResolver-bootstrap-executor-0] INFO  c.n.d.s.r.aws.ConfigClusterResolver -Resolving eureka endpoints via configuration
2018-08-11 11:23:55.449 [AsyncResolver-bootstrap-executor-0] INFO  c.n.d.s.r.aws.ConfigClusterResolver -Resolving eureka endpoints via configuration
2018-08-11 11:24:37.528 [RMI TCP Connection(2)-127.0.0.1] INFO  o.s.b.a.SpringApplicationAdminMXBeanRegistrar$SpringApplicationAdmin -Application shutdown requested.
2018-08-11 11:24:37.633 [RMI TCP Connection(2)-127.0.0.1] INFO  o.s.b.c.e.AnnotationConfigEmbeddedWebApplicationContext -Closing org.springframework.boot.context.embedded.AnnotationConfigEmbeddedWebApplicationContext@339e76f8: startup date [Sat Aug 11 10:33:41 CST 2018]; parent: org.springframework.context.annotation.AnnotationConfigApplicationContext@55750c27
2018-08-11 11:24:38.184 [RMI TCP Connection(2)-127.0.0.1] INFO  o.s.c.n.e.s.EurekaServiceRegistry -Unregistering application unknown with eureka with status DOWN
2018-08-11 11:24:38.486 [RMI TCP Connection(2)-127.0.0.1] INFO  c.netflix.discovery.DiscoveryClient -Shutting down DiscoveryClient ...
2018-08-11 11:24:39.425 [RMI TCP Connection(2)-127.0.0.1] INFO  c.netflix.discovery.DiscoveryClient -Completed shut down of DiscoveryClient
2018-08-11 11:24:40.061 [RMI TCP Connection(2)-127.0.0.1] INFO  o.s.c.s.DefaultLifecycleProcessor -Stopping beans in phase 0
2018-08-11 11:24:40.695 [RMI TCP Connection(2)-127.0.0.1] INFO  o.s.j.e.a.AnnotationMBeanExporter -Unregistering JMX-exposed beans on shutdown
2018-08-11 11:24:40.712 [RMI TCP Connection(2)-127.0.0.1] INFO  o.s.j.e.a.AnnotationMBeanExporter -Unregistering JMX-exposed beans
2018-08-11 11:24:40.728 [RMI TCP Connection(2)-127.0.0.1] INFO  o.s.c.a.AnnotationConfigApplicationContext -Closing org.springframework.context.annotation.AnnotationConfigApplicationContext@5d8a3484: startup date [Sat Aug 11 10:36:56 CST 2018]; parent: org.springframework.boot.context.embedded.AnnotationConfigEmbeddedWebApplicationContext@339e76f8
2018-08-11 11:24:41.195 [RMI TCP Connection(2)-127.0.0.1] WARN  o.s.c.a.AnnotationConfigApplicationContext -Exception thrown from ApplicationListener handling ContextClosedEvent
org.springframework.beans.factory.BeanCreationNotAllowedException: Error creating bean with name 'eurekaAutoServiceRegistration': Singleton bean creation not allowed while singletons of this factory are in destruction (Do not request a bean from a BeanFactory in a destroy method implementation!)
	at org.springframework.beans.factory.support.DefaultSingletonBeanRegistry.getSingleton(DefaultSingletonBeanRegistry.java:216)
	at org.springframework.beans.factory.support.AbstractBeanFactory.doGetBean(AbstractBeanFactory.java:302)
	at org.springframework.beans.factory.support.AbstractBeanFactory.getBean(AbstractBeanFactory.java:197)
	at org.springframework.context.support.AbstractApplicationContext.getBean(AbstractApplicationContext.java:1078)
	at org.springframework.context.event.ApplicationListenerMethodAdapter.getTargetBean(ApplicationListenerMethodAdapter.java:280)
	at org.springframework.context.event.ApplicationListenerMethodAdapter.doInvoke(ApplicationListenerMethodAdapter.java:250)
	at org.springframework.context.event.ApplicationListenerMethodAdapter.processEvent(ApplicationListenerMethodAdapter.java:174)
	at org.springframework.context.event.ApplicationListenerMethodAdapter.onApplicationEvent(ApplicationListenerMethodAdapter.java:137)
	at org.springframework.context.event.SimpleApplicationEventMulticaster.invokeListener(SimpleApplicationEventMulticaster.java:167)
	at org.springframework.context.event.SimpleApplicationEventMulticaster.multicastEvent(SimpleApplicationEventMulticaster.java:139)
	at org.springframework.context.support.AbstractApplicationContext.publishEvent(AbstractApplicationContext.java:393)
	at org.springframework.context.support.AbstractApplicationContext.publishEvent(AbstractApplicationContext.java:399)
	at org.springframework.context.support.AbstractApplicationContext.publishEvent(AbstractApplicationContext.java:347)
	at org.springframework.context.support.AbstractApplicationContext.doClose(AbstractApplicationContext.java:991)
	at org.springframework.context.support.AbstractApplicationContext.close(AbstractApplicationContext.java:958)
	at org.springframework.cloud.context.named.NamedContextFactory.destroy(NamedContextFactory.java:76)
	at org.springframework.beans.factory.support.DisposableBeanAdapter.destroy(DisposableBeanAdapter.java:272)
	at org.springframework.beans.factory.support.DefaultSingletonBeanRegistry.destroyBean(DefaultSingletonBeanRegistry.java:578)
	at org.springframework.beans.factory.support.DefaultSingletonBeanRegistry.destroySingleton(DefaultSingletonBeanRegistry.java:554)
	at org.springframework.beans.factory.support.DefaultListableBeanFactory.destroySingleton(DefaultListableBeanFactory.java:961)
	at org.springframework.beans.factory.support.DefaultSingletonBeanRegistry.destroySingletons(DefaultSingletonBeanRegistry.java:523)
	at org.springframework.beans.factory.support.DefaultListableBeanFactory.destroySingletons(DefaultListableBeanFactory.java:968)
	at org.springframework.context.support.AbstractApplicationContext.destroyBeans(AbstractApplicationContext.java:1030)
	at org.springframework.context.support.AbstractApplicationContext.doClose(AbstractApplicationContext.java:1006)
	at org.springframework.context.support.AbstractApplicationContext.close(AbstractApplicationContext.java:958)
	at org.springframework.boot.admin.SpringApplicationAdminMXBeanRegistrar$SpringApplicationAdmin.shutdown(SpringApplicationAdminMXBeanRegistrar.java:126)
	at sun.reflect.NativeMethodAccessorImpl.invoke0(Native Method)
	at sun.reflect.NativeMethodAccessorImpl.invoke(NativeMethodAccessorImpl.java:62)
	at sun.reflect.DelegatingMethodAccessorImpl.invoke(DelegatingMethodAccessorImpl.java:43)
	at java.lang.reflect.Method.invoke(Method.java:497)
	at sun.reflect.misc.Trampoline.invoke(MethodUtil.java:71)
	at sun.reflect.NativeMethodAccessorImpl.invoke0(Native Method)
	at sun.reflect.NativeMethodAccessorImpl.invoke(NativeMethodAccessorImpl.java:62)
	at sun.reflect.DelegatingMethodAccessorImpl.invoke(DelegatingMethodAccessorImpl.java:43)
	at java.lang.reflect.Method.invoke(Method.java:497)
	at sun.reflect.misc.MethodUtil.invoke(MethodUtil.java:275)
	at com.sun.jmx.mbeanserver.ConvertingMethod.invokeWithOpenReturn(ConvertingMethod.java:193)
	at com.sun.jmx.mbeanserver.ConvertingMethod.invokeWithOpenReturn(ConvertingMethod.java:175)
	at com.sun.jmx.mbeanserver.MXBeanIntrospector.invokeM2(MXBeanIntrospector.java:117)
	at com.sun.jmx.mbeanserver.MXBeanIntrospector.invokeM2(MXBeanIntrospector.java:54)
	at com.sun.jmx.mbeanserver.MBeanIntrospector.invokeM(MBeanIntrospector.java:237)
	at com.sun.jmx.mbeanserver.PerInterface.invoke(PerInterface.java:138)
	at com.sun.jmx.mbeanserver.MBeanSupport.invoke(MBeanSupport.java:252)
	at com.sun.jmx.interceptor.DefaultMBeanServerInterceptor.invoke(DefaultMBeanServerInterceptor.java:819)
	at com.sun.jmx.mbeanserver.JmxMBeanServer.invoke(JmxMBeanServer.java:801)
	at javax.management.remote.rmi.RMIConnectionImpl.doOperation(RMIConnectionImpl.java:1468)
	at javax.management.remote.rmi.RMIConnectionImpl.access$300(RMIConnectionImpl.java:76)
	at javax.management.remote.rmi.RMIConnectionImpl$PrivilegedOperation.run(RMIConnectionImpl.java:1309)
	at javax.management.remote.rmi.RMIConnectionImpl.doPrivilegedOperation(RMIConnectionImpl.java:1401)
	at javax.management.remote.rmi.RMIConnectionImpl.invoke(RMIConnectionImpl.java:829)
	at sun.reflect.NativeMethodAccessorImpl.invoke0(Native Method)
	at sun.reflect.NativeMethodAccessorImpl.invoke(NativeMethodAccessorImpl.java:62)
	at sun.reflect.DelegatingMethodAccessorImpl.invoke(DelegatingMethodAccessorImpl.java:43)
	at java.lang.reflect.Method.invoke(Method.java:497)
	at sun.rmi.server.UnicastServerRef.dispatch(UnicastServerRef.java:323)
	at sun.rmi.transport.Transport$1.run(Transport.java:200)
	at sun.rmi.transport.Transport$1.run(Transport.java:197)
	at java.security.AccessController.doPrivileged(Native Method)
	at sun.rmi.transport.Transport.serviceCall(Transport.java:196)
	at sun.rmi.transport.tcp.TCPTransport.handleMessages(TCPTransport.java:568)
	at sun.rmi.transport.tcp.TCPTransport$ConnectionHandler.run0(TCPTransport.java:826)
	at sun.rmi.transport.tcp.TCPTransport$ConnectionHandler.lambda$run$256(TCPTransport.java:683)
	at java.security.AccessController.doPrivileged(Native Method)
	at sun.rmi.transport.tcp.TCPTransport$ConnectionHandler.run(TCPTransport.java:682)
	at java.util.concurrent.ThreadPoolExecutor.runWorker(ThreadPoolExecutor.java:1142)
	at java.util.concurrent.ThreadPoolExecutor$Worker.run(ThreadPoolExecutor.java:617)
	at java.lang.Thread.run(Thread.java:745)
2018-08-11 11:24:41.378 [RMI TCP Connection(2)-127.0.0.1] INFO  c.n.u.c.ShutdownEnabledTimer -Shutdown hook removed for: NFLoadBalancer-PingTimer-MICROCLOUD-PROVIDER-DEPT
2018-08-11 11:24:42.312 [RMI TCP Connection(2)-127.0.0.1] INFO  o.e.jetty.server.AbstractConnector -Stopped ServerConnector@5ab70412{HTTP/1.1,[http/1.1]}{0.0.0.0:80}
2018-08-11 11:24:42.314 [RMI TCP Connection(2)-127.0.0.1] INFO  org.eclipse.jetty.server.session -Stopped scavenging
2018-08-11 11:24:42.764 [RMI TCP Connection(2)-127.0.0.1] INFO  o.e.j.s.h.ContextHandler.application -Destroying Spring FrameworkServlet 'dispatcherServlet'
2018-08-11 11:24:42.863 [RMI TCP Connection(2)-127.0.0.1] INFO  o.e.j.server.handler.ContextHandler -Stopped o.s.b.c.e.j.JettyEmbeddedWebAppContext@5f2c41e5{/,[file:///C:/Users/admin/AppData/Local/Temp/jetty-docbase.2609677892598545331.80/],UNAVAILABLE}
2018-08-11 11:24:42.988 [Thread-29] INFO  c.n.l.PollingServerListUpdater -Shutting down the Executor Pool for PollingServerListUpdater
2018-08-11 11:25:37.980 [restartedMain] INFO  o.s.c.a.AnnotationConfigApplicationContext -Refreshing org.springframework.context.annotation.AnnotationConfigApplicationContext@11dcd083: startup date [Sat Aug 11 11:25:37 CST 2018]; root of context hierarchy
2018-08-11 11:25:38.835 [restartedMain] INFO  o.s.b.f.a.AutowiredAnnotationBeanPostProcessor -JSR-330 'javax.inject.Inject' annotation found and supported for autowiring
2018-08-11 11:25:38.948 [restartedMain] INFO  o.s.c.s.PostProcessorRegistrationDelegate$BeanPostProcessorChecker -Bean 'configurationPropertiesRebinderAutoConfiguration' of type [org.springframework.cloud.autoconfigure.ConfigurationPropertiesRebinderAutoConfiguration$$EnhancerBySpringCGLIB$$20ed8b31] is not eligible for getting processed by all BeanPostProcessors (for example: not eligible for auto-proxying)
2018-08-11 11:25:41.087 [restartedMain] INFO  o.s.c.c.c.ConfigServicePropertySourceLocator -Fetching config from server at: http://localhost:8888
2018-08-11 11:25:42.565 [restartedMain] WARN  o.s.c.c.c.ConfigServicePropertySourceLocator -Could not locate PropertySource: I/O error on GET request for "http://localhost:8888/application/default": Connection refused: connect; nested exception is java.net.ConnectException: Connection refused: connect
2018-08-11 11:25:42.575 [restartedMain] INFO  c.c.m.Consumer_80_StartSpringCloudApplication -No active profile set, falling back to default profiles: default
2018-08-11 11:25:42.613 [restartedMain] INFO  o.s.b.c.e.AnnotationConfigEmbeddedWebApplicationContext -Refreshing org.springframework.boot.context.embedded.AnnotationConfigEmbeddedWebApplicationContext@246a5c77: startup date [Sat Aug 11 11:25:42 CST 2018]; parent: org.springframework.context.annotation.AnnotationConfigApplicationContext@11dcd083
2018-08-11 11:25:44.699 [restartedMain] INFO  o.s.cloud.context.scope.GenericScope -BeanFactory id=db9a82ec-9925-3148-8c29-6a5c388bd018
2018-08-11 11:25:44.721 [restartedMain] INFO  o.s.b.f.a.AutowiredAnnotationBeanPostProcessor -JSR-330 'javax.inject.Inject' annotation found and supported for autowiring
2018-08-11 11:25:44.793 [restartedMain] INFO  o.s.c.s.PostProcessorRegistrationDelegate$BeanPostProcessorChecker -Bean 'org.springframework.cloud.autoconfigure.ConfigurationPropertiesRebinderAutoConfiguration' of type [org.springframework.cloud.autoconfigure.ConfigurationPropertiesRebinderAutoConfiguration$$EnhancerBySpringCGLIB$$20ed8b31] is not eligible for getting processed by all BeanPostProcessors (for example: not eligible for auto-proxying)
2018-08-11 11:25:45.111 [restartedMain] INFO  org.eclipse.jetty.util.log -Logging initialized @12716ms to org.eclipse.jetty.util.log.Slf4jLog
2018-08-11 11:25:46.178 [restartedMain] INFO  o.s.b.c.e.j.JettyEmbeddedServletContainerFactory -Server initialized with port: 80
2018-08-11 11:25:46.183 [restartedMain] INFO  org.eclipse.jetty.server.Server -jetty-9.4.5.v20170502
2018-08-11 11:25:46.458 [restartedMain] INFO  org.eclipse.jetty.server.session -DefaultSessionIdManager workerName=node0
2018-08-11 11:25:46.459 [restartedMain] INFO  org.eclipse.jetty.server.session -No SessionScavenger set, using defaults
2018-08-11 11:25:46.462 [restartedMain] INFO  org.eclipse.jetty.server.session -Scavenging every 600000ms
2018-08-11 11:25:46.471 [restartedMain] INFO  o.e.j.s.h.ContextHandler.application -Initializing Spring embedded WebApplicationContext
2018-08-11 11:25:46.472 [restartedMain] INFO  o.s.web.context.ContextLoader -Root WebApplicationContext: initialization completed in 3859 ms
2018-08-11 11:25:46.724 [restartedMain] INFO  o.s.b.w.s.ServletRegistrationBean -Mapping servlet: 'dispatcherServlet' to [/]
2018-08-11 11:25:46.729 [restartedMain] INFO  o.s.b.w.s.FilterRegistrationBean -Mapping filter: 'characterEncodingFilter' to: [/*]
2018-08-11 11:25:46.729 [restartedMain] INFO  o.s.b.w.s.FilterRegistrationBean -Mapping filter: 'hiddenHttpMethodFilter' to: [/*]
2018-08-11 11:25:46.730 [restartedMain] INFO  o.s.b.w.s.FilterRegistrationBean -Mapping filter: 'httpPutFormContentFilter' to: [/*]
2018-08-11 11:25:46.730 [restartedMain] INFO  o.s.b.w.s.FilterRegistrationBean -Mapping filter: 'requestContextFilter' to: [/*]
2018-08-11 11:25:47.430 [restartedMain] INFO  o.e.j.server.handler.ContextHandler -Started o.s.b.c.e.j.JettyEmbeddedWebAppContext@63b3bdc8{/,[file:///C:/Users/admin/AppData/Local/Temp/jetty-docbase.6431799329276846140.80/],AVAILABLE}
2018-08-11 11:25:47.432 [restartedMain] INFO  org.eclipse.jetty.server.Server -Started @15039ms
2018-08-11 11:25:49.536 [restartedMain] INFO  o.s.w.s.m.m.a.RequestMappingHandlerAdapter -Looking for @ControllerAdvice: org.springframework.boot.context.embedded.AnnotationConfigEmbeddedWebApplicationContext@246a5c77: startup date [Sat Aug 11 11:25:42 CST 2018]; parent: org.springframework.context.annotation.AnnotationConfigApplicationContext@11dcd083
2018-08-11 11:25:49.741 [restartedMain] INFO  o.s.w.s.m.m.a.RequestMappingHandlerMapping -Mapped "{[/consumer/dept/list]}" onto public java.lang.Object com.caxins.microcloud.controller.ConsumerDeptController.listDept()
2018-08-11 11:25:49.744 [restartedMain] INFO  o.s.w.s.m.m.a.RequestMappingHandlerMapping -Mapped "{[/consumer/dept/get]}" onto public java.lang.Object com.caxins.microcloud.controller.ConsumerDeptController.getDept(long)
2018-08-11 11:25:49.745 [restartedMain] INFO  o.s.w.s.m.m.a.RequestMappingHandlerMapping -Mapped "{[/consumer/dept/add]}" onto public java.lang.Object com.caxins.microcloud.controller.ConsumerDeptController.addDept(com.caxins.vo.Dept)
2018-08-11 11:25:49.754 [restartedMain] INFO  o.s.w.s.m.m.a.RequestMappingHandlerMapping -Mapped "{[/error]}" onto public org.springframework.http.ResponseEntity<java.util.Map<java.lang.String, java.lang.Object>> org.springframework.boot.autoconfigure.web.BasicErrorController.error(javax.servlet.http.HttpServletRequest)
2018-08-11 11:25:49.755 [restartedMain] INFO  o.s.w.s.m.m.a.RequestMappingHandlerMapping -Mapped "{[/error],produces=[text/html]}" onto public org.springframework.web.servlet.ModelAndView org.springframework.boot.autoconfigure.web.BasicErrorController.errorHtml(javax.servlet.http.HttpServletRequest,javax.servlet.http.HttpServletResponse)
2018-08-11 11:25:49.870 [restartedMain] INFO  o.s.w.s.h.SimpleUrlHandlerMapping -Mapped URL path [/webjars/**] onto handler of type [class org.springframework.web.servlet.resource.ResourceHttpRequestHandler]
2018-08-11 11:25:49.872 [restartedMain] INFO  o.s.w.s.h.SimpleUrlHandlerMapping -Mapped URL path [/**] onto handler of type [class org.springframework.web.servlet.resource.ResourceHttpRequestHandler]
2018-08-11 11:25:49.999 [restartedMain] INFO  o.s.w.s.h.SimpleUrlHandlerMapping -Mapped URL path [/**/favicon.ico] onto handler of type [class org.springframework.web.servlet.resource.ResourceHttpRequestHandler]
2018-08-11 11:25:50.566 [restartedMain] WARN  o.s.b.d.a.OptionalLiveReloadServer -Unable to start LiveReload server
2018-08-11 11:25:50.775 [restartedMain] WARN  o.s.c.n.a.ArchaiusAutoConfiguration -No spring.application.name found, defaulting to 'application'
2018-08-11 11:25:50.784 [restartedMain] WARN  c.n.c.sources.URLConfigurationSource -No URLs will be polled as dynamic configuration sources.
2018-08-11 11:25:50.785 [restartedMain] INFO  c.n.c.sources.URLConfigurationSource -To enable URLs as dynamic configuration sources, define System property archaius.configurationSource.additionalUrls or make config.properties available on classpath.
2018-08-11 11:25:50.794 [restartedMain] WARN  c.n.c.sources.URLConfigurationSource -No URLs will be polled as dynamic configuration sources.
2018-08-11 11:25:50.795 [restartedMain] INFO  c.n.c.sources.URLConfigurationSource -To enable URLs as dynamic configuration sources, define System property archaius.configurationSource.additionalUrls or make config.properties available on classpath.
2018-08-11 11:25:50.963 [restartedMain] INFO  o.s.j.e.a.AnnotationMBeanExporter -Registering beans for JMX exposure on startup
2018-08-11 11:25:50.979 [restartedMain] INFO  o.s.j.e.a.AnnotationMBeanExporter -Bean with name 'environmentManager' has been autodetected for JMX exposure
2018-08-11 11:25:50.982 [restartedMain] INFO  o.s.j.e.a.AnnotationMBeanExporter -Bean with name 'configurationPropertiesRebinder' has been autodetected for JMX exposure
2018-08-11 11:25:50.986 [restartedMain] INFO  o.s.j.e.a.AnnotationMBeanExporter -Bean with name 'refreshScope' has been autodetected for JMX exposure
2018-08-11 11:25:50.990 [restartedMain] INFO  o.s.j.e.a.AnnotationMBeanExporter -Located managed bean 'environmentManager': registering with JMX server as MBean [org.springframework.cloud.context.environment:name=environmentManager,type=EnvironmentManager]
2018-08-11 11:25:51.013 [restartedMain] INFO  o.s.j.e.a.AnnotationMBeanExporter -Located managed bean 'refreshScope': registering with JMX server as MBean [org.springframework.cloud.context.scope.refresh:name=refreshScope,type=RefreshScope]
2018-08-11 11:25:51.037 [restartedMain] INFO  o.s.j.e.a.AnnotationMBeanExporter -Located managed bean 'configurationPropertiesRebinder': registering with JMX server as MBean [org.springframework.cloud.context.properties:name=configurationPropertiesRebinder,context=246a5c77,type=ConfigurationPropertiesRebinder]
2018-08-11 11:25:51.476 [restartedMain] INFO  o.s.c.s.DefaultLifecycleProcessor -Starting beans in phase 0
2018-08-11 11:25:51.492 [restartedMain] INFO  o.s.c.n.eureka.InstanceInfoFactory -Setting initial instance status as: STARTING
2018-08-11 11:25:51.612 [restartedMain] INFO  c.netflix.discovery.DiscoveryClient -Initializing Eureka in region us-east-1
2018-08-11 11:25:51.809 [restartedMain] INFO  c.n.d.p.DiscoveryJerseyProvider -Using JSON encoding codec LegacyJacksonJson
2018-08-11 11:25:51.811 [restartedMain] INFO  c.n.d.p.DiscoveryJerseyProvider -Using JSON decoding codec LegacyJacksonJson
2018-08-11 11:25:52.158 [restartedMain] INFO  c.n.d.p.DiscoveryJerseyProvider -Using XML encoding codec XStreamXml
2018-08-11 11:25:52.159 [restartedMain] INFO  c.n.d.p.DiscoveryJerseyProvider -Using XML decoding codec XStreamXml
2018-08-11 11:25:52.557 [restartedMain] INFO  c.n.d.s.r.aws.ConfigClusterResolver -Resolving eureka endpoints via configuration
2018-08-11 11:25:52.912 [restartedMain] INFO  c.netflix.discovery.DiscoveryClient -Disable delta property : false
2018-08-11 11:25:52.913 [restartedMain] INFO  c.netflix.discovery.DiscoveryClient -Single vip registry refresh property : null
2018-08-11 11:25:52.914 [restartedMain] INFO  c.netflix.discovery.DiscoveryClient -Force full registry fetch : false
2018-08-11 11:25:52.915 [restartedMain] INFO  c.netflix.discovery.DiscoveryClient -Application is null : false
2018-08-11 11:25:52.916 [restartedMain] INFO  c.netflix.discovery.DiscoveryClient -Registered Applications size is zero : true
2018-08-11 11:25:52.916 [restartedMain] INFO  c.netflix.discovery.DiscoveryClient -Application version is -1: true
2018-08-11 11:25:52.916 [restartedMain] INFO  c.netflix.discovery.DiscoveryClient -Getting all instance registry info from the eureka server
2018-08-11 11:25:53.199 [restartedMain] INFO  c.netflix.discovery.DiscoveryClient -The response status is 200
2018-08-11 11:25:53.202 [restartedMain] INFO  c.netflix.discovery.DiscoveryClient -Not registering with Eureka server per configuration
2018-08-11 11:25:53.208 [restartedMain] INFO  c.netflix.discovery.DiscoveryClient -Discovery Client initialized at timestamp 1533957953208 with initial instances count: 2
2018-08-11 11:25:53.266 [restartedMain] INFO  o.s.c.n.e.s.EurekaServiceRegistry -Registering application unknown with eureka with status UP
2018-08-11 11:25:53.302 [restartedMain] INFO  o.e.j.s.h.ContextHandler.application -Initializing Spring FrameworkServlet 'dispatcherServlet'
2018-08-11 11:25:53.304 [restartedMain] INFO  o.s.web.servlet.DispatcherServlet -FrameworkServlet 'dispatcherServlet': initialization started
2018-08-11 11:25:53.408 [restartedMain] INFO  o.s.web.servlet.DispatcherServlet -FrameworkServlet 'dispatcherServlet': initialization completed in 103 ms
2018-08-11 11:25:53.455 [restartedMain] INFO  o.e.jetty.server.AbstractConnector -Started ServerConnector@72689eb0{HTTP/1.1,[http/1.1]}{0.0.0.0:80}
2018-08-11 11:25:53.457 [restartedMain] INFO  o.s.b.c.e.j.JettyEmbeddedServletContainer -Jetty started on port(s) 80 (http/1.1)
2018-08-11 11:25:53.458 [restartedMain] INFO  o.s.c.n.e.s.EurekaAutoServiceRegistration -Updating port to 80
2018-08-11 11:25:53.481 [restartedMain] INFO  c.c.m.Consumer_80_StartSpringCloudApplication -Started Consumer_80_StartSpringCloudApplication in 17.192 seconds (JVM running for 21.089)
2018-08-11 11:26:16.413 [qtp183624801-25] INFO  o.s.c.a.AnnotationConfigApplicationContext -Refreshing org.springframework.context.annotation.AnnotationConfigApplicationContext@29c296d9: startup date [Sat Aug 11 11:26:16 CST 2018]; parent: org.springframework.boot.context.embedded.AnnotationConfigEmbeddedWebApplicationContext@246a5c77
2018-08-11 11:26:16.922 [qtp183624801-25] INFO  o.s.b.f.a.AutowiredAnnotationBeanPostProcessor -JSR-330 'javax.inject.Inject' annotation found and supported for autowiring
2018-08-11 11:26:18.517 [qtp183624801-25] INFO  c.n.config.ChainedDynamicProperty -Flipping property: MICROCLOUD-PROVIDER-DEPT.ribbon.ActiveConnectionsLimit to use NEXT property: niws.loadbalancer.availabilityFilteringRule.activeConnectionsLimit = 2147483647
2018-08-11 11:26:18.601 [qtp183624801-25] INFO  c.n.u.c.ShutdownEnabledTimer -Shutdown hook installed for: NFLoadBalancer-PingTimer-MICROCLOUD-PROVIDER-DEPT
2018-08-11 11:26:18.766 [qtp183624801-25] INFO  c.n.loadbalancer.BaseLoadBalancer -Client: MICROCLOUD-PROVIDER-DEPT instantiated a LoadBalancer: DynamicServerListLoadBalancer:{NFLoadBalancer:name=MICROCLOUD-PROVIDER-DEPT,current list of Servers=[],Load balancer stats=Zone stats: {},Server stats: []}ServerList:null
2018-08-11 11:26:18.813 [qtp183624801-25] INFO  c.n.l.DynamicServerListLoadBalancer -Using serverListUpdater PollingServerListUpdater
2018-08-11 11:26:18.996 [qtp183624801-25] INFO  c.n.config.ChainedDynamicProperty -Flipping property: MICROCLOUD-PROVIDER-DEPT.ribbon.ActiveConnectionsLimit to use NEXT property: niws.loadbalancer.availabilityFilteringRule.activeConnectionsLimit = 2147483647
2018-08-11 11:26:19.028 [qtp183624801-25] INFO  c.n.l.DynamicServerListLoadBalancer -DynamicServerListLoadBalancer for client MICROCLOUD-PROVIDER-DEPT initialized: DynamicServerListLoadBalancer:{NFLoadBalancer:name=MICROCLOUD-PROVIDER-DEPT,current list of Servers=[192.168.1.101:8001, 192.168.1.101:8002],Load balancer stats=Zone stats: {defaultzone=[Zone:defaultzone;	Instance count:2;	Active connections count: 0;	Circuit breaker tripped count: 0;	Active connections per server: 0.0;]
},Server stats: [[Server:192.168.1.101:8002;	Zone:defaultZone;	Total Requests:0;	Successive connection failure:0;	Total blackout seconds:0;	Last connection made:Thu Jan 01 08:00:00 CST 1970;	First connection made: Thu Jan 01 08:00:00 CST 1970;	Active Connections:0;	total failure count in last (1000) msecs:0;	average resp time:0.0;	90 percentile resp time:0.0;	95 percentile resp time:0.0;	min resp time:0.0;	max resp time:0.0;	stddev resp time:0.0]
, [Server:192.168.1.101:8001;	Zone:defaultZone;	Total Requests:0;	Successive connection failure:0;	Total blackout seconds:0;	Last connection made:Thu Jan 01 08:00:00 CST 1970;	First connection made: Thu Jan 01 08:00:00 CST 1970;	Active Connections:0;	total failure count in last (1000) msecs:0;	average resp time:0.0;	90 percentile resp time:0.0;	95 percentile resp time:0.0;	min resp time:0.0;	max resp time:0.0;	stddev resp time:0.0]
]}ServerList:org.springframework.cloud.netflix.ribbon.eureka.DomainExtractingServerList@4ce65224
2018-08-11 11:26:19.871 [PollingServerListUpdater-0] INFO  c.n.config.ChainedDynamicProperty -Flipping property: MICROCLOUD-PROVIDER-DEPT.ribbon.ActiveConnectionsLimit to use NEXT property: niws.loadbalancer.availabilityFilteringRule.activeConnectionsLimit = 2147483647
2018-08-11 11:30:52.937 [AsyncResolver-bootstrap-executor-0] INFO  c.n.d.s.r.aws.ConfigClusterResolver -Resolving eureka endpoints via configuration
2018-08-11 11:35:52.961 [AsyncResolver-bootstrap-executor-0] INFO  c.n.d.s.r.aws.ConfigClusterResolver -Resolving eureka endpoints via configuration
2018-08-11 11:40:52.967 [AsyncResolver-bootstrap-executor-0] INFO  c.n.d.s.r.aws.ConfigClusterResolver -Resolving eureka endpoints via configuration
2018-08-11 11:45:52.981 [AsyncResolver-bootstrap-executor-0] INFO  c.n.d.s.r.aws.ConfigClusterResolver -Resolving eureka endpoints via configuration
2018-08-11 11:50:52.990 [AsyncResolver-bootstrap-executor-0] INFO  c.n.d.s.r.aws.ConfigClusterResolver -Resolving eureka endpoints via configuration
2018-08-11 11:56:11.576 [AsyncResolver-bootstrap-executor-0] INFO  c.n.d.s.r.aws.ConfigClusterResolver -Resolving eureka endpoints via configuration
2018-08-11 12:01:11.615 [AsyncResolver-bootstrap-executor-0] INFO  c.n.d.s.r.aws.ConfigClusterResolver -Resolving eureka endpoints via configuration
2018-08-11 12:03:13.052 [Thread-2] INFO  c.netflix.discovery.DiscoveryClient -Completed shut down of DiscoveryClient
2018-08-11 12:03:13.622 [Thread-2] INFO  o.s.c.s.DefaultLifecycleProcessor -Stopping beans in phase 0
2018-08-11 12:03:14.221 [Thread-2] INFO  o.s.j.e.a.AnnotationMBeanExporter -Unregistering JMX-exposed beans on shutdown
2018-08-11 12:03:14.223 [Thread-2] INFO  o.s.j.e.a.AnnotationMBeanExporter -Unregistering JMX-exposed beans
2018-08-11 12:03:14.285 [Thread-2] INFO  o.s.c.a.AnnotationConfigApplicationContext -Closing org.springframework.context.annotation.AnnotationConfigApplicationContext@29c296d9: startup date [Sat Aug 11 11:26:16 CST 2018]; parent: org.springframework.boot.context.embedded.AnnotationConfigEmbeddedWebApplicationContext@246a5c77
2018-08-11 12:03:14.527 [Thread-2] WARN  o.s.c.a.AnnotationConfigApplicationContext -Exception thrown from ApplicationListener handling ContextClosedEvent
org.springframework.beans.factory.BeanCreationNotAllowedException: Error creating bean with name 'eurekaAutoServiceRegistration': Singleton bean creation not allowed while singletons of this factory are in destruction (Do not request a bean from a BeanFactory in a destroy method implementation!)
	at org.springframework.beans.factory.support.DefaultSingletonBeanRegistry.getSingleton(DefaultSingletonBeanRegistry.java:216)
	at org.springframework.beans.factory.support.AbstractBeanFactory.doGetBean(AbstractBeanFactory.java:302)
	at org.springframework.beans.factory.support.AbstractBeanFactory.getBean(AbstractBeanFactory.java:197)
	at org.springframework.context.support.AbstractApplicationContext.getBean(AbstractApplicationContext.java:1078)
	at org.springframework.context.event.ApplicationListenerMethodAdapter.getTargetBean(ApplicationListenerMethodAdapter.java:280)
	at org.springframework.context.event.ApplicationListenerMethodAdapter.doInvoke(ApplicationListenerMethodAdapter.java:250)
	at org.springframework.context.event.ApplicationListenerMethodAdapter.processEvent(ApplicationListenerMethodAdapter.java:174)
	at org.springframework.context.event.ApplicationListenerMethodAdapter.onApplicationEvent(ApplicationListenerMethodAdapter.java:137)
	at org.springframework.context.event.SimpleApplicationEventMulticaster.invokeListener(SimpleApplicationEventMulticaster.java:167)
	at org.springframework.context.event.SimpleApplicationEventMulticaster.multicastEvent(SimpleApplicationEventMulticaster.java:139)
	at org.springframework.context.support.AbstractApplicationContext.publishEvent(AbstractApplicationContext.java:393)
	at org.springframework.context.support.AbstractApplicationContext.publishEvent(AbstractApplicationContext.java:399)
	at org.springframework.context.support.AbstractApplicationContext.publishEvent(AbstractApplicationContext.java:347)
	at org.springframework.context.support.AbstractApplicationContext.doClose(AbstractApplicationContext.java:991)
	at org.springframework.context.support.AbstractApplicationContext.close(AbstractApplicationContext.java:958)
	at org.springframework.cloud.context.named.NamedContextFactory.destroy(NamedContextFactory.java:76)
	at org.springframework.beans.factory.support.DisposableBeanAdapter.destroy(DisposableBeanAdapter.java:272)
	at org.springframework.beans.factory.support.DefaultSingletonBeanRegistry.destroyBean(DefaultSingletonBeanRegistry.java:578)
	at org.springframework.beans.factory.support.DefaultSingletonBeanRegistry.destroySingleton(DefaultSingletonBeanRegistry.java:554)
	at org.springframework.beans.factory.support.DefaultListableBeanFactory.destroySingleton(DefaultListableBeanFactory.java:961)
	at org.springframework.beans.factory.support.DefaultSingletonBeanRegistry.destroySingletons(DefaultSingletonBeanRegistry.java:523)
	at org.springframework.beans.factory.support.DefaultListableBeanFactory.destroySingletons(DefaultListableBeanFactory.java:968)
	at org.springframework.context.support.AbstractApplicationContext.destroyBeans(AbstractApplicationContext.java:1030)
	at org.springframework.context.support.AbstractApplicationContext.doClose(AbstractApplicationContext.java:1006)
	at org.springframework.context.support.AbstractApplicationContext.close(AbstractApplicationContext.java:958)
	at org.springframework.boot.builder.ParentContextCloserApplicationListener$ContextCloserListener.onApplicationEvent(ParentContextCloserApplicationListener.java:102)
	at org.springframework.boot.builder.ParentContextCloserApplicationListener$ContextCloserListener.onApplicationEvent(ParentContextCloserApplicationListener.java:86)
	at org.springframework.context.event.SimpleApplicationEventMulticaster.invokeListener(SimpleApplicationEventMulticaster.java:167)
	at org.springframework.context.event.SimpleApplicationEventMulticaster.multicastEvent(SimpleApplicationEventMulticaster.java:139)
	at org.springframework.context.support.AbstractApplicationContext.publishEvent(AbstractApplicationContext.java:393)
	at org.springframework.context.support.AbstractApplicationContext.publishEvent(AbstractApplicationContext.java:347)
	at org.springframework.context.support.AbstractApplicationContext.doClose(AbstractApplicationContext.java:991)
	at org.springframework.context.support.AbstractApplicationContext.close(AbstractApplicationContext.java:958)
	at org.springframework.boot.devtools.restart.Restarter.stop(Restarter.java:321)
	at org.springframework.boot.devtools.restart.Restarter$2.call(Restarter.java:258)
	at org.springframework.boot.devtools.restart.Restarter$2.call(Restarter.java:254)
	at org.springframework.boot.devtools.restart.Restarter$LeakSafeThread.run(Restarter.java:627)
2018-08-11 12:03:14.618 [Thread-2] INFO  c.n.u.c.ShutdownEnabledTimer -Shutdown hook removed for: NFLoadBalancer-PingTimer-MICROCLOUD-PROVIDER-DEPT
2018-08-11 12:03:15.804 [Thread-2] INFO  o.e.jetty.server.AbstractConnector -Stopped ServerConnector@72689eb0{HTTP/1.1,[http/1.1]}{0.0.0.0:80}
2018-08-11 12:03:15.834 [Thread-2] INFO  org.eclipse.jetty.server.session -Stopped scavenging
2018-08-11 12:03:16.424 [Thread-2] INFO  o.e.j.s.h.ContextHandler.application -Destroying Spring FrameworkServlet 'dispatcherServlet'
2018-08-11 12:03:16.467 [Thread-2] INFO  o.e.j.server.handler.ContextHandler -Stopped o.s.b.c.e.j.JettyEmbeddedWebAppContext@63b3bdc8{/,[file:///C:/Users/admin/AppData/Local/Temp/jetty-docbase.6431799329276846140.80/],UNAVAILABLE}
2018-08-11 12:03:25.816 [restartedMain] INFO  o.s.c.a.AnnotationConfigApplicationContext -Refreshing org.springframework.context.annotation.AnnotationConfigApplicationContext@46e287b3: startup date [Sat Aug 11 12:03:25 CST 2018]; root of context hierarchy
2018-08-11 12:03:27.001 [restartedMain] INFO  o.s.b.f.a.AutowiredAnnotationBeanPostProcessor -JSR-330 'javax.inject.Inject' annotation found and supported for autowiring
2018-08-11 12:03:27.024 [restartedMain] INFO  o.s.c.s.PostProcessorRegistrationDelegate$BeanPostProcessorChecker -Bean 'configurationPropertiesRebinderAutoConfiguration' of type [org.springframework.cloud.autoconfigure.ConfigurationPropertiesRebinderAutoConfiguration$$EnhancerBySpringCGLIB$$20ed8b31] is not eligible for getting processed by all BeanPostProcessors (for example: not eligible for auto-proxying)
2018-08-11 12:03:30.157 [restartedMain] INFO  o.s.c.c.c.ConfigServicePropertySourceLocator -Fetching config from server at: http://localhost:8888
2018-08-11 12:03:31.497 [restartedMain] WARN  o.s.c.c.c.ConfigServicePropertySourceLocator -Could not locate PropertySource: I/O error on GET request for "http://localhost:8888/application/default": Connection refused: connect; nested exception is java.net.ConnectException: Connection refused: connect
2018-08-11 12:03:31.511 [restartedMain] INFO  c.c.m.Consumer_80_StartSpringCloudApplication -No active profile set, falling back to default profiles: default
2018-08-11 12:03:31.628 [restartedMain] INFO  o.s.b.c.e.AnnotationConfigEmbeddedWebApplicationContext -Refreshing org.springframework.boot.context.embedded.AnnotationConfigEmbeddedWebApplicationContext@7f19fb9d: startup date [Sat Aug 11 12:03:31 CST 2018]; parent: org.springframework.context.annotation.AnnotationConfigApplicationContext@46e287b3
2018-08-11 12:03:42.874 [restartedMain] INFO  o.s.cloud.context.scope.GenericScope -BeanFactory id=db9a82ec-9925-3148-8c29-6a5c388bd018
2018-08-11 12:03:42.920 [restartedMain] INFO  o.s.b.f.a.AutowiredAnnotationBeanPostProcessor -JSR-330 'javax.inject.Inject' annotation found and supported for autowiring
2018-08-11 12:03:43.021 [restartedMain] INFO  o.s.c.s.PostProcessorRegistrationDelegate$BeanPostProcessorChecker -Bean 'org.springframework.cloud.autoconfigure.ConfigurationPropertiesRebinderAutoConfiguration' of type [org.springframework.cloud.autoconfigure.ConfigurationPropertiesRebinderAutoConfiguration$$EnhancerBySpringCGLIB$$20ed8b31] is not eligible for getting processed by all BeanPostProcessors (for example: not eligible for auto-proxying)
2018-08-11 12:03:48.403 [restartedMain] INFO  o.s.b.c.e.j.JettyEmbeddedServletContainerFactory -Server initialized with port: 80
2018-08-11 12:03:48.405 [restartedMain] INFO  org.eclipse.jetty.server.Server -jetty-9.4.5.v20170502
2018-08-11 12:03:48.662 [restartedMain] INFO  org.eclipse.jetty.server.session -DefaultSessionIdManager workerName=node0
2018-08-11 12:03:48.662 [restartedMain] INFO  org.eclipse.jetty.server.session -No SessionScavenger set, using defaults
2018-08-11 12:03:48.664 [restartedMain] INFO  org.eclipse.jetty.server.session -Scavenging every 600000ms
2018-08-11 12:03:48.668 [restartedMain] INFO  o.e.j.s.h.ContextHandler.application -Initializing Spring embedded WebApplicationContext
2018-08-11 12:03:48.669 [restartedMain] INFO  o.s.web.context.ContextLoader -Root WebApplicationContext: initialization completed in 17041 ms
2018-08-11 12:03:49.549 [restartedMain] INFO  o.s.b.w.s.ServletRegistrationBean -Mapping servlet: 'dispatcherServlet' to [/]
2018-08-11 12:03:49.551 [restartedMain] INFO  o.s.b.w.s.FilterRegistrationBean -Mapping filter: 'characterEncodingFilter' to: [/*]
2018-08-11 12:03:49.552 [restartedMain] INFO  o.s.b.w.s.FilterRegistrationBean -Mapping filter: 'hiddenHttpMethodFilter' to: [/*]
2018-08-11 12:03:49.552 [restartedMain] INFO  o.s.b.w.s.FilterRegistrationBean -Mapping filter: 'httpPutFormContentFilter' to: [/*]
2018-08-11 12:03:49.553 [restartedMain] INFO  o.s.b.w.s.FilterRegistrationBean -Mapping filter: 'requestContextFilter' to: [/*]
2018-08-11 12:03:50.156 [restartedMain] INFO  o.e.j.server.handler.ContextHandler -Started o.s.b.c.e.j.JettyEmbeddedWebAppContext@2b02d673{/,[file:///C:/Users/admin/AppData/Local/Temp/jetty-docbase.1859136421617325790.80/],AVAILABLE}
2018-08-11 12:03:50.158 [restartedMain] INFO  org.eclipse.jetty.server.Server -Started @2297766ms
2018-08-11 12:03:53.971 [restartedMain] INFO  o.s.w.s.m.m.a.RequestMappingHandlerAdapter -Looking for @ControllerAdvice: org.springframework.boot.context.embedded.AnnotationConfigEmbeddedWebApplicationContext@7f19fb9d: startup date [Sat Aug 11 12:03:31 CST 2018]; parent: org.springframework.context.annotation.AnnotationConfigApplicationContext@46e287b3
2018-08-11 12:03:54.302 [restartedMain] INFO  o.s.w.s.m.m.a.RequestMappingHandlerMapping -Mapped "{[/consumer/dept/list]}" onto public java.lang.Object com.caxins.microcloud.controller.ConsumerDeptController.listDept()
2018-08-11 12:03:54.303 [restartedMain] INFO  o.s.w.s.m.m.a.RequestMappingHandlerMapping -Mapped "{[/consumer/dept/get]}" onto public java.lang.Object com.caxins.microcloud.controller.ConsumerDeptController.getDept(long)
2018-08-11 12:03:54.305 [restartedMain] INFO  o.s.w.s.m.m.a.RequestMappingHandlerMapping -Mapped "{[/consumer/dept/add]}" onto public java.lang.Object com.caxins.microcloud.controller.ConsumerDeptController.addDept(com.caxins.vo.Dept)
2018-08-11 12:03:54.309 [restartedMain] INFO  o.s.w.s.m.m.a.RequestMappingHandlerMapping -Mapped "{[/error]}" onto public org.springframework.http.ResponseEntity<java.util.Map<java.lang.String, java.lang.Object>> org.springframework.boot.autoconfigure.web.BasicErrorController.error(javax.servlet.http.HttpServletRequest)
2018-08-11 12:03:54.311 [restartedMain] INFO  o.s.w.s.m.m.a.RequestMappingHandlerMapping -Mapped "{[/error],produces=[text/html]}" onto public org.springframework.web.servlet.ModelAndView org.springframework.boot.autoconfigure.web.BasicErrorController.errorHtml(javax.servlet.http.HttpServletRequest,javax.servlet.http.HttpServletResponse)
2018-08-11 12:03:54.393 [restartedMain] INFO  o.s.w.s.h.SimpleUrlHandlerMapping -Mapped URL path [/webjars/**] onto handler of type [class org.springframework.web.servlet.resource.ResourceHttpRequestHandler]
2018-08-11 12:03:54.394 [restartedMain] INFO  o.s.w.s.h.SimpleUrlHandlerMapping -Mapped URL path [/**] onto handler of type [class org.springframework.web.servlet.resource.ResourceHttpRequestHandler]
2018-08-11 12:03:54.475 [restartedMain] INFO  o.s.w.s.h.SimpleUrlHandlerMapping -Mapped URL path [/**/favicon.ico] onto handler of type [class org.springframework.web.servlet.resource.ResourceHttpRequestHandler]
2018-08-11 12:03:55.210 [restartedMain] WARN  o.s.b.d.a.OptionalLiveReloadServer -Unable to start LiveReload server
2018-08-11 12:03:55.824 [restartedMain] WARN  o.s.c.n.a.ArchaiusAutoConfiguration -No spring.application.name found, defaulting to 'application'
2018-08-11 12:03:55.826 [restartedMain] WARN  c.n.c.sources.URLConfigurationSource -No URLs will be polled as dynamic configuration sources.
2018-08-11 12:03:55.827 [restartedMain] INFO  c.n.c.sources.URLConfigurationSource -To enable URLs as dynamic configuration sources, define System property archaius.configurationSource.additionalUrls or make config.properties available on classpath.
2018-08-11 12:03:56.187 [restartedMain] INFO  o.s.j.e.a.AnnotationMBeanExporter -Registering beans for JMX exposure on startup
2018-08-11 12:03:56.200 [restartedMain] INFO  o.s.j.e.a.AnnotationMBeanExporter -Bean with name 'environmentManager' has been autodetected for JMX exposure
2018-08-11 12:03:56.204 [restartedMain] INFO  o.s.j.e.a.AnnotationMBeanExporter -Bean with name 'configurationPropertiesRebinder' has been autodetected for JMX exposure
2018-08-11 12:03:56.211 [restartedMain] INFO  o.s.j.e.a.AnnotationMBeanExporter -Bean with name 'refreshScope' has been autodetected for JMX exposure
2018-08-11 12:03:56.218 [restartedMain] INFO  o.s.j.e.a.AnnotationMBeanExporter -Located managed bean 'environmentManager': registering with JMX server as MBean [org.springframework.cloud.context.environment:name=environmentManager,type=EnvironmentManager]
2018-08-11 12:03:56.242 [restartedMain] INFO  o.s.j.e.a.AnnotationMBeanExporter -Located managed bean 'refreshScope': registering with JMX server as MBean [org.springframework.cloud.context.scope.refresh:name=refreshScope,type=RefreshScope]
2018-08-11 12:03:56.282 [restartedMain] INFO  o.s.j.e.a.AnnotationMBeanExporter -Located managed bean 'configurationPropertiesRebinder': registering with JMX server as MBean [org.springframework.cloud.context.properties:name=configurationPropertiesRebinder,context=7f19fb9d,type=ConfigurationPropertiesRebinder]
2018-08-11 12:03:57.042 [restartedMain] INFO  o.s.c.s.DefaultLifecycleProcessor -Starting beans in phase 0
2018-08-11 12:03:57.045 [restartedMain] INFO  o.s.c.n.eureka.InstanceInfoFactory -Setting initial instance status as: STARTING
2018-08-11 12:03:57.103 [restartedMain] INFO  c.netflix.discovery.DiscoveryClient -Initializing Eureka in region us-east-1
2018-08-11 12:03:57.119 [restartedMain] INFO  c.n.d.p.DiscoveryJerseyProvider -Using JSON encoding codec LegacyJacksonJson
2018-08-11 12:03:57.120 [restartedMain] INFO  c.n.d.p.DiscoveryJerseyProvider -Using JSON decoding codec LegacyJacksonJson
2018-08-11 12:03:57.120 [restartedMain] INFO  c.n.d.p.DiscoveryJerseyProvider -Using XML encoding codec XStreamXml
2018-08-11 12:03:57.120 [restartedMain] INFO  c.n.d.p.DiscoveryJerseyProvider -Using XML decoding codec XStreamXml
2018-08-11 12:03:58.566 [restartedMain] INFO  c.n.d.s.r.aws.ConfigClusterResolver -Resolving eureka endpoints via configuration
2018-08-11 12:03:58.570 [restartedMain] INFO  c.netflix.discovery.DiscoveryClient -Disable delta property : false
2018-08-11 12:03:58.572 [restartedMain] INFO  c.netflix.discovery.DiscoveryClient -Single vip registry refresh property : null
2018-08-11 12:03:58.572 [restartedMain] INFO  c.netflix.discovery.DiscoveryClient -Force full registry fetch : false
2018-08-11 12:03:58.573 [restartedMain] INFO  c.netflix.discovery.DiscoveryClient -Application is null : false
2018-08-11 12:03:58.573 [restartedMain] INFO  c.netflix.discovery.DiscoveryClient -Registered Applications size is zero : true
2018-08-11 12:03:58.573 [restartedMain] INFO  c.netflix.discovery.DiscoveryClient -Application version is -1: true
2018-08-11 12:03:58.573 [restartedMain] INFO  c.netflix.discovery.DiscoveryClient -Getting all instance registry info from the eureka server
2018-08-11 12:04:00.850 [restartedMain] INFO  c.netflix.discovery.DiscoveryClient -The response status is 200
2018-08-11 12:04:00.856 [restartedMain] INFO  c.netflix.discovery.DiscoveryClient -Not registering with Eureka server per configuration
2018-08-11 12:04:00.866 [restartedMain] INFO  c.netflix.discovery.DiscoveryClient -Discovery Client initialized at timestamp 1533960240866 with initial instances count: 2
2018-08-11 12:04:00.897 [restartedMain] INFO  o.s.c.n.e.s.EurekaServiceRegistry -Registering application unknown with eureka with status UP
2018-08-11 12:04:00.906 [restartedMain] INFO  o.e.j.s.h.ContextHandler.application -Initializing Spring FrameworkServlet 'dispatcherServlet'
2018-08-11 12:04:00.907 [restartedMain] INFO  o.s.web.servlet.DispatcherServlet -FrameworkServlet 'dispatcherServlet': initialization started
2018-08-11 12:04:00.919 [restartedMain] INFO  o.s.web.servlet.DispatcherServlet -FrameworkServlet 'dispatcherServlet': initialization completed in 12 ms
2018-08-11 12:04:01.077 [restartedMain] INFO  o.e.jetty.server.AbstractConnector -Started ServerConnector@7702c882{HTTP/1.1,[http/1.1]}{0.0.0.0:80}
2018-08-11 12:04:01.078 [restartedMain] INFO  o.s.b.c.e.j.JettyEmbeddedServletContainer -Jetty started on port(s) 80 (http/1.1)
2018-08-11 12:04:01.079 [restartedMain] INFO  o.s.c.n.e.s.EurekaAutoServiceRegistration -Updating port to 80
2018-08-11 12:04:01.181 [restartedMain] INFO  c.c.m.Consumer_80_StartSpringCloudApplication -Started Consumer_80_StartSpringCloudApplication in 37.815 seconds (JVM running for 2308.789)
2018-08-11 12:08:58.579 [AsyncResolver-bootstrap-executor-0] INFO  c.n.d.s.r.aws.ConfigClusterResolver -Resolving eureka endpoints via configuration
2018-08-11 12:13:58.592 [AsyncResolver-bootstrap-executor-0] INFO  c.n.d.s.r.aws.ConfigClusterResolver -Resolving eureka endpoints via configuration
2018-08-11 12:18:58.597 [AsyncResolver-bootstrap-executor-0] INFO  c.n.d.s.r.aws.ConfigClusterResolver -Resolving eureka endpoints via configuration
2018-08-11 12:23:58.599 [AsyncResolver-bootstrap-executor-0] INFO  c.n.d.s.r.aws.ConfigClusterResolver -Resolving eureka endpoints via configuration
2018-08-11 12:28:58.605 [AsyncResolver-bootstrap-executor-0] INFO  c.n.d.s.r.aws.ConfigClusterResolver -Resolving eureka endpoints via configuration
2018-08-11 12:33:58.660 [AsyncResolver-bootstrap-executor-0] INFO  c.n.d.s.r.aws.ConfigClusterResolver -Resolving eureka endpoints via configuration
2018-08-11 12:48:53.169 [AsyncResolver-bootstrap-executor-0] INFO  c.n.d.s.r.aws.ConfigClusterResolver -Resolving eureka endpoints via configuration
2018-08-11 12:53:54.152 [AsyncResolver-bootstrap-executor-0] INFO  c.n.d.s.r.aws.ConfigClusterResolver -Resolving eureka endpoints via configuration
2018-08-11 12:58:54.181 [AsyncResolver-bootstrap-executor-0] INFO  c.n.d.s.r.aws.ConfigClusterResolver -Resolving eureka endpoints via configuration
2018-08-11 13:03:54.184 [AsyncResolver-bootstrap-executor-0] INFO  c.n.d.s.r.aws.ConfigClusterResolver -Resolving eureka endpoints via configuration
2018-08-11 13:08:54.186 [AsyncResolver-bootstrap-executor-0] INFO  c.n.d.s.r.aws.ConfigClusterResolver -Resolving eureka endpoints via configuration
2018-08-11 13:13:54.189 [AsyncResolver-bootstrap-executor-0] INFO  c.n.d.s.r.aws.ConfigClusterResolver -Resolving eureka endpoints via configuration
2018-08-11 13:18:54.205 [AsyncResolver-bootstrap-executor-0] INFO  c.n.d.s.r.aws.ConfigClusterResolver -Resolving eureka endpoints via configuration
2018-08-11 13:23:54.242 [AsyncResolver-bootstrap-executor-0] INFO  c.n.d.s.r.aws.ConfigClusterResolver -Resolving eureka endpoints via configuration
2018-08-11 13:28:54.257 [AsyncResolver-bootstrap-executor-0] INFO  c.n.d.s.r.aws.ConfigClusterResolver -Resolving eureka endpoints via configuration
2018-08-11 13:33:54.271 [AsyncResolver-bootstrap-executor-0] INFO  c.n.d.s.r.aws.ConfigClusterResolver -Resolving eureka endpoints via configuration
2018-08-11 13:38:54.333 [AsyncResolver-bootstrap-executor-0] INFO  c.n.d.s.r.aws.ConfigClusterResolver -Resolving eureka endpoints via configuration
2018-08-11 13:43:54.346 [AsyncResolver-bootstrap-executor-0] INFO  c.n.d.s.r.aws.ConfigClusterResolver -Resolving eureka endpoints via configuration
2018-08-11 13:48:54.375 [AsyncResolver-bootstrap-executor-0] INFO  c.n.d.s.r.aws.ConfigClusterResolver -Resolving eureka endpoints via configuration
2018-08-11 13:53:54.377 [AsyncResolver-bootstrap-executor-0] INFO  c.n.d.s.r.aws.ConfigClusterResolver -Resolving eureka endpoints via configuration
2018-08-11 13:58:54.379 [AsyncResolver-bootstrap-executor-0] INFO  c.n.d.s.r.aws.ConfigClusterResolver -Resolving eureka endpoints via configuration
2018-08-11 14:03:54.384 [AsyncResolver-bootstrap-executor-0] INFO  c.n.d.s.r.aws.ConfigClusterResolver -Resolving eureka endpoints via configuration
2018-08-11 14:08:54.404 [AsyncResolver-bootstrap-executor-0] INFO  c.n.d.s.r.aws.ConfigClusterResolver -Resolving eureka endpoints via configuration
2018-08-11 14:13:54.565 [AsyncResolver-bootstrap-executor-0] INFO  c.n.d.s.r.aws.ConfigClusterResolver -Resolving eureka endpoints via configuration
2018-08-11 14:18:54.568 [AsyncResolver-bootstrap-executor-0] INFO  c.n.d.s.r.aws.ConfigClusterResolver -Resolving eureka endpoints via configuration
2018-08-11 14:23:54.570 [AsyncResolver-bootstrap-executor-0] INFO  c.n.d.s.r.aws.ConfigClusterResolver -Resolving eureka endpoints via configuration
2018-08-11 14:28:13.617 [qtp647110054-84] INFO  o.s.c.a.AnnotationConfigApplicationContext -Refreshing org.springframework.context.annotation.AnnotationConfigApplicationContext@2b02f6a2: startup date [Sat Aug 11 14:28:13 CST 2018]; parent: org.springframework.boot.context.embedded.AnnotationConfigEmbeddedWebApplicationContext@7f19fb9d
2018-08-11 14:28:25.371 [qtp647110054-84] INFO  o.s.b.f.a.AutowiredAnnotationBeanPostProcessor -JSR-330 'javax.inject.Inject' annotation found and supported for autowiring
2018-08-11 14:28:28.009 [qtp647110054-84] INFO  c.n.config.ChainedDynamicProperty -Flipping property: MICROCLOUD-PROVIDER-DEPT.ribbon.ActiveConnectionsLimit to use NEXT property: niws.loadbalancer.availabilityFilteringRule.activeConnectionsLimit = 2147483647
2018-08-11 14:28:28.185 [qtp647110054-84] INFO  c.n.u.c.ShutdownEnabledTimer -Shutdown hook installed for: NFLoadBalancer-PingTimer-MICROCLOUD-PROVIDER-DEPT
2018-08-11 14:28:28.326 [qtp647110054-84] INFO  c.n.loadbalancer.BaseLoadBalancer -Client: MICROCLOUD-PROVIDER-DEPT instantiated a LoadBalancer: DynamicServerListLoadBalancer:{NFLoadBalancer:name=MICROCLOUD-PROVIDER-DEPT,current list of Servers=[],Load balancer stats=Zone stats: {},Server stats: []}ServerList:null
2018-08-11 14:28:28.518 [qtp647110054-84] INFO  c.n.l.DynamicServerListLoadBalancer -Using serverListUpdater PollingServerListUpdater
2018-08-11 14:28:29.126 [qtp647110054-84] INFO  c.n.config.ChainedDynamicProperty -Flipping property: MICROCLOUD-PROVIDER-DEPT.ribbon.ActiveConnectionsLimit to use NEXT property: niws.loadbalancer.availabilityFilteringRule.activeConnectionsLimit = 2147483647
2018-08-11 14:28:29.258 [qtp647110054-84] INFO  c.n.l.DynamicServerListLoadBalancer -DynamicServerListLoadBalancer for client MICROCLOUD-PROVIDER-DEPT initialized: DynamicServerListLoadBalancer:{NFLoadBalancer:name=MICROCLOUD-PROVIDER-DEPT,current list of Servers=[192.168.1.101:8001, 192.168.1.101:8002],Load balancer stats=Zone stats: {defaultzone=[Zone:defaultzone;	Instance count:2;	Active connections count: 0;	Circuit breaker tripped count: 0;	Active connections per server: 0.0;]
},Server stats: [[Server:192.168.1.101:8002;	Zone:defaultZone;	Total Requests:0;	Successive connection failure:0;	Total blackout seconds:0;	Last connection made:Thu Jan 01 08:00:00 CST 1970;	First connection made: Thu Jan 01 08:00:00 CST 1970;	Active Connections:0;	total failure count in last (1000) msecs:0;	average resp time:0.0;	90 percentile resp time:0.0;	95 percentile resp time:0.0;	min resp time:0.0;	max resp time:0.0;	stddev resp time:0.0]
, [Server:192.168.1.101:8001;	Zone:defaultZone;	Total Requests:0;	Successive connection failure:0;	Total blackout seconds:0;	Last connection made:Thu Jan 01 08:00:00 CST 1970;	First connection made: Thu Jan 01 08:00:00 CST 1970;	Active Connections:0;	total failure count in last (1000) msecs:0;	average resp time:0.0;	90 percentile resp time:0.0;	95 percentile resp time:0.0;	min resp time:0.0;	max resp time:0.0;	stddev resp time:0.0]
]}ServerList:org.springframework.cloud.netflix.ribbon.eureka.DomainExtractingServerList@5c865abb
2018-08-11 14:28:29.522 [PollingServerListUpdater-0] INFO  c.n.config.ChainedDynamicProperty -Flipping property: MICROCLOUD-PROVIDER-DEPT.ribbon.ActiveConnectionsLimit to use NEXT property: niws.loadbalancer.availabilityFilteringRule.activeConnectionsLimit = 2147483647
2018-08-11 14:28:54.619 [AsyncResolver-bootstrap-executor-0] INFO  c.n.d.s.r.aws.ConfigClusterResolver -Resolving eureka endpoints via configuration
2018-08-11 14:42:42.873 [AsyncResolver-bootstrap-executor-0] INFO  c.n.d.s.r.aws.ConfigClusterResolver -Resolving eureka endpoints via configuration
2018-08-11 14:47:42.910 [AsyncResolver-bootstrap-executor-0] INFO  c.n.d.s.r.aws.ConfigClusterResolver -Resolving eureka endpoints via configuration
2018-08-11 14:52:42.912 [AsyncResolver-bootstrap-executor-0] INFO  c.n.d.s.r.aws.ConfigClusterResolver -Resolving eureka endpoints via configuration
2018-08-11 14:57:42.915 [AsyncResolver-bootstrap-executor-0] INFO  c.n.d.s.r.aws.ConfigClusterResolver -Resolving eureka endpoints via configuration
2018-08-11 15:02:42.938 [AsyncResolver-bootstrap-executor-0] INFO  c.n.d.s.r.aws.ConfigClusterResolver -Resolving eureka endpoints via configuration
2018-08-11 15:07:42.964 [AsyncResolver-bootstrap-executor-0] INFO  c.n.d.s.r.aws.ConfigClusterResolver -Resolving eureka endpoints via configuration
2018-08-11 15:12:42.967 [AsyncResolver-bootstrap-executor-0] INFO  c.n.d.s.r.aws.ConfigClusterResolver -Resolving eureka endpoints via configuration
2018-08-11 15:17:42.985 [AsyncResolver-bootstrap-executor-0] INFO  c.n.d.s.r.aws.ConfigClusterResolver -Resolving eureka endpoints via configuration
2018-08-11 15:18:25.157 [RMI TCP Connection(2)-127.0.0.1] INFO  o.s.b.a.SpringApplicationAdminMXBeanRegistrar$SpringApplicationAdmin -Application shutdown requested.
2018-08-11 15:18:25.236 [RMI TCP Connection(2)-127.0.0.1] INFO  o.s.b.c.e.AnnotationConfigEmbeddedWebApplicationContext -Closing org.springframework.boot.context.embedded.AnnotationConfigEmbeddedWebApplicationContext@7f19fb9d: startup date [Sat Aug 11 12:03:31 CST 2018]; parent: org.springframework.context.annotation.AnnotationConfigApplicationContext@46e287b3
2018-08-11 15:18:26.103 [RMI TCP Connection(2)-127.0.0.1] INFO  o.s.c.n.e.s.EurekaServiceRegistry -Unregistering application unknown with eureka with status DOWN
2018-08-11 15:18:26.183 [RMI TCP Connection(2)-127.0.0.1] INFO  c.netflix.discovery.DiscoveryClient -Shutting down DiscoveryClient ...
2018-08-11 15:18:26.843 [RMI TCP Connection(2)-127.0.0.1] INFO  c.netflix.discovery.DiscoveryClient -Completed shut down of DiscoveryClient
2018-08-11 15:18:27.282 [RMI TCP Connection(2)-127.0.0.1] INFO  o.s.c.s.DefaultLifecycleProcessor -Stopping beans in phase 0
2018-08-11 15:18:27.456 [RMI TCP Connection(2)-127.0.0.1] INFO  o.s.j.e.a.AnnotationMBeanExporter -Unregistering JMX-exposed beans on shutdown
2018-08-11 15:18:27.473 [RMI TCP Connection(2)-127.0.0.1] INFO  o.s.j.e.a.AnnotationMBeanExporter -Unregistering JMX-exposed beans
2018-08-11 15:18:27.547 [RMI TCP Connection(2)-127.0.0.1] INFO  o.s.c.a.AnnotationConfigApplicationContext -Closing org.springframework.context.annotation.AnnotationConfigApplicationContext@2b02f6a2: startup date [Sat Aug 11 14:28:13 CST 2018]; parent: org.springframework.boot.context.embedded.AnnotationConfigEmbeddedWebApplicationContext@7f19fb9d
2018-08-11 15:18:27.706 [RMI TCP Connection(2)-127.0.0.1] WARN  o.s.c.a.AnnotationConfigApplicationContext -Exception thrown from ApplicationListener handling ContextClosedEvent
org.springframework.beans.factory.BeanCreationNotAllowedException: Error creating bean with name 'eurekaAutoServiceRegistration': Singleton bean creation not allowed while singletons of this factory are in destruction (Do not request a bean from a BeanFactory in a destroy method implementation!)
	at org.springframework.beans.factory.support.DefaultSingletonBeanRegistry.getSingleton(DefaultSingletonBeanRegistry.java:216)
	at org.springframework.beans.factory.support.AbstractBeanFactory.doGetBean(AbstractBeanFactory.java:302)
	at org.springframework.beans.factory.support.AbstractBeanFactory.getBean(AbstractBeanFactory.java:197)
	at org.springframework.context.support.AbstractApplicationContext.getBean(AbstractApplicationContext.java:1078)
	at org.springframework.context.event.ApplicationListenerMethodAdapter.getTargetBean(ApplicationListenerMethodAdapter.java:280)
	at org.springframework.context.event.ApplicationListenerMethodAdapter.doInvoke(ApplicationListenerMethodAdapter.java:250)
	at org.springframework.context.event.ApplicationListenerMethodAdapter.processEvent(ApplicationListenerMethodAdapter.java:174)
	at org.springframework.context.event.ApplicationListenerMethodAdapter.onApplicationEvent(ApplicationListenerMethodAdapter.java:137)
	at org.springframework.context.event.SimpleApplicationEventMulticaster.invokeListener(SimpleApplicationEventMulticaster.java:167)
	at org.springframework.context.event.SimpleApplicationEventMulticaster.multicastEvent(SimpleApplicationEventMulticaster.java:139)
	at org.springframework.context.support.AbstractApplicationContext.publishEvent(AbstractApplicationContext.java:393)
	at org.springframework.context.support.AbstractApplicationContext.publishEvent(AbstractApplicationContext.java:399)
	at org.springframework.context.support.AbstractApplicationContext.publishEvent(AbstractApplicationContext.java:347)
	at org.springframework.context.support.AbstractApplicationContext.doClose(AbstractApplicationContext.java:991)
	at org.springframework.context.support.AbstractApplicationContext.close(AbstractApplicationContext.java:958)
	at org.springframework.cloud.context.named.NamedContextFactory.destroy(NamedContextFactory.java:76)
	at org.springframework.beans.factory.support.DisposableBeanAdapter.destroy(DisposableBeanAdapter.java:272)
	at org.springframework.beans.factory.support.DefaultSingletonBeanRegistry.destroyBean(DefaultSingletonBeanRegistry.java:578)
	at org.springframework.beans.factory.support.DefaultSingletonBeanRegistry.destroySingleton(DefaultSingletonBeanRegistry.java:554)
	at org.springframework.beans.factory.support.DefaultListableBeanFactory.destroySingleton(DefaultListableBeanFactory.java:961)
	at org.springframework.beans.factory.support.DefaultSingletonBeanRegistry.destroySingletons(DefaultSingletonBeanRegistry.java:523)
	at org.springframework.beans.factory.support.DefaultListableBeanFactory.destroySingletons(DefaultListableBeanFactory.java:968)
	at org.springframework.context.support.AbstractApplicationContext.destroyBeans(AbstractApplicationContext.java:1030)
	at org.springframework.context.support.AbstractApplicationContext.doClose(AbstractApplicationContext.java:1006)
	at org.springframework.context.support.AbstractApplicationContext.close(AbstractApplicationContext.java:958)
	at org.springframework.boot.admin.SpringApplicationAdminMXBeanRegistrar$SpringApplicationAdmin.shutdown(SpringApplicationAdminMXBeanRegistrar.java:126)
	at sun.reflect.NativeMethodAccessorImpl.invoke0(Native Method)
	at sun.reflect.NativeMethodAccessorImpl.invoke(NativeMethodAccessorImpl.java:62)
	at sun.reflect.DelegatingMethodAccessorImpl.invoke(DelegatingMethodAccessorImpl.java:43)
	at java.lang.reflect.Method.invoke(Method.java:497)
	at sun.reflect.misc.Trampoline.invoke(MethodUtil.java:71)
	at sun.reflect.NativeMethodAccessorImpl.invoke0(Native Method)
	at sun.reflect.NativeMethodAccessorImpl.invoke(NativeMethodAccessorImpl.java:62)
	at sun.reflect.DelegatingMethodAccessorImpl.invoke(DelegatingMethodAccessorImpl.java:43)
	at java.lang.reflect.Method.invoke(Method.java:497)
	at sun.reflect.misc.MethodUtil.invoke(MethodUtil.java:275)
	at com.sun.jmx.mbeanserver.ConvertingMethod.invokeWithOpenReturn(ConvertingMethod.java:193)
	at com.sun.jmx.mbeanserver.ConvertingMethod.invokeWithOpenReturn(ConvertingMethod.java:175)
	at com.sun.jmx.mbeanserver.MXBeanIntrospector.invokeM2(MXBeanIntrospector.java:117)
	at com.sun.jmx.mbeanserver.MXBeanIntrospector.invokeM2(MXBeanIntrospector.java:54)
	at com.sun.jmx.mbeanserver.MBeanIntrospector.invokeM(MBeanIntrospector.java:237)
	at com.sun.jmx.mbeanserver.PerInterface.invoke(PerInterface.java:138)
	at com.sun.jmx.mbeanserver.MBeanSupport.invoke(MBeanSupport.java:252)
	at com.sun.jmx.interceptor.DefaultMBeanServerInterceptor.invoke(DefaultMBeanServerInterceptor.java:819)
	at com.sun.jmx.mbeanserver.JmxMBeanServer.invoke(JmxMBeanServer.java:801)
	at javax.management.remote.rmi.RMIConnectionImpl.doOperation(RMIConnectionImpl.java:1468)
	at javax.management.remote.rmi.RMIConnectionImpl.access$300(RMIConnectionImpl.java:76)
	at javax.management.remote.rmi.RMIConnectionImpl$PrivilegedOperation.run(RMIConnectionImpl.java:1309)
	at javax.management.remote.rmi.RMIConnectionImpl.doPrivilegedOperation(RMIConnectionImpl.java:1401)
	at javax.management.remote.rmi.RMIConnectionImpl.invoke(RMIConnectionImpl.java:829)
	at sun.reflect.NativeMethodAccessorImpl.invoke0(Native Method)
	at sun.reflect.NativeMethodAccessorImpl.invoke(NativeMethodAccessorImpl.java:62)
	at sun.reflect.DelegatingMethodAccessorImpl.invoke(DelegatingMethodAccessorImpl.java:43)
	at java.lang.reflect.Method.invoke(Method.java:497)
	at sun.rmi.server.UnicastServerRef.dispatch(UnicastServerRef.java:323)
	at sun.rmi.transport.Transport$1.run(Transport.java:200)
	at sun.rmi.transport.Transport$1.run(Transport.java:197)
	at java.security.AccessController.doPrivileged(Native Method)
	at sun.rmi.transport.Transport.serviceCall(Transport.java:196)
	at sun.rmi.transport.tcp.TCPTransport.handleMessages(TCPTransport.java:568)
	at sun.rmi.transport.tcp.TCPTransport$ConnectionHandler.run0(TCPTransport.java:826)
	at sun.rmi.transport.tcp.TCPTransport$ConnectionHandler.lambda$run$256(TCPTransport.java:683)
	at java.security.AccessController.doPrivileged(Native Method)
	at sun.rmi.transport.tcp.TCPTransport$ConnectionHandler.run(TCPTransport.java:682)
	at java.util.concurrent.ThreadPoolExecutor.runWorker(ThreadPoolExecutor.java:1142)
	at java.util.concurrent.ThreadPoolExecutor$Worker.run(ThreadPoolExecutor.java:617)
	at java.lang.Thread.run(Thread.java:745)
2018-08-11 15:18:27.776 [RMI TCP Connection(2)-127.0.0.1] INFO  c.n.u.c.ShutdownEnabledTimer -Shutdown hook removed for: NFLoadBalancer-PingTimer-MICROCLOUD-PROVIDER-DEPT
2018-08-11 15:18:28.695 [RMI TCP Connection(2)-127.0.0.1] INFO  o.e.jetty.server.AbstractConnector -Stopped ServerConnector@7702c882{HTTP/1.1,[http/1.1]}{0.0.0.0:80}
2018-08-11 15:18:28.703 [RMI TCP Connection(2)-127.0.0.1] INFO  org.eclipse.jetty.server.session -Stopped scavenging
2018-08-11 15:18:29.031 [RMI TCP Connection(2)-127.0.0.1] INFO  o.e.j.s.h.ContextHandler.application -Destroying Spring FrameworkServlet 'dispatcherServlet'
2018-08-11 15:18:29.134 [RMI TCP Connection(2)-127.0.0.1] INFO  o.e.j.server.handler.ContextHandler -Stopped o.s.b.c.e.j.JettyEmbeddedWebAppContext@2b02d673{/,[file:///C:/Users/admin/AppData/Local/Temp/jetty-docbase.1859136421617325790.80/],UNAVAILABLE}
2018-08-11 15:18:29.270 [Thread-29] INFO  c.n.l.PollingServerListUpdater -Shutting down the Executor Pool for PollingServerListUpdater
