2018-03-03 00:23:36.954 [restartedMain] INFO  o.s.c.a.AnnotationConfigApplicationContext -Refreshing org.springframework.context.annotation.AnnotationConfigApplicationContext@3413b306: startup date [Sat Mar 03 00:23:36 CST 2018]; root of context hierarchy
2018-03-03 00:23:37.677 [restartedMain] INFO  o.s.b.f.a.AutowiredAnnotationBeanPostProcessor -JSR-330 'javax.inject.Inject' annotation found and supported for autowiring
2018-03-03 00:23:37.812 [restartedMain] INFO  o.s.c.s.PostProcessorRegistrationDelegate$BeanPostProcessorChecker -Bean 'configurationPropertiesRebinderAutoConfiguration' of type [org.springframework.cloud.autoconfigure.ConfigurationPropertiesRebinderAutoConfiguration$$EnhancerBySpringCGLIB$$20079db9] is not eligible for getting processed by all BeanPostProcessors (for example: not eligible for auto-proxying)
2018-03-03 00:23:39.072 [restartedMain] INFO  o.s.c.c.c.ConfigServicePropertySourceLocator -Fetching config from server at: http://localhost:8888
2018-03-03 00:23:40.216 [restartedMain] WARN  o.s.c.c.c.ConfigServicePropertySourceLocator -Could not locate PropertySource: I/O error on GET request for "http://localhost:8888/application/default": Connection refused: connect; nested exception is java.net.ConnectException: Connection refused: connect
2018-03-03 00:23:40.221 [restartedMain] INFO  c.c.m.Eureka_7003_StartSpringCloudApplication -No active profile set, falling back to default profiles: default
2018-03-03 00:23:40.246 [restartedMain] INFO  o.s.b.c.e.AnnotationConfigEmbeddedWebApplicationContext -Refreshing org.springframework.boot.context.embedded.AnnotationConfigEmbeddedWebApplicationContext@6be8131b: startup date [Sat Mar 03 00:23:40 CST 2018]; parent: org.springframework.context.annotation.AnnotationConfigApplicationContext@3413b306
2018-03-03 00:23:43.844 [restartedMain] INFO  o.s.cloud.context.scope.GenericScope -BeanFactory id=0b1eb060-9fa1-33f7-9f96-cab898fa8eac
2018-03-03 00:23:43.879 [restartedMain] INFO  o.s.b.f.a.AutowiredAnnotationBeanPostProcessor -JSR-330 'javax.inject.Inject' annotation found and supported for autowiring
2018-03-03 00:23:44.012 [restartedMain] INFO  o.s.c.s.PostProcessorRegistrationDelegate$BeanPostProcessorChecker -Bean 'org.springframework.cloud.netflix.metrics.MetricsInterceptorConfiguration$MetricsRestTemplateConfiguration' of type [org.springframework.cloud.netflix.metrics.MetricsInterceptorConfiguration$MetricsRestTemplateConfiguration$$EnhancerBySpringCGLIB$$361a40fd] is not eligible for getting processed by all BeanPostProcessors (for example: not eligible for auto-proxying)
2018-03-03 00:23:44.027 [restartedMain] INFO  o.s.c.s.PostProcessorRegistrationDelegate$BeanPostProcessorChecker -Bean 'org.springframework.cloud.autoconfigure.ConfigurationPropertiesRebinderAutoConfiguration' of type [org.springframework.cloud.autoconfigure.ConfigurationPropertiesRebinderAutoConfiguration$$EnhancerBySpringCGLIB$$20079db9] is not eligible for getting processed by all BeanPostProcessors (for example: not eligible for auto-proxying)
2018-03-03 00:23:44.354 [restartedMain] INFO  org.eclipse.jetty.util.log -Logging initialized @10640ms to org.eclipse.jetty.util.log.Slf4jLog
2018-03-03 00:23:44.874 [restartedMain] INFO  o.s.b.c.e.j.JettyEmbeddedServletContainerFactory -Server initialized with port: 7003
2018-03-03 00:23:44.881 [restartedMain] INFO  org.eclipse.jetty.server.Server -jetty-9.4.5.v20170502
2018-03-03 00:23:45.268 [restartedMain] INFO  org.eclipse.jetty.server.session -DefaultSessionIdManager workerName=node0
2018-03-03 00:23:45.269 [restartedMain] INFO  org.eclipse.jetty.server.session -No SessionScavenger set, using defaults
2018-03-03 00:23:45.272 [restartedMain] INFO  org.eclipse.jetty.server.session -Scavenging every 600000ms
2018-03-03 00:23:45.282 [restartedMain] INFO  o.e.j.s.h.ContextHandler.application -Initializing Spring embedded WebApplicationContext
2018-03-03 00:23:45.283 [restartedMain] INFO  o.s.web.context.ContextLoader -Root WebApplicationContext: initialization completed in 5037 ms
2018-03-03 00:23:46.507 [restartedMain] INFO  o.s.b.w.s.FilterRegistrationBean -Mapping filter: 'metricsFilter' to: [/*]
2018-03-03 00:23:46.509 [restartedMain] INFO  o.s.b.w.s.FilterRegistrationBean -Mapping filter: 'characterEncodingFilter' to: [/*]
2018-03-03 00:23:46.510 [restartedMain] INFO  o.s.b.w.s.FilterRegistrationBean -Mapping filter: 'hiddenHttpMethodFilter' to: [/*]
2018-03-03 00:23:46.510 [restartedMain] INFO  o.s.b.w.s.FilterRegistrationBean -Mapping filter: 'httpPutFormContentFilter' to: [/*]
2018-03-03 00:23:46.511 [restartedMain] INFO  o.s.b.w.s.FilterRegistrationBean -Mapping filter: 'requestContextFilter' to: [/*]
2018-03-03 00:23:46.514 [restartedMain] INFO  o.s.b.w.s.DelegatingFilterProxyRegistrationBean -Mapping filter: 'springSecurityFilterChain' to: [/*]
2018-03-03 00:23:46.515 [restartedMain] INFO  o.s.b.w.s.FilterRegistrationBean -Mapping filter: 'webRequestTraceFilter' to: [/*]
2018-03-03 00:23:46.516 [restartedMain] INFO  o.s.b.w.s.FilterRegistrationBean -Mapping filter: 'servletContainer' to urls: [/eureka/*]
2018-03-03 00:23:46.517 [restartedMain] INFO  o.s.b.w.s.FilterRegistrationBean -Mapping filter: 'applicationContextIdFilter' to: [/*]
2018-03-03 00:23:46.519 [restartedMain] INFO  o.s.b.w.s.ServletRegistrationBean -Mapping servlet: 'dispatcherServlet' to [/]
2018-03-03 00:23:46.940 [restartedMain] INFO  o.e.j.server.handler.ContextHandler -Started o.s.b.c.e.j.JettyEmbeddedWebAppContext@319bca98{/,[file:///C:/Users/admin/AppData/Local/Temp/jetty-docbase.5354167453201148876.7003/],AVAILABLE}
2018-03-03 00:23:46.945 [restartedMain] INFO  org.eclipse.jetty.server.Server -Started @13234ms
2018-03-03 00:23:48.632 [restartedMain] INFO  o.s.w.s.m.m.a.RequestMappingHandlerAdapter -Looking for @ControllerAdvice: org.springframework.boot.context.embedded.AnnotationConfigEmbeddedWebApplicationContext@6be8131b: startup date [Sat Mar 03 00:23:40 CST 2018]; parent: org.springframework.context.annotation.AnnotationConfigApplicationContext@3413b306
2018-03-03 00:23:49.170 [restartedMain] INFO  o.s.w.s.m.m.a.RequestMappingHandlerMapping -Mapped "{[/error]}" onto public org.springframework.http.ResponseEntity<java.util.Map<java.lang.String, java.lang.Object>> org.springframework.boot.autoconfigure.web.BasicErrorController.error(javax.servlet.http.HttpServletRequest)
2018-03-03 00:23:49.179 [restartedMain] INFO  o.s.w.s.m.m.a.RequestMappingHandlerMapping -Mapped "{[/error],produces=[text/html]}" onto public org.springframework.web.servlet.ModelAndView org.springframework.boot.autoconfigure.web.BasicErrorController.errorHtml(javax.servlet.http.HttpServletRequest,javax.servlet.http.HttpServletResponse)
2018-03-03 00:23:49.202 [restartedMain] INFO  o.s.w.s.m.m.a.RequestMappingHandlerMapping -Mapped "{[/],methods=[GET]}" onto public java.lang.String org.springframework.cloud.netflix.eureka.server.EurekaController.status(javax.servlet.http.HttpServletRequest,java.util.Map<java.lang.String, java.lang.Object>)
2018-03-03 00:23:49.204 [restartedMain] INFO  o.s.w.s.m.m.a.RequestMappingHandlerMapping -Mapped "{[/lastn],methods=[GET]}" onto public java.lang.String org.springframework.cloud.netflix.eureka.server.EurekaController.lastn(javax.servlet.http.HttpServletRequest,java.util.Map<java.lang.String, java.lang.Object>)
2018-03-03 00:23:49.353 [restartedMain] INFO  o.s.w.s.h.SimpleUrlHandlerMapping -Mapped URL path [/webjars/**] onto handler of type [class org.springframework.web.servlet.resource.ResourceHttpRequestHandler]
2018-03-03 00:23:49.376 [restartedMain] INFO  o.s.w.s.h.SimpleUrlHandlerMapping -Mapped URL path [/**] onto handler of type [class org.springframework.web.servlet.resource.ResourceHttpRequestHandler]
2018-03-03 00:23:49.525 [restartedMain] INFO  o.s.w.s.h.SimpleUrlHandlerMapping -Mapped URL path [/**/favicon.ico] onto handler of type [class org.springframework.web.servlet.resource.ResourceHttpRequestHandler]
2018-03-03 00:23:50.484 [restartedMain] INFO  o.s.s.web.DefaultSecurityFilterChain -Creating filter chain: OrRequestMatcher [requestMatchers=[Ant [pattern='/css/**'], Ant [pattern='/js/**'], Ant [pattern='/images/**'], Ant [pattern='/webjars/**'], Ant [pattern='/**/favicon.ico'], Ant [pattern='/error']]], []
2018-03-03 00:23:50.654 [restartedMain] INFO  o.s.s.web.DefaultSecurityFilterChain -Creating filter chain: org.springframework.boot.actuate.autoconfigure.ManagementWebSecurityAutoConfiguration$LazyEndpointPathRequestMatcher@6f619807, [org.springframework.security.web.context.request.async.WebAsyncManagerIntegrationFilter@1a1c3b56, org.springframework.security.web.context.SecurityContextPersistenceFilter@57ca496b, org.springframework.security.web.header.HeaderWriterFilter@36e67873, org.springframework.security.web.authentication.logout.LogoutFilter@364558e8, org.springframework.security.web.authentication.www.BasicAuthenticationFilter@127cfe9b, org.springframework.security.web.savedrequest.RequestCacheAwareFilter@199cb8be, org.springframework.security.web.servletapi.SecurityContextHolderAwareRequestFilter@7e25ac37, org.springframework.security.web.authentication.AnonymousAuthenticationFilter@201d4016, org.springframework.security.web.session.SessionManagementFilter@199846af, org.springframework.security.web.access.ExceptionTranslationFilter@4e025fdb, org.springframework.security.web.access.intercept.FilterSecurityInterceptor@2d7b10a3]
2018-03-03 00:23:50.689 [restartedMain] INFO  o.s.s.web.DefaultSecurityFilterChain -Creating filter chain: OrRequestMatcher [requestMatchers=[Ant [pattern='/**']]], [org.springframework.security.web.context.request.async.WebAsyncManagerIntegrationFilter@5082417b, org.springframework.security.web.context.SecurityContextPersistenceFilter@63fa0fe9, org.springframework.security.web.header.HeaderWriterFilter@35b0130b, org.springframework.security.web.authentication.logout.LogoutFilter@481c9017, org.springframework.security.web.authentication.www.BasicAuthenticationFilter@7b2a4bba, org.springframework.security.web.savedrequest.RequestCacheAwareFilter@46f2e646, org.springframework.security.web.servletapi.SecurityContextHolderAwareRequestFilter@73ef8dd8, org.springframework.security.web.authentication.AnonymousAuthenticationFilter@5962d195, org.springframework.security.web.session.SessionManagementFilter@3d713e9, org.springframework.security.web.access.ExceptionTranslationFilter@4d6d0818, org.springframework.security.web.access.intercept.FilterSecurityInterceptor@205bd615]
2018-03-03 00:23:51.525 [restartedMain] INFO  o.s.b.a.e.mvc.EndpointHandlerMapping -Mapped "{[/mappings || /mappings.json],methods=[GET],produces=[application/vnd.spring-boot.actuator.v1+json || application/json]}" onto public java.lang.Object org.springframework.boot.actuate.endpoint.mvc.EndpointMvcAdapter.invoke()
2018-03-03 00:23:51.530 [restartedMain] INFO  o.s.b.a.e.mvc.EndpointHandlerMapping -Mapped "{[/restart || /restart.json],methods=[POST]}" onto public java.lang.Object org.springframework.cloud.context.restart.RestartMvcEndpoint.invoke()
2018-03-03 00:23:51.533 [restartedMain] INFO  o.s.b.a.e.mvc.EndpointHandlerMapping -Mapped "{[/resume || /resume.json],methods=[POST]}" onto public java.lang.Object org.springframework.cloud.endpoint.GenericPostableMvcEndpoint.invoke()
2018-03-03 00:23:51.536 [restartedMain] INFO  o.s.b.a.e.mvc.EndpointHandlerMapping -Mapped "{[/features || /features.json],methods=[GET],produces=[application/vnd.spring-boot.actuator.v1+json || application/json]}" onto public java.lang.Object org.springframework.boot.actuate.endpoint.mvc.EndpointMvcAdapter.invoke()
2018-03-03 00:23:51.538 [restartedMain] INFO  o.s.b.a.e.mvc.EndpointHandlerMapping -Mapped "{[/archaius || /archaius.json],methods=[GET],produces=[application/vnd.spring-boot.actuator.v1+json || application/json]}" onto public java.lang.Object org.springframework.boot.actuate.endpoint.mvc.EndpointMvcAdapter.invoke()
2018-03-03 00:23:51.542 [restartedMain] INFO  o.s.b.a.e.mvc.EndpointHandlerMapping -Mapped "{[/env/{name:.*}],methods=[GET],produces=[application/vnd.spring-boot.actuator.v1+json || application/json]}" onto public java.lang.Object org.springframework.boot.actuate.endpoint.mvc.EnvironmentMvcEndpoint.value(java.lang.String)
2018-03-03 00:23:51.544 [restartedMain] INFO  o.s.b.a.e.mvc.EndpointHandlerMapping -Mapped "{[/env || /env.json],methods=[GET],produces=[application/vnd.spring-boot.actuator.v1+json || application/json]}" onto public java.lang.Object org.springframework.boot.actuate.endpoint.mvc.EndpointMvcAdapter.invoke()
2018-03-03 00:23:51.545 [restartedMain] INFO  o.s.b.a.e.mvc.EndpointHandlerMapping -Mapped "{[/service-registry/instance-status],methods=[GET]}" onto public org.springframework.http.ResponseEntity org.springframework.cloud.client.serviceregistry.endpoint.ServiceRegistryEndpoint.getStatus()
2018-03-03 00:23:51.547 [restartedMain] INFO  o.s.b.a.e.mvc.EndpointHandlerMapping -Mapped "{[/service-registry/instance-status],methods=[POST]}" onto public org.springframework.http.ResponseEntity<?> org.springframework.cloud.client.serviceregistry.endpoint.ServiceRegistryEndpoint.setStatus(java.lang.String)
2018-03-03 00:23:51.549 [restartedMain] INFO  o.s.b.a.e.mvc.EndpointHandlerMapping -Mapped "{[/beans || /beans.json],methods=[GET],produces=[application/vnd.spring-boot.actuator.v1+json || application/json]}" onto public java.lang.Object org.springframework.boot.actuate.endpoint.mvc.EndpointMvcAdapter.invoke()
2018-03-03 00:23:51.553 [restartedMain] INFO  o.s.b.a.e.mvc.EndpointHandlerMapping -Mapped "{[/info || /info.json],methods=[GET],produces=[application/vnd.spring-boot.actuator.v1+json || application/json]}" onto public java.lang.Object org.springframework.boot.actuate.endpoint.mvc.EndpointMvcAdapter.invoke()
2018-03-03 00:23:51.555 [restartedMain] INFO  o.s.b.a.e.mvc.EndpointHandlerMapping -Mapped "{[/autoconfig || /autoconfig.json],methods=[GET],produces=[application/vnd.spring-boot.actuator.v1+json || application/json]}" onto public java.lang.Object org.springframework.boot.actuate.endpoint.mvc.EndpointMvcAdapter.invoke()
2018-03-03 00:23:51.563 [restartedMain] INFO  o.s.b.a.e.mvc.EndpointHandlerMapping -Mapped "{[/metrics/{name:.*}],methods=[GET],produces=[application/vnd.spring-boot.actuator.v1+json || application/json]}" onto public java.lang.Object org.springframework.boot.actuate.endpoint.mvc.MetricsMvcEndpoint.value(java.lang.String)
2018-03-03 00:23:51.567 [restartedMain] INFO  o.s.b.a.e.mvc.EndpointHandlerMapping -Mapped "{[/metrics || /metrics.json],methods=[GET],produces=[application/vnd.spring-boot.actuator.v1+json || application/json]}" onto public java.lang.Object org.springframework.boot.actuate.endpoint.mvc.EndpointMvcAdapter.invoke()
2018-03-03 00:23:51.572 [restartedMain] INFO  o.s.b.a.e.mvc.EndpointHandlerMapping -Mapped "{[/pause || /pause.json],methods=[POST]}" onto public java.lang.Object org.springframework.cloud.endpoint.GenericPostableMvcEndpoint.invoke()
2018-03-03 00:23:51.577 [restartedMain] INFO  o.s.b.a.e.mvc.EndpointHandlerMapping -Mapped "{[/loggers/{name:.*}],methods=[GET],produces=[application/vnd.spring-boot.actuator.v1+json || application/json]}" onto public java.lang.Object org.springframework.boot.actuate.endpoint.mvc.LoggersMvcEndpoint.get(java.lang.String)
2018-03-03 00:23:51.600 [restartedMain] INFO  o.s.b.a.e.mvc.EndpointHandlerMapping -Mapped "{[/loggers/{name:.*}],methods=[POST],consumes=[application/vnd.spring-boot.actuator.v1+json || application/json],produces=[application/vnd.spring-boot.actuator.v1+json || application/json]}" onto public java.lang.Object org.springframework.boot.actuate.endpoint.mvc.LoggersMvcEndpoint.set(java.lang.String,java.util.Map<java.lang.String, java.lang.String>)
2018-03-03 00:23:51.603 [restartedMain] INFO  o.s.b.a.e.mvc.EndpointHandlerMapping -Mapped "{[/loggers || /loggers.json],methods=[GET],produces=[application/vnd.spring-boot.actuator.v1+json || application/json]}" onto public java.lang.Object org.springframework.boot.actuate.endpoint.mvc.EndpointMvcAdapter.invoke()
2018-03-03 00:23:51.609 [restartedMain] INFO  o.s.b.a.e.mvc.EndpointHandlerMapping -Mapped "{[/refresh || /refresh.json],methods=[POST]}" onto public java.lang.Object org.springframework.cloud.endpoint.GenericPostableMvcEndpoint.invoke()
2018-03-03 00:23:51.617 [restartedMain] INFO  o.s.b.a.e.mvc.EndpointHandlerMapping -Mapped "{[/health || /health.json],methods=[GET],produces=[application/vnd.spring-boot.actuator.v1+json || application/json]}" onto public java.lang.Object org.springframework.boot.actuate.endpoint.mvc.HealthMvcEndpoint.invoke(javax.servlet.http.HttpServletRequest,java.security.Principal)
2018-03-03 00:23:51.620 [restartedMain] INFO  o.s.b.a.e.mvc.EndpointHandlerMapping -Mapped "{[/configprops || /configprops.json],methods=[GET],produces=[application/vnd.spring-boot.actuator.v1+json || application/json]}" onto public java.lang.Object org.springframework.boot.actuate.endpoint.mvc.EndpointMvcAdapter.invoke()
2018-03-03 00:23:51.623 [restartedMain] INFO  o.s.b.a.e.mvc.EndpointHandlerMapping -Mapped "{[/auditevents || /auditevents.json],methods=[GET],produces=[application/vnd.spring-boot.actuator.v1+json || application/json]}" onto public org.springframework.http.ResponseEntity<?> org.springframework.boot.actuate.endpoint.mvc.AuditEventsMvcEndpoint.findByPrincipalAndAfterAndType(java.lang.String,java.util.Date,java.lang.String)
2018-03-03 00:23:51.625 [restartedMain] INFO  o.s.b.a.e.mvc.EndpointHandlerMapping -Mapped "{[/env],methods=[POST]}" onto public java.lang.Object org.springframework.cloud.context.environment.EnvironmentManagerMvcEndpoint.value(java.util.Map<java.lang.String, java.lang.String>)
2018-03-03 00:23:51.628 [restartedMain] INFO  o.s.b.a.e.mvc.EndpointHandlerMapping -Mapped "{[/env/reset],methods=[POST]}" onto public java.util.Map<java.lang.String, java.lang.Object> org.springframework.cloud.context.environment.EnvironmentManagerMvcEndpoint.reset()
2018-03-03 00:23:51.630 [restartedMain] INFO  o.s.b.a.e.mvc.EndpointHandlerMapping -Mapped "{[/trace || /trace.json],methods=[GET],produces=[application/vnd.spring-boot.actuator.v1+json || application/json]}" onto public java.lang.Object org.springframework.boot.actuate.endpoint.mvc.EndpointMvcAdapter.invoke()
2018-03-03 00:23:51.632 [restartedMain] INFO  o.s.b.a.e.mvc.EndpointHandlerMapping -Mapped "{[/dump || /dump.json],methods=[GET],produces=[application/vnd.spring-boot.actuator.v1+json || application/json]}" onto public java.lang.Object org.springframework.boot.actuate.endpoint.mvc.EndpointMvcAdapter.invoke()
2018-03-03 00:23:51.634 [restartedMain] INFO  o.s.b.a.e.mvc.EndpointHandlerMapping -Mapped "{[/heapdump || /heapdump.json],methods=[GET],produces=[application/octet-stream]}" onto public void org.springframework.boot.actuate.endpoint.mvc.HeapdumpMvcEndpoint.invoke(boolean,javax.servlet.http.HttpServletRequest,javax.servlet.http.HttpServletResponse) throws java.io.IOException,javax.servlet.ServletException
2018-03-03 00:23:52.034 [restartedMain] INFO  o.s.u.f.SpringTemplateLoader -SpringTemplateLoader for FreeMarker: using resource loader [org.springframework.boot.context.embedded.AnnotationConfigEmbeddedWebApplicationContext@6be8131b: startup date [Sat Mar 03 00:23:40 CST 2018]; parent: org.springframework.context.annotation.AnnotationConfigApplicationContext@3413b306] and template loader path [classpath:/templates/]
2018-03-03 00:23:52.037 [restartedMain] INFO  o.s.w.s.v.f.FreeMarkerConfigurer -ClassTemplateLoader for Spring macros added to FreeMarker configuration
2018-03-03 00:23:52.182 [restartedMain] WARN  o.s.b.d.a.OptionalLiveReloadServer -Unable to start LiveReload server
2018-03-03 00:23:52.350 [restartedMain] WARN  o.s.c.n.a.ArchaiusAutoConfiguration -No spring.application.name found, defaulting to 'application'
2018-03-03 00:23:52.359 [restartedMain] WARN  c.n.c.sources.URLConfigurationSource -No URLs will be polled as dynamic configuration sources.
2018-03-03 00:23:52.361 [restartedMain] INFO  c.n.c.sources.URLConfigurationSource -To enable URLs as dynamic configuration sources, define System property archaius.configurationSource.additionalUrls or make config.properties available on classpath.
2018-03-03 00:23:52.381 [restartedMain] WARN  c.n.c.sources.URLConfigurationSource -No URLs will be polled as dynamic configuration sources.
2018-03-03 00:23:52.381 [restartedMain] INFO  c.n.c.sources.URLConfigurationSource -To enable URLs as dynamic configuration sources, define System property archaius.configurationSource.additionalUrls or make config.properties available on classpath.
2018-03-03 00:23:52.632 [restartedMain] INFO  o.s.c.n.eureka.InstanceInfoFactory -Setting initial instance status as: STARTING
2018-03-03 00:23:52.714 [restartedMain] INFO  c.netflix.discovery.DiscoveryClient -Initializing Eureka in region us-east-1
2018-03-03 00:23:52.715 [restartedMain] INFO  c.netflix.discovery.DiscoveryClient -Client configured to neither register nor query for data.
2018-03-03 00:23:52.742 [restartedMain] INFO  c.netflix.discovery.DiscoveryClient -Discovery Client initialized at timestamp 1520007832741 with initial instances count: 0
2018-03-03 00:23:52.987 [restartedMain] INFO  c.n.e.DefaultEurekaServerContext -Initializing ...
2018-03-03 00:23:52.993 [restartedMain] INFO  c.n.eureka.cluster.PeerEurekaNodes -Adding new peer nodes [http://admin:caxinsjava@localhost:7001/eureka/, http://admin:caxinsjava@localhost:7002/eureka/]
2018-03-03 00:23:53.140 [restartedMain] INFO  c.n.d.p.DiscoveryJerseyProvider -Using JSON encoding codec LegacyJacksonJson
2018-03-03 00:23:53.141 [restartedMain] INFO  c.n.d.p.DiscoveryJerseyProvider -Using JSON decoding codec LegacyJacksonJson
2018-03-03 00:23:53.142 [restartedMain] INFO  c.n.d.p.DiscoveryJerseyProvider -Using XML encoding codec XStreamXml
2018-03-03 00:23:53.145 [restartedMain] INFO  c.n.d.p.DiscoveryJerseyProvider -Using XML decoding codec XStreamXml
2018-03-03 00:23:53.697 [restartedMain] INFO  c.n.d.p.DiscoveryJerseyProvider -Using JSON encoding codec LegacyJacksonJson
2018-03-03 00:23:53.699 [restartedMain] INFO  c.n.d.p.DiscoveryJerseyProvider -Using JSON decoding codec LegacyJacksonJson
2018-03-03 00:23:53.699 [restartedMain] INFO  c.n.d.p.DiscoveryJerseyProvider -Using XML encoding codec XStreamXml
2018-03-03 00:23:53.699 [restartedMain] INFO  c.n.d.p.DiscoveryJerseyProvider -Using XML decoding codec XStreamXml
2018-03-03 00:23:53.868 [restartedMain] INFO  c.n.eureka.cluster.PeerEurekaNodes -Replica node URL:  http://admin:caxinsjava@localhost:7001/eureka/
2018-03-03 00:23:53.871 [restartedMain] INFO  c.n.eureka.cluster.PeerEurekaNodes -Replica node URL:  http://admin:caxinsjava@localhost:7002/eureka/
2018-03-03 00:23:53.891 [restartedMain] INFO  c.n.e.r.AbstractInstanceRegistry -Finished initializing remote region registries. All known remote regions: []
2018-03-03 00:23:53.894 [restartedMain] INFO  c.n.e.DefaultEurekaServerContext -Initialized
2018-03-03 00:23:54.098 [restartedMain] INFO  o.s.j.e.a.AnnotationMBeanExporter -Registering beans for JMX exposure on startup
2018-03-03 00:23:54.117 [restartedMain] INFO  o.s.j.e.a.AnnotationMBeanExporter -Bean with name 'environmentManager' has been autodetected for JMX exposure
2018-03-03 00:23:54.123 [restartedMain] INFO  o.s.j.e.a.AnnotationMBeanExporter -Bean with name 'configurationPropertiesRebinder' has been autodetected for JMX exposure
2018-03-03 00:23:54.124 [restartedMain] INFO  o.s.j.e.a.AnnotationMBeanExporter -Bean with name 'refreshEndpoint' has been autodetected for JMX exposure
2018-03-03 00:23:54.127 [restartedMain] INFO  o.s.j.e.a.AnnotationMBeanExporter -Bean with name 'restartEndpoint' has been autodetected for JMX exposure
2018-03-03 00:23:54.131 [restartedMain] INFO  o.s.j.e.a.AnnotationMBeanExporter -Bean with name 'serviceRegistryEndpoint' has been autodetected for JMX exposure
2018-03-03 00:23:54.134 [restartedMain] INFO  o.s.j.e.a.AnnotationMBeanExporter -Bean with name 'refreshScope' has been autodetected for JMX exposure
2018-03-03 00:23:54.141 [restartedMain] INFO  o.s.j.e.a.AnnotationMBeanExporter -Located managed bean 'environmentManager': registering with JMX server as MBean [org.springframework.cloud.context.environment:name=environmentManager,type=EnvironmentManager]
2018-03-03 00:23:54.172 [restartedMain] INFO  o.s.j.e.a.AnnotationMBeanExporter -Located managed bean 'restartEndpoint': registering with JMX server as MBean [org.springframework.cloud.context.restart:name=restartEndpoint,type=RestartEndpoint]
2018-03-03 00:23:54.223 [restartedMain] INFO  o.s.j.e.a.AnnotationMBeanExporter -Located managed bean 'serviceRegistryEndpoint': registering with JMX server as MBean [org.springframework.cloud.client.serviceregistry.endpoint:name=serviceRegistryEndpoint,type=ServiceRegistryEndpoint]
2018-03-03 00:23:54.256 [restartedMain] INFO  o.s.j.e.a.AnnotationMBeanExporter -Located managed bean 'refreshScope': registering with JMX server as MBean [org.springframework.cloud.context.scope.refresh:name=refreshScope,type=RefreshScope]
2018-03-03 00:23:54.291 [restartedMain] INFO  o.s.j.e.a.AnnotationMBeanExporter -Located managed bean 'configurationPropertiesRebinder': registering with JMX server as MBean [org.springframework.cloud.context.properties:name=configurationPropertiesRebinder,context=6be8131b,type=ConfigurationPropertiesRebinder]
2018-03-03 00:23:54.302 [restartedMain] INFO  o.s.j.e.a.AnnotationMBeanExporter -Located managed bean 'refreshEndpoint': registering with JMX server as MBean [org.springframework.cloud.endpoint:name=refreshEndpoint,type=RefreshEndpoint]
2018-03-03 00:23:55.101 [restartedMain] INFO  o.s.c.s.DefaultLifecycleProcessor -Starting beans in phase 0
2018-03-03 00:23:55.105 [restartedMain] INFO  o.s.c.n.e.s.EurekaServiceRegistry -Registering application unknown with eureka with status UP
2018-03-03 00:23:55.367 [Thread-32] INFO  o.s.c.n.e.s.EurekaServerBootstrap -Setting the eureka configuration..
2018-03-03 00:23:55.395 [Thread-32] INFO  o.s.c.n.e.s.EurekaServerBootstrap -Eureka data center value eureka.datacenter is not set, defaulting to default
2018-03-03 00:23:55.398 [Thread-32] INFO  o.s.c.n.e.s.EurekaServerBootstrap -Eureka environment value eureka.environment is not set, defaulting to test
2018-03-03 00:23:55.440 [Thread-32] INFO  o.s.c.n.e.s.EurekaServerBootstrap -isAws returned false
2018-03-03 00:23:55.442 [Thread-32] INFO  o.s.c.n.e.s.EurekaServerBootstrap -Initialized server context
2018-03-03 00:23:55.442 [Thread-32] INFO  c.n.e.r.PeerAwareInstanceRegistryImpl -Got 1 instances from neighboring DS node
2018-03-03 00:23:55.443 [Thread-32] INFO  c.n.e.r.PeerAwareInstanceRegistryImpl -Renew threshold is: 1
2018-03-03 00:23:55.444 [Thread-32] INFO  c.n.e.r.PeerAwareInstanceRegistryImpl -Changing status to UP
2018-03-03 00:23:55.460 [Thread-32] INFO  o.s.c.n.e.s.EurekaServerInitializerConfiguration -Started Eureka Server
2018-03-03 00:23:55.541 [restartedMain] INFO  c.s.j.s.i.a.WebApplicationImpl -Initiating Jersey application, version 'Jersey: 1.19.1 03/11/2016 02:08 PM'
2018-03-03 00:23:55.659 [restartedMain] INFO  c.n.d.p.DiscoveryJerseyProvider -Using JSON encoding codec LegacyJacksonJson
2018-03-03 00:23:55.665 [restartedMain] INFO  c.n.d.p.DiscoveryJerseyProvider -Using JSON decoding codec LegacyJacksonJson
2018-03-03 00:23:55.667 [restartedMain] INFO  c.n.d.p.DiscoveryJerseyProvider -Using XML encoding codec XStreamXml
2018-03-03 00:23:55.669 [restartedMain] INFO  c.n.d.p.DiscoveryJerseyProvider -Using XML decoding codec XStreamXml
2018-03-03 00:23:56.229 [restartedMain] INFO  o.e.j.s.h.ContextHandler.application -Initializing Spring FrameworkServlet 'dispatcherServlet'
2018-03-03 00:23:56.229 [restartedMain] INFO  o.s.web.servlet.DispatcherServlet -FrameworkServlet 'dispatcherServlet': initialization started
2018-03-03 00:23:56.259 [restartedMain] INFO  o.s.web.servlet.DispatcherServlet -FrameworkServlet 'dispatcherServlet': initialization completed in 30 ms
2018-03-03 00:23:56.328 [restartedMain] INFO  o.e.jetty.server.AbstractConnector -Started ServerConnector@2dcf19ca{HTTP/1.1,[http/1.1]}{0.0.0.0:7003}
2018-03-03 00:23:56.339 [restartedMain] INFO  o.s.b.c.e.j.JettyEmbeddedServletContainer -Jetty started on port(s) 7003 (http/1.1)
2018-03-03 00:23:56.342 [restartedMain] INFO  o.s.c.n.e.s.EurekaAutoServiceRegistration -Updating port to 7003
2018-03-03 00:23:56.350 [restartedMain] INFO  c.c.m.Eureka_7003_StartSpringCloudApplication -Started Eureka_7003_StartSpringCloudApplication in 20.87 seconds (JVM running for 22.639)
2018-03-03 00:25:49.201 [qtp946623799-114] WARN  c.n.e.r.AbstractInstanceRegistry -DS: Registry: lease doesn't exist, registering resource: MICROCLOUD-PROVIDER-DEPT - dept-8001.com
2018-03-03 00:25:49.205 [qtp946623799-114] WARN  c.n.e.resources.InstanceResource -Not Found (Renew): MICROCLOUD-PROVIDER-DEPT - dept-8001.com
2018-03-03 00:25:49.241 [qtp946623799-115] WARN  c.n.e.r.AbstractInstanceRegistry -DS: Registry: lease doesn't exist, registering resource: MICROCLOUD-PROVIDER-DEPT - dept-8001.com
2018-03-03 00:25:49.244 [qtp946623799-115] WARN  c.n.e.resources.InstanceResource -Not Found (Renew): MICROCLOUD-PROVIDER-DEPT - dept-8001.com
2018-03-03 00:25:49.316 [qtp946623799-31] INFO  c.n.e.r.AbstractInstanceRegistry -Registered instance MICROCLOUD-PROVIDER-DEPT/dept-8001.com with status UP (replication=true)
2018-03-03 00:25:49.333 [qtp946623799-26] INFO  c.n.e.r.AbstractInstanceRegistry -Registered instance MICROCLOUD-PROVIDER-DEPT/dept-8001.com with status UP (replication=true)
2018-03-03 00:25:49.347 [qtp946623799-27] INFO  c.n.e.r.AbstractInstanceRegistry -Registered instance MICROCLOUD-PROVIDER-DEPT/dept-8001.com with status UP (replication=true)
2018-03-03 00:25:49.983 [qtp946623799-29] INFO  c.n.e.r.AbstractInstanceRegistry -Registered instance MICROCLOUD-PROVIDER-DEPT/dept-8001.com with status UP (replication=true)
2018-03-03 00:27:07.533 [qtp946623799-116] INFO  c.n.e.r.AbstractInstanceRegistry -Cancelled instance MICROCLOUD-PROVIDER-DEPT/dept-8001.com (replication=true)
2018-03-03 00:29:32.927 [Thread-2] INFO  o.s.c.a.AnnotationConfigApplicationContext -Closing org.springframework.context.annotation.AnnotationConfigApplicationContext@3413b306: startup date [Sat Mar 03 00:23:36 CST 2018]; root of context hierarchy
2018-03-03 00:29:33.000 [Thread-2] INFO  o.s.b.c.e.AnnotationConfigEmbeddedWebApplicationContext -Closing org.springframework.boot.context.embedded.AnnotationConfigEmbeddedWebApplicationContext@6be8131b: startup date [Sat Mar 03 00:23:40 CST 2018]; parent: org.springframework.context.annotation.AnnotationConfigApplicationContext@3413b306
2018-03-03 00:29:33.008 [Thread-2] INFO  o.s.c.n.e.s.EurekaServiceRegistry -Unregistering application unknown with eureka with status DOWN
2018-03-03 00:29:33.129 [Thread-2] INFO  c.netflix.discovery.DiscoveryClient -Shutting down DiscoveryClient ...
2018-03-03 00:29:33.130 [Thread-2] INFO  c.netflix.discovery.DiscoveryClient -Completed shut down of DiscoveryClient
2018-03-03 00:29:33.194 [Thread-2] INFO  o.s.c.s.DefaultLifecycleProcessor -Stopping beans in phase 0
2018-03-03 00:29:33.201 [Thread-2] INFO  c.n.e.DefaultEurekaServerContext -Shutting down ...
2018-03-03 00:29:33.207 [Thread-2] INFO  c.n.e.DefaultEurekaServerContext -Shut down
2018-03-03 00:29:33.237 [Thread-2] INFO  o.s.j.e.a.AnnotationMBeanExporter -Unregistering JMX-exposed beans on shutdown
2018-03-03 00:29:33.238 [Thread-2] INFO  o.s.j.e.a.AnnotationMBeanExporter -Unregistering JMX-exposed beans
2018-03-03 00:29:33.262 [Thread-2] INFO  o.e.jetty.server.AbstractConnector -Stopped ServerConnector@2dcf19ca{HTTP/1.1,[http/1.1]}{0.0.0.0:7003}
2018-03-03 00:29:33.264 [Thread-2] INFO  org.eclipse.jetty.server.session -Stopped scavenging
2018-03-03 00:29:33.280 [Thread-2] INFO  o.e.j.s.h.ContextHandler.application -Destroying Spring FrameworkServlet 'dispatcherServlet'
2018-03-03 00:29:33.282 [Thread-2] INFO  o.e.j.server.handler.ContextHandler -Stopped o.s.b.c.e.j.JettyEmbeddedWebAppContext@319bca98{/,[file:///C:/Users/admin/AppData/Local/Temp/jetty-docbase.5354167453201148876.7003/],UNAVAILABLE}
2018-03-03 00:29:34.752 [restartedMain] INFO  o.s.c.a.AnnotationConfigApplicationContext -Refreshing org.springframework.context.annotation.AnnotationConfigApplicationContext@4c30873e: startup date [Sat Mar 03 00:29:34 CST 2018]; root of context hierarchy
2018-03-03 00:29:34.834 [restartedMain] INFO  o.s.b.f.a.AutowiredAnnotationBeanPostProcessor -JSR-330 'javax.inject.Inject' annotation found and supported for autowiring
2018-03-03 00:29:34.843 [restartedMain] INFO  o.s.c.s.PostProcessorRegistrationDelegate$BeanPostProcessorChecker -Bean 'configurationPropertiesRebinderAutoConfiguration' of type [org.springframework.cloud.autoconfigure.ConfigurationPropertiesRebinderAutoConfiguration$$EnhancerBySpringCGLIB$$20079db9] is not eligible for getting processed by all BeanPostProcessors (for example: not eligible for auto-proxying)
2018-03-03 00:29:37.089 [restartedMain] INFO  o.s.c.c.c.ConfigServicePropertySourceLocator -Fetching config from server at: http://localhost:8888
2018-03-03 00:29:38.152 [restartedMain] WARN  o.s.c.c.c.ConfigServicePropertySourceLocator -Could not locate PropertySource: I/O error on GET request for "http://localhost:8888/application/default": Connection refused: connect; nested exception is java.net.ConnectException: Connection refused: connect
2018-03-03 00:29:38.155 [restartedMain] INFO  c.c.m.Eureka_7003_StartSpringCloudApplication -No active profile set, falling back to default profiles: default
2018-03-03 00:29:38.163 [restartedMain] INFO  o.s.b.c.e.AnnotationConfigEmbeddedWebApplicationContext -Refreshing org.springframework.boot.context.embedded.AnnotationConfigEmbeddedWebApplicationContext@71412d72: startup date [Sat Mar 03 00:29:38 CST 2018]; parent: org.springframework.context.annotation.AnnotationConfigApplicationContext@4c30873e
2018-03-03 00:29:41.614 [restartedMain] INFO  o.s.cloud.context.scope.GenericScope -BeanFactory id=0b1eb060-9fa1-33f7-9f96-cab898fa8eac
2018-03-03 00:29:41.641 [restartedMain] INFO  o.s.b.f.a.AutowiredAnnotationBeanPostProcessor -JSR-330 'javax.inject.Inject' annotation found and supported for autowiring
2018-03-03 00:29:41.670 [restartedMain] INFO  o.s.c.s.PostProcessorRegistrationDelegate$BeanPostProcessorChecker -Bean 'org.springframework.cloud.netflix.metrics.MetricsInterceptorConfiguration$MetricsRestTemplateConfiguration' of type [org.springframework.cloud.netflix.metrics.MetricsInterceptorConfiguration$MetricsRestTemplateConfiguration$$EnhancerBySpringCGLIB$$361a40fd] is not eligible for getting processed by all BeanPostProcessors (for example: not eligible for auto-proxying)
2018-03-03 00:29:41.683 [restartedMain] INFO  o.s.c.s.PostProcessorRegistrationDelegate$BeanPostProcessorChecker -Bean 'org.springframework.cloud.autoconfigure.ConfigurationPropertiesRebinderAutoConfiguration' of type [org.springframework.cloud.autoconfigure.ConfigurationPropertiesRebinderAutoConfiguration$$EnhancerBySpringCGLIB$$20079db9] is not eligible for getting processed by all BeanPostProcessors (for example: not eligible for auto-proxying)
2018-03-03 00:29:42.365 [restartedMain] INFO  o.s.b.c.e.j.JettyEmbeddedServletContainerFactory -Server initialized with port: 7003
2018-03-03 00:29:42.368 [restartedMain] INFO  org.eclipse.jetty.server.Server -jetty-9.4.5.v20170502
2018-03-03 00:29:42.379 [restartedMain] INFO  org.eclipse.jetty.server.session -DefaultSessionIdManager workerName=node0
2018-03-03 00:29:42.381 [restartedMain] INFO  org.eclipse.jetty.server.session -No SessionScavenger set, using defaults
2018-03-03 00:29:42.381 [restartedMain] INFO  org.eclipse.jetty.server.session -Scavenging every 600000ms
2018-03-03 00:29:42.382 [restartedMain] INFO  o.e.j.s.h.ContextHandler.application -Initializing Spring embedded WebApplicationContext
2018-03-03 00:29:42.383 [restartedMain] INFO  o.s.web.context.ContextLoader -Root WebApplicationContext: initialization completed in 4221 ms
2018-03-03 00:29:43.798 [restartedMain] INFO  o.s.b.w.s.FilterRegistrationBean -Mapping filter: 'metricsFilter' to: [/*]
2018-03-03 00:29:43.799 [restartedMain] INFO  o.s.b.w.s.FilterRegistrationBean -Mapping filter: 'characterEncodingFilter' to: [/*]
2018-03-03 00:29:43.799 [restartedMain] INFO  o.s.b.w.s.FilterRegistrationBean -Mapping filter: 'hiddenHttpMethodFilter' to: [/*]
2018-03-03 00:29:43.800 [restartedMain] INFO  o.s.b.w.s.FilterRegistrationBean -Mapping filter: 'httpPutFormContentFilter' to: [/*]
2018-03-03 00:29:43.800 [restartedMain] INFO  o.s.b.w.s.FilterRegistrationBean -Mapping filter: 'requestContextFilter' to: [/*]
2018-03-03 00:29:43.801 [restartedMain] INFO  o.s.b.w.s.DelegatingFilterProxyRegistrationBean -Mapping filter: 'springSecurityFilterChain' to: [/*]
2018-03-03 00:29:43.801 [restartedMain] INFO  o.s.b.w.s.FilterRegistrationBean -Mapping filter: 'webRequestTraceFilter' to: [/*]
2018-03-03 00:29:43.801 [restartedMain] INFO  o.s.b.w.s.FilterRegistrationBean -Mapping filter: 'servletContainer' to urls: [/eureka/*]
2018-03-03 00:29:43.802 [restartedMain] INFO  o.s.b.w.s.FilterRegistrationBean -Mapping filter: 'applicationContextIdFilter' to: [/*]
2018-03-03 00:29:43.803 [restartedMain] INFO  o.s.b.w.s.ServletRegistrationBean -Mapping servlet: 'dispatcherServlet' to [/]
2018-03-03 00:29:43.822 [restartedMain] INFO  o.e.j.server.handler.ContextHandler -Started o.s.b.c.e.j.JettyEmbeddedWebAppContext@69703a1a{/,[file:///C:/Users/admin/AppData/Local/Temp/jetty-docbase.6609310290412660068.7003/],AVAILABLE}
2018-03-03 00:29:43.823 [restartedMain] INFO  org.eclipse.jetty.server.Server -Started @370111ms
2018-03-03 00:29:44.486 [restartedMain] INFO  o.s.w.s.m.m.a.RequestMappingHandlerAdapter -Looking for @ControllerAdvice: org.springframework.boot.context.embedded.AnnotationConfigEmbeddedWebApplicationContext@71412d72: startup date [Sat Mar 03 00:29:38 CST 2018]; parent: org.springframework.context.annotation.AnnotationConfigApplicationContext@4c30873e
2018-03-03 00:29:44.510 [restartedMain] INFO  o.s.w.s.m.m.a.RequestMappingHandlerMapping -Mapped "{[/error]}" onto public org.springframework.http.ResponseEntity<java.util.Map<java.lang.String, java.lang.Object>> org.springframework.boot.autoconfigure.web.BasicErrorController.error(javax.servlet.http.HttpServletRequest)
2018-03-03 00:29:44.510 [restartedMain] INFO  o.s.w.s.m.m.a.RequestMappingHandlerMapping -Mapped "{[/error],produces=[text/html]}" onto public org.springframework.web.servlet.ModelAndView org.springframework.boot.autoconfigure.web.BasicErrorController.errorHtml(javax.servlet.http.HttpServletRequest,javax.servlet.http.HttpServletResponse)
2018-03-03 00:29:44.515 [restartedMain] INFO  o.s.w.s.m.m.a.RequestMappingHandlerMapping -Mapped "{[/],methods=[GET]}" onto public java.lang.String org.springframework.cloud.netflix.eureka.server.EurekaController.status(javax.servlet.http.HttpServletRequest,java.util.Map<java.lang.String, java.lang.Object>)
2018-03-03 00:29:44.516 [restartedMain] INFO  o.s.w.s.m.m.a.RequestMappingHandlerMapping -Mapped "{[/lastn],methods=[GET]}" onto public java.lang.String org.springframework.cloud.netflix.eureka.server.EurekaController.lastn(javax.servlet.http.HttpServletRequest,java.util.Map<java.lang.String, java.lang.Object>)
2018-03-03 00:29:44.534 [restartedMain] INFO  o.s.w.s.h.SimpleUrlHandlerMapping -Mapped URL path [/webjars/**] onto handler of type [class org.springframework.web.servlet.resource.ResourceHttpRequestHandler]
2018-03-03 00:29:44.534 [restartedMain] INFO  o.s.w.s.h.SimpleUrlHandlerMapping -Mapped URL path [/**] onto handler of type [class org.springframework.web.servlet.resource.ResourceHttpRequestHandler]
2018-03-03 00:29:44.562 [restartedMain] INFO  o.s.w.s.h.SimpleUrlHandlerMapping -Mapped URL path [/**/favicon.ico] onto handler of type [class org.springframework.web.servlet.resource.ResourceHttpRequestHandler]
2018-03-03 00:29:44.768 [restartedMain] INFO  o.s.s.web.DefaultSecurityFilterChain -Creating filter chain: OrRequestMatcher [requestMatchers=[Ant [pattern='/css/**'], Ant [pattern='/js/**'], Ant [pattern='/images/**'], Ant [pattern='/webjars/**'], Ant [pattern='/**/favicon.ico'], Ant [pattern='/error']]], []
2018-03-03 00:29:44.779 [restartedMain] INFO  o.s.s.web.DefaultSecurityFilterChain -Creating filter chain: org.springframework.boot.actuate.autoconfigure.ManagementWebSecurityAutoConfiguration$LazyEndpointPathRequestMatcher@4a39af79, [org.springframework.security.web.context.request.async.WebAsyncManagerIntegrationFilter@2d406c32, org.springframework.security.web.context.SecurityContextPersistenceFilter@49212b11, org.springframework.security.web.header.HeaderWriterFilter@6a04967e, org.springframework.security.web.authentication.logout.LogoutFilter@5ae6b747, org.springframework.security.web.authentication.www.BasicAuthenticationFilter@72fa1533, org.springframework.security.web.savedrequest.RequestCacheAwareFilter@1300c334, org.springframework.security.web.servletapi.SecurityContextHolderAwareRequestFilter@5d79004c, org.springframework.security.web.authentication.AnonymousAuthenticationFilter@1c535c4c, org.springframework.security.web.session.SessionManagementFilter@66bc2480, org.springframework.security.web.access.ExceptionTranslationFilter@24efd28b, org.springframework.security.web.access.intercept.FilterSecurityInterceptor@71d80f51]
2018-03-03 00:29:44.781 [restartedMain] INFO  o.s.s.web.DefaultSecurityFilterChain -Creating filter chain: OrRequestMatcher [requestMatchers=[Ant [pattern='/**']]], [org.springframework.security.web.context.request.async.WebAsyncManagerIntegrationFilter@6b696d95, org.springframework.security.web.context.SecurityContextPersistenceFilter@73a8ecd9, org.springframework.security.web.header.HeaderWriterFilter@553e4d1, org.springframework.security.web.authentication.logout.LogoutFilter@49245f80, org.springframework.security.web.authentication.www.BasicAuthenticationFilter@7ddeac59, org.springframework.security.web.savedrequest.RequestCacheAwareFilter@38400f9a, org.springframework.security.web.servletapi.SecurityContextHolderAwareRequestFilter@22af012f, org.springframework.security.web.authentication.AnonymousAuthenticationFilter@40deabf5, org.springframework.security.web.session.SessionManagementFilter@5ab63ac0, org.springframework.security.web.access.ExceptionTranslationFilter@6b540ef8, org.springframework.security.web.access.intercept.FilterSecurityInterceptor@7c21c5de]
2018-03-03 00:29:44.952 [restartedMain] INFO  o.s.b.a.e.mvc.EndpointHandlerMapping -Mapped "{[/env],methods=[POST]}" onto public java.lang.Object org.springframework.cloud.context.environment.EnvironmentManagerMvcEndpoint.value(java.util.Map<java.lang.String, java.lang.String>)
2018-03-03 00:29:44.953 [restartedMain] INFO  o.s.b.a.e.mvc.EndpointHandlerMapping -Mapped "{[/env/reset],methods=[POST]}" onto public java.util.Map<java.lang.String, java.lang.Object> org.springframework.cloud.context.environment.EnvironmentManagerMvcEndpoint.reset()
2018-03-03 00:29:44.954 [restartedMain] INFO  o.s.b.a.e.mvc.EndpointHandlerMapping -Mapped "{[/refresh || /refresh.json],methods=[POST]}" onto public java.lang.Object org.springframework.cloud.endpoint.GenericPostableMvcEndpoint.invoke()
2018-03-03 00:29:44.955 [restartedMain] INFO  o.s.b.a.e.mvc.EndpointHandlerMapping -Mapped "{[/pause || /pause.json],methods=[POST]}" onto public java.lang.Object org.springframework.cloud.endpoint.GenericPostableMvcEndpoint.invoke()
2018-03-03 00:29:44.956 [restartedMain] INFO  o.s.b.a.e.mvc.EndpointHandlerMapping -Mapped "{[/env/{name:.*}],methods=[GET],produces=[application/vnd.spring-boot.actuator.v1+json || application/json]}" onto public java.lang.Object org.springframework.boot.actuate.endpoint.mvc.EnvironmentMvcEndpoint.value(java.lang.String)
2018-03-03 00:29:44.957 [restartedMain] INFO  o.s.b.a.e.mvc.EndpointHandlerMapping -Mapped "{[/env || /env.json],methods=[GET],produces=[application/vnd.spring-boot.actuator.v1+json || application/json]}" onto public java.lang.Object org.springframework.boot.actuate.endpoint.mvc.EndpointMvcAdapter.invoke()
2018-03-03 00:29:44.957 [restartedMain] INFO  o.s.b.a.e.mvc.EndpointHandlerMapping -Mapped "{[/resume || /resume.json],methods=[POST]}" onto public java.lang.Object org.springframework.cloud.endpoint.GenericPostableMvcEndpoint.invoke()
2018-03-03 00:29:44.958 [restartedMain] INFO  o.s.b.a.e.mvc.EndpointHandlerMapping -Mapped "{[/mappings || /mappings.json],methods=[GET],produces=[application/vnd.spring-boot.actuator.v1+json || application/json]}" onto public java.lang.Object org.springframework.boot.actuate.endpoint.mvc.EndpointMvcAdapter.invoke()
2018-03-03 00:29:44.960 [restartedMain] INFO  o.s.b.a.e.mvc.EndpointHandlerMapping -Mapped "{[/loggers/{name:.*}],methods=[GET],produces=[application/vnd.spring-boot.actuator.v1+json || application/json]}" onto public java.lang.Object org.springframework.boot.actuate.endpoint.mvc.LoggersMvcEndpoint.get(java.lang.String)
2018-03-03 00:29:44.961 [restartedMain] INFO  o.s.b.a.e.mvc.EndpointHandlerMapping -Mapped "{[/loggers/{name:.*}],methods=[POST],consumes=[application/vnd.spring-boot.actuator.v1+json || application/json],produces=[application/vnd.spring-boot.actuator.v1+json || application/json]}" onto public java.lang.Object org.springframework.boot.actuate.endpoint.mvc.LoggersMvcEndpoint.set(java.lang.String,java.util.Map<java.lang.String, java.lang.String>)
2018-03-03 00:29:44.962 [restartedMain] INFO  o.s.b.a.e.mvc.EndpointHandlerMapping -Mapped "{[/loggers || /loggers.json],methods=[GET],produces=[application/vnd.spring-boot.actuator.v1+json || application/json]}" onto public java.lang.Object org.springframework.boot.actuate.endpoint.mvc.EndpointMvcAdapter.invoke()
2018-03-03 00:29:44.963 [restartedMain] INFO  o.s.b.a.e.mvc.EndpointHandlerMapping -Mapped "{[/beans || /beans.json],methods=[GET],produces=[application/vnd.spring-boot.actuator.v1+json || application/json]}" onto public java.lang.Object org.springframework.boot.actuate.endpoint.mvc.EndpointMvcAdapter.invoke()
2018-03-03 00:29:44.966 [restartedMain] INFO  o.s.b.a.e.mvc.EndpointHandlerMapping -Mapped "{[/dump || /dump.json],methods=[GET],produces=[application/vnd.spring-boot.actuator.v1+json || application/json]}" onto public java.lang.Object org.springframework.boot.actuate.endpoint.mvc.EndpointMvcAdapter.invoke()
2018-03-03 00:29:44.968 [restartedMain] INFO  o.s.b.a.e.mvc.EndpointHandlerMapping -Mapped "{[/configprops || /configprops.json],methods=[GET],produces=[application/vnd.spring-boot.actuator.v1+json || application/json]}" onto public java.lang.Object org.springframework.boot.actuate.endpoint.mvc.EndpointMvcAdapter.invoke()
2018-03-03 00:29:44.969 [restartedMain] INFO  o.s.b.a.e.mvc.EndpointHandlerMapping -Mapped "{[/metrics/{name:.*}],methods=[GET],produces=[application/vnd.spring-boot.actuator.v1+json || application/json]}" onto public java.lang.Object org.springframework.boot.actuate.endpoint.mvc.MetricsMvcEndpoint.value(java.lang.String)
2018-03-03 00:29:44.970 [restartedMain] INFO  o.s.b.a.e.mvc.EndpointHandlerMapping -Mapped "{[/metrics || /metrics.json],methods=[GET],produces=[application/vnd.spring-boot.actuator.v1+json || application/json]}" onto public java.lang.Object org.springframework.boot.actuate.endpoint.mvc.EndpointMvcAdapter.invoke()
2018-03-03 00:29:44.970 [restartedMain] INFO  o.s.b.a.e.mvc.EndpointHandlerMapping -Mapped "{[/restart || /restart.json],methods=[POST]}" onto public java.lang.Object org.springframework.cloud.context.restart.RestartMvcEndpoint.invoke()
2018-03-03 00:29:44.971 [restartedMain] INFO  o.s.b.a.e.mvc.EndpointHandlerMapping -Mapped "{[/service-registry/instance-status],methods=[GET]}" onto public org.springframework.http.ResponseEntity org.springframework.cloud.client.serviceregistry.endpoint.ServiceRegistryEndpoint.getStatus()
2018-03-03 00:29:44.972 [restartedMain] INFO  o.s.b.a.e.mvc.EndpointHandlerMapping -Mapped "{[/service-registry/instance-status],methods=[POST]}" onto public org.springframework.http.ResponseEntity<?> org.springframework.cloud.client.serviceregistry.endpoint.ServiceRegistryEndpoint.setStatus(java.lang.String)
2018-03-03 00:29:44.973 [restartedMain] INFO  o.s.b.a.e.mvc.EndpointHandlerMapping -Mapped "{[/trace || /trace.json],methods=[GET],produces=[application/vnd.spring-boot.actuator.v1+json || application/json]}" onto public java.lang.Object org.springframework.boot.actuate.endpoint.mvc.EndpointMvcAdapter.invoke()
2018-03-03 00:29:44.974 [restartedMain] INFO  o.s.b.a.e.mvc.EndpointHandlerMapping -Mapped "{[/archaius || /archaius.json],methods=[GET],produces=[application/vnd.spring-boot.actuator.v1+json || application/json]}" onto public java.lang.Object org.springframework.boot.actuate.endpoint.mvc.EndpointMvcAdapter.invoke()
2018-03-03 00:29:44.975 [restartedMain] INFO  o.s.b.a.e.mvc.EndpointHandlerMapping -Mapped "{[/health || /health.json],methods=[GET],produces=[application/vnd.spring-boot.actuator.v1+json || application/json]}" onto public java.lang.Object org.springframework.boot.actuate.endpoint.mvc.HealthMvcEndpoint.invoke(javax.servlet.http.HttpServletRequest,java.security.Principal)
2018-03-03 00:29:44.976 [restartedMain] INFO  o.s.b.a.e.mvc.EndpointHandlerMapping -Mapped "{[/features || /features.json],methods=[GET],produces=[application/vnd.spring-boot.actuator.v1+json || application/json]}" onto public java.lang.Object org.springframework.boot.actuate.endpoint.mvc.EndpointMvcAdapter.invoke()
2018-03-03 00:29:44.977 [restartedMain] INFO  o.s.b.a.e.mvc.EndpointHandlerMapping -Mapped "{[/heapdump || /heapdump.json],methods=[GET],produces=[application/octet-stream]}" onto public void org.springframework.boot.actuate.endpoint.mvc.HeapdumpMvcEndpoint.invoke(boolean,javax.servlet.http.HttpServletRequest,javax.servlet.http.HttpServletResponse) throws java.io.IOException,javax.servlet.ServletException
2018-03-03 00:29:44.980 [restartedMain] INFO  o.s.b.a.e.mvc.EndpointHandlerMapping -Mapped "{[/auditevents || /auditevents.json],methods=[GET],produces=[application/vnd.spring-boot.actuator.v1+json || application/json]}" onto public org.springframework.http.ResponseEntity<?> org.springframework.boot.actuate.endpoint.mvc.AuditEventsMvcEndpoint.findByPrincipalAndAfterAndType(java.lang.String,java.util.Date,java.lang.String)
2018-03-03 00:29:44.984 [restartedMain] INFO  o.s.b.a.e.mvc.EndpointHandlerMapping -Mapped "{[/autoconfig || /autoconfig.json],methods=[GET],produces=[application/vnd.spring-boot.actuator.v1+json || application/json]}" onto public java.lang.Object org.springframework.boot.actuate.endpoint.mvc.EndpointMvcAdapter.invoke()
2018-03-03 00:29:44.987 [restartedMain] INFO  o.s.b.a.e.mvc.EndpointHandlerMapping -Mapped "{[/info || /info.json],methods=[GET],produces=[application/vnd.spring-boot.actuator.v1+json || application/json]}" onto public java.lang.Object org.springframework.boot.actuate.endpoint.mvc.EndpointMvcAdapter.invoke()
2018-03-03 00:29:45.013 [restartedMain] INFO  o.s.u.f.SpringTemplateLoader -SpringTemplateLoader for FreeMarker: using resource loader [org.springframework.boot.context.embedded.AnnotationConfigEmbeddedWebApplicationContext@71412d72: startup date [Sat Mar 03 00:29:38 CST 2018]; parent: org.springframework.context.annotation.AnnotationConfigApplicationContext@4c30873e] and template loader path [classpath:/templates/]
2018-03-03 00:29:45.013 [restartedMain] INFO  o.s.w.s.v.f.FreeMarkerConfigurer -ClassTemplateLoader for Spring macros added to FreeMarker configuration
2018-03-03 00:29:45.043 [restartedMain] WARN  o.s.b.d.a.OptionalLiveReloadServer -Unable to start LiveReload server
2018-03-03 00:29:45.085 [restartedMain] WARN  o.s.c.n.a.ArchaiusAutoConfiguration -No spring.application.name found, defaulting to 'application'
2018-03-03 00:29:45.086 [restartedMain] WARN  c.n.c.sources.URLConfigurationSource -No URLs will be polled as dynamic configuration sources.
2018-03-03 00:29:45.086 [restartedMain] INFO  c.n.c.sources.URLConfigurationSource -To enable URLs as dynamic configuration sources, define System property archaius.configurationSource.additionalUrls or make config.properties available on classpath.
2018-03-03 00:29:45.103 [restartedMain] INFO  o.s.c.n.eureka.InstanceInfoFactory -Setting initial instance status as: STARTING
2018-03-03 00:29:45.135 [restartedMain] INFO  c.netflix.discovery.DiscoveryClient -Initializing Eureka in region us-east-1
2018-03-03 00:29:45.135 [restartedMain] INFO  c.netflix.discovery.DiscoveryClient -Client configured to neither register nor query for data.
2018-03-03 00:29:45.135 [restartedMain] INFO  c.netflix.discovery.DiscoveryClient -Discovery Client initialized at timestamp 1520008185135 with initial instances count: 0
2018-03-03 00:29:45.149 [restartedMain] INFO  c.n.e.DefaultEurekaServerContext -Initializing ...
2018-03-03 00:29:45.149 [restartedMain] INFO  c.n.eureka.cluster.PeerEurekaNodes -Adding new peer nodes [http://admin:caxinsjava@localhost:7001/eureka/, http://admin:caxinsjava@localhost:7002/eureka/]
2018-03-03 00:29:45.155 [restartedMain] INFO  c.n.d.p.DiscoveryJerseyProvider -Using JSON encoding codec LegacyJacksonJson
2018-03-03 00:29:45.163 [restartedMain] INFO  c.n.d.p.DiscoveryJerseyProvider -Using JSON decoding codec LegacyJacksonJson
2018-03-03 00:29:45.163 [restartedMain] INFO  c.n.d.p.DiscoveryJerseyProvider -Using XML encoding codec XStreamXml
2018-03-03 00:29:45.163 [restartedMain] INFO  c.n.d.p.DiscoveryJerseyProvider -Using XML decoding codec XStreamXml
2018-03-03 00:29:45.324 [restartedMain] INFO  c.n.d.p.DiscoveryJerseyProvider -Using JSON encoding codec LegacyJacksonJson
2018-03-03 00:29:45.325 [restartedMain] INFO  c.n.d.p.DiscoveryJerseyProvider -Using JSON decoding codec LegacyJacksonJson
2018-03-03 00:29:45.325 [restartedMain] INFO  c.n.d.p.DiscoveryJerseyProvider -Using XML encoding codec XStreamXml
2018-03-03 00:29:45.325 [restartedMain] INFO  c.n.d.p.DiscoveryJerseyProvider -Using XML decoding codec XStreamXml
2018-03-03 00:29:45.446 [restartedMain] INFO  c.n.eureka.cluster.PeerEurekaNodes -Replica node URL:  http://admin:caxinsjava@localhost:7001/eureka/
2018-03-03 00:29:45.448 [restartedMain] INFO  c.n.eureka.cluster.PeerEurekaNodes -Replica node URL:  http://admin:caxinsjava@localhost:7002/eureka/
2018-03-03 00:29:45.450 [restartedMain] INFO  c.n.e.r.AbstractInstanceRegistry -Finished initializing remote region registries. All known remote regions: []
2018-03-03 00:29:45.462 [restartedMain] INFO  c.n.e.DefaultEurekaServerContext -Initialized
2018-03-03 00:29:45.602 [restartedMain] INFO  o.s.j.e.a.AnnotationMBeanExporter -Registering beans for JMX exposure on startup
2018-03-03 00:29:45.607 [restartedMain] INFO  o.s.j.e.a.AnnotationMBeanExporter -Bean with name 'environmentManager' has been autodetected for JMX exposure
2018-03-03 00:29:45.611 [restartedMain] INFO  o.s.j.e.a.AnnotationMBeanExporter -Bean with name 'configurationPropertiesRebinder' has been autodetected for JMX exposure
2018-03-03 00:29:45.612 [restartedMain] INFO  o.s.j.e.a.AnnotationMBeanExporter -Bean with name 'refreshEndpoint' has been autodetected for JMX exposure
2018-03-03 00:29:45.612 [restartedMain] INFO  o.s.j.e.a.AnnotationMBeanExporter -Bean with name 'restartEndpoint' has been autodetected for JMX exposure
2018-03-03 00:29:45.613 [restartedMain] INFO  o.s.j.e.a.AnnotationMBeanExporter -Bean with name 'serviceRegistryEndpoint' has been autodetected for JMX exposure
2018-03-03 00:29:45.614 [restartedMain] INFO  o.s.j.e.a.AnnotationMBeanExporter -Bean with name 'refreshScope' has been autodetected for JMX exposure
2018-03-03 00:29:45.617 [restartedMain] INFO  o.s.j.e.a.AnnotationMBeanExporter -Located managed bean 'environmentManager': registering with JMX server as MBean [org.springframework.cloud.context.environment:name=environmentManager,type=EnvironmentManager]
2018-03-03 00:29:45.622 [restartedMain] INFO  o.s.j.e.a.AnnotationMBeanExporter -Located managed bean 'restartEndpoint': registering with JMX server as MBean [org.springframework.cloud.context.restart:name=restartEndpoint,type=RestartEndpoint]
2018-03-03 00:29:45.632 [restartedMain] INFO  o.s.j.e.a.AnnotationMBeanExporter -Located managed bean 'serviceRegistryEndpoint': registering with JMX server as MBean [org.springframework.cloud.client.serviceregistry.endpoint:name=serviceRegistryEndpoint,type=ServiceRegistryEndpoint]
2018-03-03 00:29:45.640 [restartedMain] INFO  o.s.j.e.a.AnnotationMBeanExporter -Located managed bean 'refreshScope': registering with JMX server as MBean [org.springframework.cloud.context.scope.refresh:name=refreshScope,type=RefreshScope]
2018-03-03 00:29:45.647 [restartedMain] INFO  o.s.j.e.a.AnnotationMBeanExporter -Located managed bean 'configurationPropertiesRebinder': registering with JMX server as MBean [org.springframework.cloud.context.properties:name=configurationPropertiesRebinder,context=71412d72,type=ConfigurationPropertiesRebinder]
2018-03-03 00:29:45.687 [restartedMain] INFO  o.s.j.e.a.AnnotationMBeanExporter -Located managed bean 'refreshEndpoint': registering with JMX server as MBean [org.springframework.cloud.endpoint:name=refreshEndpoint,type=RefreshEndpoint]
2018-03-03 00:29:46.085 [restartedMain] INFO  o.s.c.s.DefaultLifecycleProcessor -Starting beans in phase 0
2018-03-03 00:29:46.086 [restartedMain] INFO  o.s.c.n.e.s.EurekaServiceRegistry -Registering application unknown with eureka with status UP
2018-03-03 00:29:46.140 [Thread-71] INFO  o.s.c.n.e.s.EurekaServerBootstrap -Setting the eureka configuration..
2018-03-03 00:29:46.149 [Thread-71] INFO  o.s.c.n.e.s.EurekaServerBootstrap -Eureka data center value eureka.datacenter is not set, defaulting to default
2018-03-03 00:29:46.151 [Thread-71] INFO  o.s.c.n.e.s.EurekaServerBootstrap -Eureka environment value eureka.environment is not set, defaulting to test
2018-03-03 00:29:46.155 [Thread-71] INFO  o.s.c.n.e.s.EurekaServerBootstrap -isAws returned false
2018-03-03 00:29:46.157 [Thread-71] INFO  o.s.c.n.e.s.EurekaServerBootstrap -Initialized server context
2018-03-03 00:29:46.158 [Thread-71] INFO  c.n.e.r.PeerAwareInstanceRegistryImpl -Got 1 instances from neighboring DS node
2018-03-03 00:29:46.160 [Thread-71] INFO  c.n.e.r.PeerAwareInstanceRegistryImpl -Renew threshold is: 1
2018-03-03 00:29:46.161 [Thread-71] INFO  c.n.e.r.PeerAwareInstanceRegistryImpl -Changing status to UP
2018-03-03 00:29:46.167 [Thread-71] INFO  o.s.c.n.e.s.EurekaServerInitializerConfiguration -Started Eureka Server
2018-03-03 00:29:46.170 [restartedMain] INFO  c.s.j.s.i.a.WebApplicationImpl -Initiating Jersey application, version 'Jersey: 1.19.1 03/11/2016 02:08 PM'
2018-03-03 00:29:46.193 [restartedMain] INFO  c.n.d.p.DiscoveryJerseyProvider -Using JSON encoding codec LegacyJacksonJson
2018-03-03 00:29:46.193 [restartedMain] INFO  c.n.d.p.DiscoveryJerseyProvider -Using JSON decoding codec LegacyJacksonJson
2018-03-03 00:29:46.193 [restartedMain] INFO  c.n.d.p.DiscoveryJerseyProvider -Using XML encoding codec XStreamXml
2018-03-03 00:29:46.194 [restartedMain] INFO  c.n.d.p.DiscoveryJerseyProvider -Using XML decoding codec XStreamXml
2018-03-03 00:29:46.401 [restartedMain] INFO  o.e.j.s.h.ContextHandler.application -Initializing Spring FrameworkServlet 'dispatcherServlet'
2018-03-03 00:29:46.401 [restartedMain] INFO  o.s.web.servlet.DispatcherServlet -FrameworkServlet 'dispatcherServlet': initialization started
2018-03-03 00:29:46.409 [restartedMain] INFO  o.s.web.servlet.DispatcherServlet -FrameworkServlet 'dispatcherServlet': initialization completed in 8 ms
2018-03-03 00:29:46.414 [restartedMain] INFO  o.e.jetty.server.AbstractConnector -Started ServerConnector@591bc1ff{HTTP/1.1,[http/1.1]}{0.0.0.0:7003}
2018-03-03 00:29:46.415 [restartedMain] INFO  o.s.b.c.e.j.JettyEmbeddedServletContainer -Jetty started on port(s) 7003 (http/1.1)
2018-03-03 00:29:46.416 [restartedMain] INFO  o.s.c.n.e.s.EurekaAutoServiceRegistration -Updating port to 7003
2018-03-03 00:29:46.420 [restartedMain] INFO  c.c.m.Eureka_7003_StartSpringCloudApplication -Started Eureka_7003_StartSpringCloudApplication in 12.417 seconds (JVM running for 372.71)
2018-03-03 00:34:23.956 [RMI TCP Connection(2)-127.0.0.1] INFO  o.s.b.a.SpringApplicationAdminMXBeanRegistrar$SpringApplicationAdmin -Application shutdown requested.
2018-03-03 00:34:23.966 [RMI TCP Connection(2)-127.0.0.1] INFO  o.s.b.c.e.AnnotationConfigEmbeddedWebApplicationContext -Closing org.springframework.boot.context.embedded.AnnotationConfigEmbeddedWebApplicationContext@71412d72: startup date [Sat Mar 03 00:29:38 CST 2018]; parent: org.springframework.context.annotation.AnnotationConfigApplicationContext@4c30873e
2018-03-03 00:34:24.017 [RMI TCP Connection(2)-127.0.0.1] INFO  o.s.c.n.e.s.EurekaServiceRegistry -Unregistering application unknown with eureka with status DOWN
2018-03-03 00:34:24.025 [RMI TCP Connection(2)-127.0.0.1] INFO  c.netflix.discovery.DiscoveryClient -Shutting down DiscoveryClient ...
2018-03-03 00:34:24.027 [RMI TCP Connection(2)-127.0.0.1] INFO  c.netflix.discovery.DiscoveryClient -Completed shut down of DiscoveryClient
2018-03-03 00:34:24.104 [RMI TCP Connection(2)-127.0.0.1] INFO  o.s.c.s.DefaultLifecycleProcessor -Stopping beans in phase 0
2018-03-03 00:34:24.109 [RMI TCP Connection(2)-127.0.0.1] INFO  c.n.e.DefaultEurekaServerContext -Shutting down ...
2018-03-03 00:34:24.134 [RMI TCP Connection(2)-127.0.0.1] INFO  c.n.e.DefaultEurekaServerContext -Shut down
2018-03-03 00:34:24.154 [RMI TCP Connection(2)-127.0.0.1] INFO  o.s.j.e.a.AnnotationMBeanExporter -Unregistering JMX-exposed beans on shutdown
2018-03-03 00:34:24.155 [RMI TCP Connection(2)-127.0.0.1] INFO  o.s.j.e.a.AnnotationMBeanExporter -Unregistering JMX-exposed beans
2018-03-03 00:34:24.172 [RMI TCP Connection(2)-127.0.0.1] INFO  o.e.jetty.server.AbstractConnector -Stopped ServerConnector@591bc1ff{HTTP/1.1,[http/1.1]}{0.0.0.0:7003}
2018-03-03 00:34:24.174 [RMI TCP Connection(2)-127.0.0.1] INFO  org.eclipse.jetty.server.session -Stopped scavenging
2018-03-03 00:34:24.194 [RMI TCP Connection(2)-127.0.0.1] INFO  o.e.j.s.h.ContextHandler.application -Destroying Spring FrameworkServlet 'dispatcherServlet'
2018-03-03 00:34:24.196 [RMI TCP Connection(2)-127.0.0.1] INFO  o.e.j.server.handler.ContextHandler -Stopped o.s.b.c.e.j.JettyEmbeddedWebAppContext@69703a1a{/,[file:///C:/Users/admin/AppData/Local/Temp/jetty-docbase.6609310290412660068.7003/],UNAVAILABLE}
2018-03-03 00:34:41.008 [restartedMain] INFO  o.s.c.a.AnnotationConfigApplicationContext -Refreshing org.springframework.context.annotation.AnnotationConfigApplicationContext@390a772: startup date [Sat Mar 03 00:34:41 CST 2018]; root of context hierarchy
2018-03-03 00:34:41.768 [restartedMain] INFO  o.s.b.f.a.AutowiredAnnotationBeanPostProcessor -JSR-330 'javax.inject.Inject' annotation found and supported for autowiring
2018-03-03 00:34:41.909 [restartedMain] INFO  o.s.c.s.PostProcessorRegistrationDelegate$BeanPostProcessorChecker -Bean 'configurationPropertiesRebinderAutoConfiguration' of type [org.springframework.cloud.autoconfigure.ConfigurationPropertiesRebinderAutoConfiguration$$EnhancerBySpringCGLIB$$1e19da76] is not eligible for getting processed by all BeanPostProcessors (for example: not eligible for auto-proxying)
2018-03-03 00:34:43.594 [restartedMain] INFO  o.s.c.c.c.ConfigServicePropertySourceLocator -Fetching config from server at: http://localhost:8888
2018-03-03 00:34:44.838 [restartedMain] WARN  o.s.c.c.c.ConfigServicePropertySourceLocator -Could not locate PropertySource: I/O error on GET request for "http://localhost:8888/application/default": Connection refused: connect; nested exception is java.net.ConnectException: Connection refused: connect
2018-03-03 00:34:44.851 [restartedMain] INFO  c.c.m.Eureka_7003_StartSpringCloudApplication -No active profile set, falling back to default profiles: default
2018-03-03 00:34:44.902 [restartedMain] INFO  o.s.b.c.e.AnnotationConfigEmbeddedWebApplicationContext -Refreshing org.springframework.boot.context.embedded.AnnotationConfigEmbeddedWebApplicationContext@74a6e73: startup date [Sat Mar 03 00:34:44 CST 2018]; parent: org.springframework.context.annotation.AnnotationConfigApplicationContext@390a772
2018-03-03 00:34:47.751 [restartedMain] INFO  o.s.cloud.context.scope.GenericScope -BeanFactory id=0b1eb060-9fa1-33f7-9f96-cab898fa8eac
2018-03-03 00:34:47.782 [restartedMain] INFO  o.s.b.f.a.AutowiredAnnotationBeanPostProcessor -JSR-330 'javax.inject.Inject' annotation found and supported for autowiring
2018-03-03 00:34:47.919 [restartedMain] INFO  o.s.c.s.PostProcessorRegistrationDelegate$BeanPostProcessorChecker -Bean 'org.springframework.cloud.netflix.metrics.MetricsInterceptorConfiguration$MetricsRestTemplateConfiguration' of type [org.springframework.cloud.netflix.metrics.MetricsInterceptorConfiguration$MetricsRestTemplateConfiguration$$EnhancerBySpringCGLIB$$342c7dba] is not eligible for getting processed by all BeanPostProcessors (for example: not eligible for auto-proxying)
2018-03-03 00:34:47.943 [restartedMain] INFO  o.s.c.s.PostProcessorRegistrationDelegate$BeanPostProcessorChecker -Bean 'org.springframework.cloud.autoconfigure.ConfigurationPropertiesRebinderAutoConfiguration' of type [org.springframework.cloud.autoconfigure.ConfigurationPropertiesRebinderAutoConfiguration$$EnhancerBySpringCGLIB$$1e19da76] is not eligible for getting processed by all BeanPostProcessors (for example: not eligible for auto-proxying)
2018-03-03 00:34:48.259 [restartedMain] INFO  org.eclipse.jetty.util.log -Logging initialized @10375ms to org.eclipse.jetty.util.log.Slf4jLog
2018-03-03 00:34:48.723 [restartedMain] INFO  o.s.b.c.e.j.JettyEmbeddedServletContainerFactory -Server initialized with port: 7003
2018-03-03 00:34:48.729 [restartedMain] INFO  org.eclipse.jetty.server.Server -jetty-9.4.5.v20170502
2018-03-03 00:34:49.141 [restartedMain] INFO  org.eclipse.jetty.server.session -DefaultSessionIdManager workerName=node0
2018-03-03 00:34:49.142 [restartedMain] INFO  org.eclipse.jetty.server.session -No SessionScavenger set, using defaults
2018-03-03 00:34:49.153 [restartedMain] INFO  org.eclipse.jetty.server.session -Scavenging every 660000ms
2018-03-03 00:34:49.171 [restartedMain] INFO  o.e.j.s.h.ContextHandler.application -Initializing Spring embedded WebApplicationContext
2018-03-03 00:34:49.172 [restartedMain] INFO  o.s.web.context.ContextLoader -Root WebApplicationContext: initialization completed in 4270 ms
2018-03-03 00:34:50.853 [restartedMain] INFO  o.s.b.w.s.FilterRegistrationBean -Mapping filter: 'metricsFilter' to: [/*]
2018-03-03 00:34:50.856 [restartedMain] INFO  o.s.b.w.s.FilterRegistrationBean -Mapping filter: 'characterEncodingFilter' to: [/*]
2018-03-03 00:34:50.860 [restartedMain] INFO  o.s.b.w.s.FilterRegistrationBean -Mapping filter: 'hiddenHttpMethodFilter' to: [/*]
2018-03-03 00:34:50.867 [restartedMain] INFO  o.s.b.w.s.FilterRegistrationBean -Mapping filter: 'httpPutFormContentFilter' to: [/*]
2018-03-03 00:34:50.870 [restartedMain] INFO  o.s.b.w.s.FilterRegistrationBean -Mapping filter: 'requestContextFilter' to: [/*]
2018-03-03 00:34:50.876 [restartedMain] INFO  o.s.b.w.s.DelegatingFilterProxyRegistrationBean -Mapping filter: 'springSecurityFilterChain' to: [/*]
2018-03-03 00:34:50.878 [restartedMain] INFO  o.s.b.w.s.FilterRegistrationBean -Mapping filter: 'webRequestTraceFilter' to: [/*]
2018-03-03 00:34:50.881 [restartedMain] INFO  o.s.b.w.s.FilterRegistrationBean -Mapping filter: 'servletContainer' to urls: [/eureka/*]
2018-03-03 00:34:50.882 [restartedMain] INFO  o.s.b.w.s.FilterRegistrationBean -Mapping filter: 'applicationContextIdFilter' to: [/*]
2018-03-03 00:34:50.884 [restartedMain] INFO  o.s.b.w.s.ServletRegistrationBean -Mapping servlet: 'dispatcherServlet' to [/]
2018-03-03 00:34:51.429 [restartedMain] INFO  o.e.j.server.handler.ContextHandler -Started o.s.b.c.e.j.JettyEmbeddedWebAppContext@562880a3{/,[file:///C:/Users/admin/AppData/Local/Temp/jetty-docbase.5862233071096080682.7003/],AVAILABLE}
2018-03-03 00:34:51.433 [restartedMain] INFO  org.eclipse.jetty.server.Server -Started @13550ms
2018-03-03 00:34:52.897 [restartedMain] INFO  o.s.w.s.m.m.a.RequestMappingHandlerAdapter -Looking for @ControllerAdvice: org.springframework.boot.context.embedded.AnnotationConfigEmbeddedWebApplicationContext@74a6e73: startup date [Sat Mar 03 00:34:44 CST 2018]; parent: org.springframework.context.annotation.AnnotationConfigApplicationContext@390a772
2018-03-03 00:34:53.222 [restartedMain] INFO  o.s.w.s.m.m.a.RequestMappingHandlerMapping -Mapped "{[/error]}" onto public org.springframework.http.ResponseEntity<java.util.Map<java.lang.String, java.lang.Object>> org.springframework.boot.autoconfigure.web.BasicErrorController.error(javax.servlet.http.HttpServletRequest)
2018-03-03 00:34:53.225 [restartedMain] INFO  o.s.w.s.m.m.a.RequestMappingHandlerMapping -Mapped "{[/error],produces=[text/html]}" onto public org.springframework.web.servlet.ModelAndView org.springframework.boot.autoconfigure.web.BasicErrorController.errorHtml(javax.servlet.http.HttpServletRequest,javax.servlet.http.HttpServletResponse)
2018-03-03 00:34:53.237 [restartedMain] INFO  o.s.w.s.m.m.a.RequestMappingHandlerMapping -Mapped "{[/],methods=[GET]}" onto public java.lang.String org.springframework.cloud.netflix.eureka.server.EurekaController.status(javax.servlet.http.HttpServletRequest,java.util.Map<java.lang.String, java.lang.Object>)
2018-03-03 00:34:53.238 [restartedMain] INFO  o.s.w.s.m.m.a.RequestMappingHandlerMapping -Mapped "{[/lastn],methods=[GET]}" onto public java.lang.String org.springframework.cloud.netflix.eureka.server.EurekaController.lastn(javax.servlet.http.HttpServletRequest,java.util.Map<java.lang.String, java.lang.Object>)
2018-03-03 00:34:53.309 [restartedMain] INFO  o.s.w.s.h.SimpleUrlHandlerMapping -Mapped URL path [/webjars/**] onto handler of type [class org.springframework.web.servlet.resource.ResourceHttpRequestHandler]
2018-03-03 00:34:53.310 [restartedMain] INFO  o.s.w.s.h.SimpleUrlHandlerMapping -Mapped URL path [/**] onto handler of type [class org.springframework.web.servlet.resource.ResourceHttpRequestHandler]
2018-03-03 00:34:53.396 [restartedMain] INFO  o.s.w.s.h.SimpleUrlHandlerMapping -Mapped URL path [/**/favicon.ico] onto handler of type [class org.springframework.web.servlet.resource.ResourceHttpRequestHandler]
2018-03-03 00:34:54.182 [restartedMain] INFO  o.s.s.web.DefaultSecurityFilterChain -Creating filter chain: OrRequestMatcher [requestMatchers=[Ant [pattern='/css/**'], Ant [pattern='/js/**'], Ant [pattern='/images/**'], Ant [pattern='/webjars/**'], Ant [pattern='/**/favicon.ico'], Ant [pattern='/error']]], []
2018-03-03 00:34:54.338 [restartedMain] INFO  o.s.s.web.DefaultSecurityFilterChain -Creating filter chain: org.springframework.boot.actuate.autoconfigure.ManagementWebSecurityAutoConfiguration$LazyEndpointPathRequestMatcher@584ea09e, [org.springframework.security.web.context.request.async.WebAsyncManagerIntegrationFilter@111e67e0, org.springframework.security.web.context.SecurityContextPersistenceFilter@465c6e17, org.springframework.security.web.header.HeaderWriterFilter@707866b6, org.springframework.security.web.authentication.logout.LogoutFilter@c444a26, org.springframework.security.web.authentication.www.BasicAuthenticationFilter@4bb04522, org.springframework.security.web.savedrequest.RequestCacheAwareFilter@396924a0, org.springframework.security.web.servletapi.SecurityContextHolderAwareRequestFilter@7009fb3b, org.springframework.security.web.authentication.AnonymousAuthenticationFilter@a3ae0f5, org.springframework.security.web.session.SessionManagementFilter@4dc6dd9, org.springframework.security.web.access.ExceptionTranslationFilter@5756ea48, org.springframework.security.web.access.intercept.FilterSecurityInterceptor@76dd57eb]
2018-03-03 00:34:54.359 [restartedMain] INFO  o.s.s.web.DefaultSecurityFilterChain -Creating filter chain: OrRequestMatcher [requestMatchers=[Ant [pattern='/**']]], [org.springframework.security.web.context.request.async.WebAsyncManagerIntegrationFilter@7ed98143, org.springframework.security.web.context.SecurityContextPersistenceFilter@25b2c398, org.springframework.security.web.header.HeaderWriterFilter@75ad321c, org.springframework.security.web.authentication.logout.LogoutFilter@2770cfbe, org.springframework.security.web.authentication.www.BasicAuthenticationFilter@14ed76cb, org.springframework.security.web.savedrequest.RequestCacheAwareFilter@3ce1ebe4, org.springframework.security.web.servletapi.SecurityContextHolderAwareRequestFilter@204013b6, org.springframework.security.web.authentication.AnonymousAuthenticationFilter@127434e3, org.springframework.security.web.session.SessionManagementFilter@670c176f, org.springframework.security.web.access.ExceptionTranslationFilter@65ff96bc, org.springframework.security.web.access.intercept.FilterSecurityInterceptor@599528d1]
2018-03-03 00:34:55.445 [restartedMain] INFO  o.s.b.a.e.mvc.EndpointHandlerMapping -Mapped "{[/beans || /beans.json],methods=[GET],produces=[application/vnd.spring-boot.actuator.v1+json || application/json]}" onto public java.lang.Object org.springframework.boot.actuate.endpoint.mvc.EndpointMvcAdapter.invoke()
2018-03-03 00:34:55.450 [restartedMain] INFO  o.s.b.a.e.mvc.EndpointHandlerMapping -Mapped "{[/features || /features.json],methods=[GET],produces=[application/vnd.spring-boot.actuator.v1+json || application/json]}" onto public java.lang.Object org.springframework.boot.actuate.endpoint.mvc.EndpointMvcAdapter.invoke()
2018-03-03 00:34:55.452 [restartedMain] INFO  o.s.b.a.e.mvc.EndpointHandlerMapping -Mapped "{[/heapdump || /heapdump.json],methods=[GET],produces=[application/octet-stream]}" onto public void org.springframework.boot.actuate.endpoint.mvc.HeapdumpMvcEndpoint.invoke(boolean,javax.servlet.http.HttpServletRequest,javax.servlet.http.HttpServletResponse) throws java.io.IOException,javax.servlet.ServletException
2018-03-03 00:34:55.458 [restartedMain] INFO  o.s.b.a.e.mvc.EndpointHandlerMapping -Mapped "{[/loggers/{name:.*}],methods=[GET],produces=[application/vnd.spring-boot.actuator.v1+json || application/json]}" onto public java.lang.Object org.springframework.boot.actuate.endpoint.mvc.LoggersMvcEndpoint.get(java.lang.String)
2018-03-03 00:34:55.459 [restartedMain] INFO  o.s.b.a.e.mvc.EndpointHandlerMapping -Mapped "{[/loggers/{name:.*}],methods=[POST],consumes=[application/vnd.spring-boot.actuator.v1+json || application/json],produces=[application/vnd.spring-boot.actuator.v1+json || application/json]}" onto public java.lang.Object org.springframework.boot.actuate.endpoint.mvc.LoggersMvcEndpoint.set(java.lang.String,java.util.Map<java.lang.String, java.lang.String>)
2018-03-03 00:34:55.461 [restartedMain] INFO  o.s.b.a.e.mvc.EndpointHandlerMapping -Mapped "{[/loggers || /loggers.json],methods=[GET],produces=[application/vnd.spring-boot.actuator.v1+json || application/json]}" onto public java.lang.Object org.springframework.boot.actuate.endpoint.mvc.EndpointMvcAdapter.invoke()
2018-03-03 00:34:55.463 [restartedMain] INFO  o.s.b.a.e.mvc.EndpointHandlerMapping -Mapped "{[/env/{name:.*}],methods=[GET],produces=[application/vnd.spring-boot.actuator.v1+json || application/json]}" onto public java.lang.Object org.springframework.boot.actuate.endpoint.mvc.EnvironmentMvcEndpoint.value(java.lang.String)
2018-03-03 00:34:55.465 [restartedMain] INFO  o.s.b.a.e.mvc.EndpointHandlerMapping -Mapped "{[/env || /env.json],methods=[GET],produces=[application/vnd.spring-boot.actuator.v1+json || application/json]}" onto public java.lang.Object org.springframework.boot.actuate.endpoint.mvc.EndpointMvcAdapter.invoke()
2018-03-03 00:34:55.497 [restartedMain] INFO  o.s.b.a.e.mvc.EndpointHandlerMapping -Mapped "{[/restart || /restart.json],methods=[POST]}" onto public java.lang.Object org.springframework.cloud.context.restart.RestartMvcEndpoint.invoke()
2018-03-03 00:34:55.502 [restartedMain] INFO  o.s.b.a.e.mvc.EndpointHandlerMapping -Mapped "{[/archaius || /archaius.json],methods=[GET],produces=[application/vnd.spring-boot.actuator.v1+json || application/json]}" onto public java.lang.Object org.springframework.boot.actuate.endpoint.mvc.EndpointMvcAdapter.invoke()
2018-03-03 00:34:55.504 [restartedMain] INFO  o.s.b.a.e.mvc.EndpointHandlerMapping -Mapped "{[/autoconfig || /autoconfig.json],methods=[GET],produces=[application/vnd.spring-boot.actuator.v1+json || application/json]}" onto public java.lang.Object org.springframework.boot.actuate.endpoint.mvc.EndpointMvcAdapter.invoke()
2018-03-03 00:34:55.507 [restartedMain] INFO  o.s.b.a.e.mvc.EndpointHandlerMapping -Mapped "{[/env],methods=[POST]}" onto public java.lang.Object org.springframework.cloud.context.environment.EnvironmentManagerMvcEndpoint.value(java.util.Map<java.lang.String, java.lang.String>)
2018-03-03 00:34:55.507 [restartedMain] INFO  o.s.b.a.e.mvc.EndpointHandlerMapping -Mapped "{[/env/reset],methods=[POST]}" onto public java.util.Map<java.lang.String, java.lang.Object> org.springframework.cloud.context.environment.EnvironmentManagerMvcEndpoint.reset()
2018-03-03 00:34:55.512 [restartedMain] INFO  o.s.b.a.e.mvc.EndpointHandlerMapping -Mapped "{[/service-registry/instance-status],methods=[GET]}" onto public org.springframework.http.ResponseEntity org.springframework.cloud.client.serviceregistry.endpoint.ServiceRegistryEndpoint.getStatus()
2018-03-03 00:34:55.515 [restartedMain] INFO  o.s.b.a.e.mvc.EndpointHandlerMapping -Mapped "{[/service-registry/instance-status],methods=[POST]}" onto public org.springframework.http.ResponseEntity<?> org.springframework.cloud.client.serviceregistry.endpoint.ServiceRegistryEndpoint.setStatus(java.lang.String)
2018-03-03 00:34:55.520 [restartedMain] INFO  o.s.b.a.e.mvc.EndpointHandlerMapping -Mapped "{[/resume || /resume.json],methods=[POST]}" onto public java.lang.Object org.springframework.cloud.endpoint.GenericPostableMvcEndpoint.invoke()
2018-03-03 00:34:55.522 [restartedMain] INFO  o.s.b.a.e.mvc.EndpointHandlerMapping -Mapped "{[/auditevents || /auditevents.json],methods=[GET],produces=[application/vnd.spring-boot.actuator.v1+json || application/json]}" onto public org.springframework.http.ResponseEntity<?> org.springframework.boot.actuate.endpoint.mvc.AuditEventsMvcEndpoint.findByPrincipalAndAfterAndType(java.lang.String,java.util.Date,java.lang.String)
2018-03-03 00:34:55.526 [restartedMain] INFO  o.s.b.a.e.mvc.EndpointHandlerMapping -Mapped "{[/info || /info.json],methods=[GET],produces=[application/vnd.spring-boot.actuator.v1+json || application/json]}" onto public java.lang.Object org.springframework.boot.actuate.endpoint.mvc.EndpointMvcAdapter.invoke()
2018-03-03 00:34:55.530 [restartedMain] INFO  o.s.b.a.e.mvc.EndpointHandlerMapping -Mapped "{[/pause || /pause.json],methods=[POST]}" onto public java.lang.Object org.springframework.cloud.endpoint.GenericPostableMvcEndpoint.invoke()
2018-03-03 00:34:55.532 [restartedMain] INFO  o.s.b.a.e.mvc.EndpointHandlerMapping -Mapped "{[/refresh || /refresh.json],methods=[POST]}" onto public java.lang.Object org.springframework.cloud.endpoint.GenericPostableMvcEndpoint.invoke()
2018-03-03 00:34:55.538 [restartedMain] INFO  o.s.b.a.e.mvc.EndpointHandlerMapping -Mapped "{[/metrics/{name:.*}],methods=[GET],produces=[application/vnd.spring-boot.actuator.v1+json || application/json]}" onto public java.lang.Object org.springframework.boot.actuate.endpoint.mvc.MetricsMvcEndpoint.value(java.lang.String)
2018-03-03 00:34:55.540 [restartedMain] INFO  o.s.b.a.e.mvc.EndpointHandlerMapping -Mapped "{[/metrics || /metrics.json],methods=[GET],produces=[application/vnd.spring-boot.actuator.v1+json || application/json]}" onto public java.lang.Object org.springframework.boot.actuate.endpoint.mvc.EndpointMvcAdapter.invoke()
2018-03-03 00:34:55.543 [restartedMain] INFO  o.s.b.a.e.mvc.EndpointHandlerMapping -Mapped "{[/dump || /dump.json],methods=[GET],produces=[application/vnd.spring-boot.actuator.v1+json || application/json]}" onto public java.lang.Object org.springframework.boot.actuate.endpoint.mvc.EndpointMvcAdapter.invoke()
2018-03-03 00:34:55.544 [restartedMain] INFO  o.s.b.a.e.mvc.EndpointHandlerMapping -Mapped "{[/health || /health.json],methods=[GET],produces=[application/vnd.spring-boot.actuator.v1+json || application/json]}" onto public java.lang.Object org.springframework.boot.actuate.endpoint.mvc.HealthMvcEndpoint.invoke(javax.servlet.http.HttpServletRequest,java.security.Principal)
2018-03-03 00:34:55.546 [restartedMain] INFO  o.s.b.a.e.mvc.EndpointHandlerMapping -Mapped "{[/configprops || /configprops.json],methods=[GET],produces=[application/vnd.spring-boot.actuator.v1+json || application/json]}" onto public java.lang.Object org.springframework.boot.actuate.endpoint.mvc.EndpointMvcAdapter.invoke()
2018-03-03 00:34:55.547 [restartedMain] INFO  o.s.b.a.e.mvc.EndpointHandlerMapping -Mapped "{[/mappings || /mappings.json],methods=[GET],produces=[application/vnd.spring-boot.actuator.v1+json || application/json]}" onto public java.lang.Object org.springframework.boot.actuate.endpoint.mvc.EndpointMvcAdapter.invoke()
2018-03-03 00:34:55.549 [restartedMain] INFO  o.s.b.a.e.mvc.EndpointHandlerMapping -Mapped "{[/trace || /trace.json],methods=[GET],produces=[application/vnd.spring-boot.actuator.v1+json || application/json]}" onto public java.lang.Object org.springframework.boot.actuate.endpoint.mvc.EndpointMvcAdapter.invoke()
2018-03-03 00:34:56.043 [restartedMain] INFO  o.s.u.f.SpringTemplateLoader -SpringTemplateLoader for FreeMarker: using resource loader [org.springframework.boot.context.embedded.AnnotationConfigEmbeddedWebApplicationContext@74a6e73: startup date [Sat Mar 03 00:34:44 CST 2018]; parent: org.springframework.context.annotation.AnnotationConfigApplicationContext@390a772] and template loader path [classpath:/templates/]
2018-03-03 00:34:56.046 [restartedMain] INFO  o.s.w.s.v.f.FreeMarkerConfigurer -ClassTemplateLoader for Spring macros added to FreeMarker configuration
2018-03-03 00:34:56.409 [restartedMain] WARN  o.s.b.d.a.OptionalLiveReloadServer -Unable to start LiveReload server
2018-03-03 00:34:56.742 [restartedMain] WARN  o.s.c.n.a.ArchaiusAutoConfiguration -No spring.application.name found, defaulting to 'application'
2018-03-03 00:34:56.754 [restartedMain] WARN  c.n.c.sources.URLConfigurationSource -No URLs will be polled as dynamic configuration sources.
2018-03-03 00:34:56.755 [restartedMain] INFO  c.n.c.sources.URLConfigurationSource -To enable URLs as dynamic configuration sources, define System property archaius.configurationSource.additionalUrls or make config.properties available on classpath.
2018-03-03 00:34:56.791 [restartedMain] WARN  c.n.c.sources.URLConfigurationSource -No URLs will be polled as dynamic configuration sources.
2018-03-03 00:34:56.791 [restartedMain] INFO  c.n.c.sources.URLConfigurationSource -To enable URLs as dynamic configuration sources, define System property archaius.configurationSource.additionalUrls or make config.properties available on classpath.
2018-03-03 00:34:57.295 [restartedMain] INFO  o.s.c.n.eureka.InstanceInfoFactory -Setting initial instance status as: STARTING
2018-03-03 00:34:57.398 [restartedMain] INFO  c.netflix.discovery.DiscoveryClient -Initializing Eureka in region us-east-1
2018-03-03 00:34:57.414 [restartedMain] INFO  c.netflix.discovery.DiscoveryClient -Client configured to neither register nor query for data.
2018-03-03 00:34:57.451 [restartedMain] INFO  c.netflix.discovery.DiscoveryClient -Discovery Client initialized at timestamp 1520008497451 with initial instances count: 0
2018-03-03 00:34:57.637 [restartedMain] INFO  c.n.e.DefaultEurekaServerContext -Initializing ...
2018-03-03 00:34:57.642 [restartedMain] INFO  c.n.eureka.cluster.PeerEurekaNodes -Adding new peer nodes [http://admin:caxinsjava@localhost:7001/eureka/, http://admin:caxinsjava@localhost:7002/eureka/]
2018-03-03 00:34:57.769 [restartedMain] INFO  c.n.d.p.DiscoveryJerseyProvider -Using JSON encoding codec LegacyJacksonJson
2018-03-03 00:34:57.770 [restartedMain] INFO  c.n.d.p.DiscoveryJerseyProvider -Using JSON decoding codec LegacyJacksonJson
2018-03-03 00:34:57.770 [restartedMain] INFO  c.n.d.p.DiscoveryJerseyProvider -Using XML encoding codec XStreamXml
2018-03-03 00:34:57.771 [restartedMain] INFO  c.n.d.p.DiscoveryJerseyProvider -Using XML decoding codec XStreamXml
2018-03-03 00:34:58.231 [restartedMain] INFO  c.n.d.p.DiscoveryJerseyProvider -Using JSON encoding codec LegacyJacksonJson
2018-03-03 00:34:58.232 [restartedMain] INFO  c.n.d.p.DiscoveryJerseyProvider -Using JSON decoding codec LegacyJacksonJson
2018-03-03 00:34:58.232 [restartedMain] INFO  c.n.d.p.DiscoveryJerseyProvider -Using XML encoding codec XStreamXml
2018-03-03 00:34:58.232 [restartedMain] INFO  c.n.d.p.DiscoveryJerseyProvider -Using XML decoding codec XStreamXml
2018-03-03 00:34:58.356 [restartedMain] INFO  c.n.eureka.cluster.PeerEurekaNodes -Replica node URL:  http://admin:caxinsjava@localhost:7001/eureka/
2018-03-03 00:34:58.356 [restartedMain] INFO  c.n.eureka.cluster.PeerEurekaNodes -Replica node URL:  http://admin:caxinsjava@localhost:7002/eureka/
2018-03-03 00:34:58.371 [restartedMain] INFO  c.n.e.r.AbstractInstanceRegistry -Finished initializing remote region registries. All known remote regions: []
2018-03-03 00:34:58.372 [restartedMain] INFO  c.n.e.DefaultEurekaServerContext -Initialized
2018-03-03 00:34:58.578 [restartedMain] INFO  o.s.j.e.a.AnnotationMBeanExporter -Registering beans for JMX exposure on startup
2018-03-03 00:34:58.602 [restartedMain] INFO  o.s.j.e.a.AnnotationMBeanExporter -Bean with name 'environmentManager' has been autodetected for JMX exposure
2018-03-03 00:34:58.608 [restartedMain] INFO  o.s.j.e.a.AnnotationMBeanExporter -Bean with name 'configurationPropertiesRebinder' has been autodetected for JMX exposure
2018-03-03 00:34:58.609 [restartedMain] INFO  o.s.j.e.a.AnnotationMBeanExporter -Bean with name 'refreshEndpoint' has been autodetected for JMX exposure
2018-03-03 00:34:58.611 [restartedMain] INFO  o.s.j.e.a.AnnotationMBeanExporter -Bean with name 'restartEndpoint' has been autodetected for JMX exposure
2018-03-03 00:34:58.614 [restartedMain] INFO  o.s.j.e.a.AnnotationMBeanExporter -Bean with name 'serviceRegistryEndpoint' has been autodetected for JMX exposure
2018-03-03 00:34:58.616 [restartedMain] INFO  o.s.j.e.a.AnnotationMBeanExporter -Bean with name 'refreshScope' has been autodetected for JMX exposure
2018-03-03 00:34:58.622 [restartedMain] INFO  o.s.j.e.a.AnnotationMBeanExporter -Located managed bean 'environmentManager': registering with JMX server as MBean [org.springframework.cloud.context.environment:name=environmentManager,type=EnvironmentManager]
2018-03-03 00:34:58.646 [restartedMain] INFO  o.s.j.e.a.AnnotationMBeanExporter -Located managed bean 'restartEndpoint': registering with JMX server as MBean [org.springframework.cloud.context.restart:name=restartEndpoint,type=RestartEndpoint]
2018-03-03 00:34:58.693 [restartedMain] INFO  o.s.j.e.a.AnnotationMBeanExporter -Located managed bean 'serviceRegistryEndpoint': registering with JMX server as MBean [org.springframework.cloud.client.serviceregistry.endpoint:name=serviceRegistryEndpoint,type=ServiceRegistryEndpoint]
2018-03-03 00:34:58.714 [restartedMain] INFO  o.s.j.e.a.AnnotationMBeanExporter -Located managed bean 'refreshScope': registering with JMX server as MBean [org.springframework.cloud.context.scope.refresh:name=refreshScope,type=RefreshScope]
2018-03-03 00:34:58.737 [restartedMain] INFO  o.s.j.e.a.AnnotationMBeanExporter -Located managed bean 'configurationPropertiesRebinder': registering with JMX server as MBean [org.springframework.cloud.context.properties:name=configurationPropertiesRebinder,context=74a6e73,type=ConfigurationPropertiesRebinder]
2018-03-03 00:34:58.748 [restartedMain] INFO  o.s.j.e.a.AnnotationMBeanExporter -Located managed bean 'refreshEndpoint': registering with JMX server as MBean [org.springframework.cloud.endpoint:name=refreshEndpoint,type=RefreshEndpoint]
2018-03-03 00:34:59.208 [restartedMain] INFO  o.s.c.s.DefaultLifecycleProcessor -Starting beans in phase 0
2018-03-03 00:34:59.210 [restartedMain] INFO  o.s.c.n.e.s.EurekaServiceRegistry -Registering application unknown with eureka with status UP
2018-03-03 00:34:59.289 [Thread-32] INFO  o.s.c.n.e.s.EurekaServerBootstrap -Setting the eureka configuration..
2018-03-03 00:34:59.311 [Thread-32] INFO  o.s.c.n.e.s.EurekaServerBootstrap -Eureka data center value eureka.datacenter is not set, defaulting to default
2018-03-03 00:34:59.312 [Thread-32] INFO  o.s.c.n.e.s.EurekaServerBootstrap -Eureka environment value eureka.environment is not set, defaulting to test
2018-03-03 00:34:59.356 [Thread-32] INFO  o.s.c.n.e.s.EurekaServerBootstrap -isAws returned false
2018-03-03 00:34:59.356 [Thread-32] INFO  o.s.c.n.e.s.EurekaServerBootstrap -Initialized server context
2018-03-03 00:34:59.357 [Thread-32] INFO  c.n.e.r.PeerAwareInstanceRegistryImpl -Got 1 instances from neighboring DS node
2018-03-03 00:34:59.357 [Thread-32] INFO  c.n.e.r.PeerAwareInstanceRegistryImpl -Renew threshold is: 1
2018-03-03 00:34:59.358 [Thread-32] INFO  c.n.e.r.PeerAwareInstanceRegistryImpl -Changing status to UP
2018-03-03 00:34:59.388 [Thread-32] INFO  o.s.c.n.e.s.EurekaServerInitializerConfiguration -Started Eureka Server
2018-03-03 00:34:59.456 [restartedMain] INFO  c.s.j.s.i.a.WebApplicationImpl -Initiating Jersey application, version 'Jersey: 1.19.1 03/11/2016 02:08 PM'
2018-03-03 00:34:59.527 [restartedMain] INFO  c.n.d.p.DiscoveryJerseyProvider -Using JSON encoding codec LegacyJacksonJson
2018-03-03 00:34:59.528 [restartedMain] INFO  c.n.d.p.DiscoveryJerseyProvider -Using JSON decoding codec LegacyJacksonJson
2018-03-03 00:34:59.531 [restartedMain] INFO  c.n.d.p.DiscoveryJerseyProvider -Using XML encoding codec XStreamXml
2018-03-03 00:34:59.532 [restartedMain] INFO  c.n.d.p.DiscoveryJerseyProvider -Using XML decoding codec XStreamXml
2018-03-03 00:35:00.064 [restartedMain] INFO  o.e.j.s.h.ContextHandler.application -Initializing Spring FrameworkServlet 'dispatcherServlet'
2018-03-03 00:35:00.064 [restartedMain] INFO  o.s.web.servlet.DispatcherServlet -FrameworkServlet 'dispatcherServlet': initialization started
2018-03-03 00:35:00.089 [restartedMain] INFO  o.s.web.servlet.DispatcherServlet -FrameworkServlet 'dispatcherServlet': initialization completed in 23 ms
2018-03-03 00:35:00.117 [restartedMain] INFO  o.e.jetty.server.AbstractConnector -Started ServerConnector@508f11d7{HTTP/1.1,[http/1.1]}{0.0.0.0:7003}
2018-03-03 00:35:00.125 [restartedMain] INFO  o.s.b.c.e.j.JettyEmbeddedServletContainer -Jetty started on port(s) 7003 (http/1.1)
2018-03-03 00:35:00.127 [restartedMain] INFO  o.s.c.n.e.s.EurekaAutoServiceRegistration -Updating port to 7003
2018-03-03 00:35:00.142 [restartedMain] INFO  c.c.m.Eureka_7003_StartSpringCloudApplication -Started Eureka_7003_StartSpringCloudApplication in 20.345 seconds (JVM running for 22.258)
2018-03-03 00:40:43.746 [qtp1060132081-28] WARN  c.n.e.r.AbstractInstanceRegistry -DS: Registry: lease doesn't exist, registering resource: MICROCLOUD-PROVIDER-DEPT - dept-8001.com
2018-03-03 00:40:43.825 [qtp1060132081-28] WARN  c.n.e.resources.InstanceResource -Not Found (Renew): MICROCLOUD-PROVIDER-DEPT - dept-8001.com
2018-03-03 00:40:43.881 [qtp1060132081-32] WARN  c.n.e.r.AbstractInstanceRegistry -DS: Registry: lease doesn't exist, registering resource: MICROCLOUD-PROVIDER-DEPT - dept-8001.com
2018-03-03 00:40:43.881 [qtp1060132081-32] WARN  c.n.e.resources.InstanceResource -Not Found (Renew): MICROCLOUD-PROVIDER-DEPT - dept-8001.com
2018-03-03 00:40:44.018 [qtp1060132081-30] INFO  c.n.e.r.AbstractInstanceRegistry -Registered instance MICROCLOUD-PROVIDER-DEPT/dept-8001.com with status UP (replication=true)
2018-03-03 00:40:44.582 [qtp1060132081-25] INFO  c.n.e.r.AbstractInstanceRegistry -Registered instance MICROCLOUD-PROVIDER-DEPT/dept-8001.com with status UP (replication=true)
2018-03-03 00:44:59.368 [Eureka-EvictionTimer] INFO  c.n.e.r.AbstractInstanceRegistry -Running the evict task with compensationTime 0ms
2018-03-03 00:49:58.374 [ReplicaAwareInstanceRegistry - RenewalThresholdUpdater] INFO  c.n.e.r.PeerAwareInstanceRegistryImpl -Current renewal threshold is : 0
2018-03-03 00:54:59.472 [Eureka-EvictionTimer] INFO  c.n.e.r.AbstractInstanceRegistry -Running the evict task with compensationTime 105ms
